[ 2016-05-26T08:32:27+08:00 ] ::1 /ProJ/ccblog/Application/Public/Home/css/%7B$Think.const.FONTS_URL%7Dfontawesome-webfont.woff?v=4.2.0
INFO: [ app_init ] --START--
INFO: Run Behavior\BuildLiteBehavior [ RunTime:0.000000s ]
INFO: [ app_init ] --END-- [ RunTime:0.000000s ]
ERR: 无法加载模块:Application

[ 2016-05-26T08:32:28+08:00 ] ::1 /ProJ/ccblog/Application/Public/Home/Images/overlay.png
INFO: [ app_init ] --START--
INFO: Run Behavior\BuildLiteBehavior [ RunTime:0.000000s ]
INFO: [ app_init ] --END-- [ RunTime:0.002500s ]
ERR: 无法加载模块:Application

[ 2016-05-26T08:32:28+08:00 ] ::1 /ProJ/ccblog/Application/Public/Home/css/%7B$Think.const.FONTS_URL%7Dfontawesome-webfont.ttf?v=4.2.0
INFO: [ app_init ] --START--
INFO: Run Behavior\BuildLiteBehavior [ RunTime:0.000000s ]
INFO: [ app_init ] --END-- [ RunTime:0.002500s ]
ERR: 无法加载模块:Application

[ 2016-05-26T08:32:39+08:00 ] ::1 /ProJ/ccblog/Avatar/$_SESSION[useremail]/avatar_100.jpg
INFO: [ app_init ] --START--
INFO: Run Behavior\BuildLiteBehavior [ RunTime:0.000000s ]
INFO: [ app_init ] --END-- [ RunTime:0.007500s ]
ERR: 无法加载模块:Avatar

[ 2016-05-26T08:32:39+08:00 ] ::1 /ProJ/ccblog/Avatar/$_SESSION[useremail]/avatar_100.jpg
INFO: [ app_init ] --START--
INFO: Run Behavior\BuildLiteBehavior [ RunTime:0.000000s ]
INFO: [ app_init ] --END-- [ RunTime:0.007500s ]
ERR: 无法加载模块:Avatar

[ 2016-05-26T08:32:54+08:00 ] ::1 /ProJ/ccblog/Avatar/$_SESSION[useremail]/avatar_100.jpg
INFO: [ app_init ] --START--
INFO: Run Behavior\BuildLiteBehavior [ RunTime:0.000000s ]
INFO: [ app_init ] --END-- [ RunTime:0.000000s ]
ERR: 无法加载模块:Avatar

[ 2016-05-26T08:34:37+08:00 ] ::1 /ProJ/ccblog/Avatar/$_SESSION[useremail]/avatar_100.jpg
INFO: [ app_init ] --START--
INFO: Run Behavior\BuildLiteBehavior [ RunTime:0.000000s ]
INFO: [ app_init ] --END-- [ RunTime:0.000000s ]
ERR: 无法加载模块:Avatar

[ 2016-05-26T08:34:37+08:00 ] ::1 /ProJ/ccblog/Avatar/$_SESSION[useremail]/avatar_100.jpg
INFO: [ app_init ] --START--
INFO: Run Behavior\BuildLiteBehavior [ RunTime:0.000000s ]
INFO: [ app_init ] --END-- [ RunTime:0.007500s ]
ERR: 无法加载模块:Avatar

[ 2016-05-26T08:34:43+08:00 ] ::1 /ProJ/ccblog/Avatar/$_SESSION[useremail]/avatar_100.jpg
INFO: [ app_init ] --START--
INFO: Run Behavior\BuildLiteBehavior [ RunTime:0.000000s ]
INFO: [ app_init ] --END-- [ RunTime:0.000000s ]
ERR: 无法加载模块:Avatar

[ 2016-05-26T08:34:55+08:00 ] ::1 /ProJ/ccblog/Avatar/$_SESSION[useremail]/avatar_100.jpg
INFO: [ app_init ] --START--
INFO: Run Behavior\BuildLiteBehavior [ RunTime:0.000000s ]
INFO: [ app_init ] --END-- [ RunTime:0.000000s ]
ERR: 无法加载模块:Avatar

[ 2016-05-26T08:38:39+08:00 ] ::1 /ProJ/ccblog/Avatar/$_SESSION[useremail]/avatar_100.jpg
INFO: [ app_init ] --START--
INFO: Run Behavior\BuildLiteBehavior [ RunTime:0.000000s ]
INFO: [ app_init ] --END-- [ RunTime:0.000000s ]
ERR: 无法加载模块:Avatar

[ 2016-05-26T08:39:17+08:00 ] ::1 /ProJ/ccblog/Avatar/$_SESSION[useremail]/avatar_100.jpg
INFO: [ app_init ] --START--
INFO: Run Behavior\BuildLiteBehavior [ RunTime:0.000000s ]
INFO: [ app_init ] --END-- [ RunTime:0.015000s ]
ERR: 无法加载模块:Avatar

[ 2016-05-26T08:39:28+08:00 ] ::1 /ProJ/ccblog/Avatar/$_SESSION[useremail]/avatar_100.jpg
INFO: [ app_init ] --START--
INFO: Run Behavior\BuildLiteBehavior [ RunTime:0.007500s ]
INFO: [ app_init ] --END-- [ RunTime:0.007500s ]
ERR: 无法加载模块:Avatar

[ 2016-05-26T08:40:38+08:00 ] ::1 /ProJ/ccblog/Avatar/$_SESSION[useremail]/avatar_100.jpg
INFO: [ app_init ] --START--
INFO: Run Behavior\BuildLiteBehavior [ RunTime:0.000000s ]
INFO: [ app_init ] --END-- [ RunTime:0.005000s ]
ERR: 无法加载模块:Avatar

[ 2016-05-26T08:40:47+08:00 ] ::1 /ProJ/ccblog/Avatar/$_SESSION[useremail]/avatar_100.jpg
INFO: [ app_init ] --START--
INFO: Run Behavior\BuildLiteBehavior [ RunTime:0.000000s ]
INFO: [ app_init ] --END-- [ RunTime:0.000000s ]
ERR: 无法加载模块:Avatar

[ 2016-05-26T08:40:55+08:00 ] ::1 /ProJ/ccblog/Avatar/$_SESSION[useremail]/avatar_100.jpg
INFO: [ app_init ] --START--
INFO: Run Behavior\BuildLiteBehavior [ RunTime:0.000000s ]
INFO: [ app_init ] --END-- [ RunTime:0.002500s ]
ERR: 无法加载模块:Avatar

[ 2016-05-26T08:41:03+08:00 ] ::1 /ProJ/ccblog/Avatar/$_SESSION[useremail]/avatar_100.jpg
INFO: [ app_init ] --START--
INFO: Run Behavior\BuildLiteBehavior [ RunTime:0.000000s ]
INFO: [ app_init ] --END-- [ RunTime:0.002500s ]
ERR: 无法加载模块:Avatar

[ 2016-05-26T08:44:23+08:00 ] ::1 /ProJ/ccblog/Avatar/$_SESSION[useremail]/avatar_100.jpg
INFO: [ app_init ] --START--
INFO: Run Behavior\BuildLiteBehavior [ RunTime:0.000000s ]
INFO: [ app_init ] --END-- [ RunTime:0.002500s ]
ERR: 无法加载模块:Avatar

[ 2016-05-26T08:44:23+08:00 ] ::1 /ProJ/ccblog/Avatar/$_SESSION[useremail]/avatar_100.jpg
INFO: [ app_init ] --START--
INFO: Run Behavior\BuildLiteBehavior [ RunTime:0.000000s ]
INFO: [ app_init ] --END-- [ RunTime:0.002500s ]
ERR: 无法加载模块:Avatar

[ 2016-05-26T08:45:11+08:00 ] ::1 /ProJ/ccblog/Avatar/$_SESSION[useremail]/avatar_100.jpg
INFO: [ app_init ] --START--
INFO: Run Behavior\BuildLiteBehavior [ RunTime:0.000000s ]
INFO: [ app_init ] --END-- [ RunTime:0.000000s ]
ERR: 无法加载模块:Avatar

[ 2016-05-26T08:45:11+08:00 ] ::1 /ProJ/ccblog/Avatar/$_SESSION[useremail]/avatar_100.jpg
INFO: [ app_init ] --START--
INFO: Run Behavior\BuildLiteBehavior [ RunTime:0.000000s ]
INFO: [ app_init ] --END-- [ RunTime:0.002500s ]
ERR: 无法加载模块:Avatar

[ 2016-05-26T08:45:16+08:00 ] ::1 /ProJ/ccblog/Avatar/$_SESSION[useremail]/temp.jpg?random=0.6700139805857683
INFO: [ app_init ] --START--
INFO: Run Behavior\BuildLiteBehavior [ RunTime:0.000000s ]
INFO: [ app_init ] --END-- [ RunTime:0.002501s ]
ERR: 无法加载模块:Avatar

[ 2016-05-26T08:45:16+08:00 ] ::1 /ProJ/ccblog/Avatar/$_SESSION[useremail]/temp.jpg?random=0.36385921405261645
INFO: [ app_init ] --START--
INFO: Run Behavior\BuildLiteBehavior [ RunTime:0.000000s ]
INFO: [ app_init ] --END-- [ RunTime:0.002500s ]
ERR: 无法加载模块:Avatar

[ 2016-05-26T08:45:16+08:00 ] ::1 /ProJ/ccblog/Avatar/$_SESSION[useremail]/temp.jpg?random=0.828931763946809
INFO: [ app_init ] --START--
INFO: Run Behavior\BuildLiteBehavior [ RunTime:0.000000s ]
INFO: [ app_init ] --END-- [ RunTime:0.002500s ]
ERR: 无法加载模块:Avatar

[ 2016-05-26T08:47:17+08:00 ] ::1 /ProJ/ccblog/Avatar/$_SESSION[useremail]/avatar_100.jpg
INFO: [ app_init ] --START--
INFO: Run Behavior\BuildLiteBehavior [ RunTime:0.000000s ]
INFO: [ app_init ] --END-- [ RunTime:0.007500s ]
ERR: 无法加载模块:Avatar

[ 2016-05-26T08:47:22+08:00 ] ::1 /ProJ/ccblog/Avatar/$_SESSION[useremail]/temp.jpg?random=0.1582898929982457
INFO: [ app_init ] --START--
INFO: Run Behavior\BuildLiteBehavior [ RunTime:0.002500s ]
INFO: [ app_init ] --END-- [ RunTime:0.002500s ]
ERR: 无法加载模块:Avatar

[ 2016-05-26T08:47:22+08:00 ] ::1 /ProJ/ccblog/Avatar/$_SESSION[useremail]/temp.jpg?random=0.5070932004642312
INFO: [ app_init ] --START--
INFO: Run Behavior\BuildLiteBehavior [ RunTime:0.000000s ]
INFO: [ app_init ] --END-- [ RunTime:0.002500s ]
ERR: 无法加载模块:Avatar

[ 2016-05-26T08:47:22+08:00 ] ::1 /ProJ/ccblog/Avatar/$_SESSION[useremail]/temp.jpg?random=0.7500171459155391
INFO: [ app_init ] --START--
INFO: Run Behavior\BuildLiteBehavior [ RunTime:0.000000s ]
INFO: [ app_init ] --END-- [ RunTime:0.002500s ]
ERR: 无法加载模块:Avatar

[ 2016-05-26T08:48:56+08:00 ] 127.0.0.1 /ProJ/ccblog/Avatar/$_SESSION[useremail]/avatar_100.jpg
INFO: [ app_init ] --START--
INFO: Run Behavior\BuildLiteBehavior [ RunTime:0.000000s ]
INFO: [ app_init ] --END-- [ RunTime:0.002500s ]
ERR: 无法加载模块:Avatar

[ 2016-05-26T09:03:11+08:00 ] 127.0.0.1 /ProJ/ccblog/Avatar/$_SESSION[useremail]/avatar_100.jpg
INFO: [ app_init ] --START--
INFO: Run Behavior\BuildLiteBehavior [ RunTime:0.000000s ]
INFO: [ app_init ] --END-- [ RunTime:0.002500s ]
ERR: 无法加载模块:Avatar

[ 2016-05-26T09:03:48+08:00 ] ::1 /ProJ/ccblog/Avatar/$_SESSION[useremail]/avatar_100.jpg
INFO: [ app_init ] --START--
INFO: Run Behavior\BuildLiteBehavior [ RunTime:0.000000s ]
INFO: [ app_init ] --END-- [ RunTime:0.002500s ]
ERR: 无法加载模块:Avatar

[ 2016-05-26T09:03:48+08:00 ] ::1 /ProJ/ccblog/Avatar/$_SESSION[useremail]/avatar_100.jpg
INFO: [ app_init ] --START--
INFO: Run Behavior\BuildLiteBehavior [ RunTime:0.000000s ]
INFO: [ app_init ] --END-- [ RunTime:0.000000s ]
ERR: 无法加载模块:Avatar

[ 2016-05-26T09:03:52+08:00 ] ::1 /ProJ/ccblog/Avatar/$_SESSION[useremail]/temp.jpg?random=0.8887551650266818
INFO: [ app_init ] --START--
INFO: Run Behavior\BuildLiteBehavior [ RunTime:0.000000s ]
INFO: [ app_init ] --END-- [ RunTime:0.002500s ]
ERR: 无法加载模块:Avatar

[ 2016-05-26T09:03:52+08:00 ] ::1 /ProJ/ccblog/Avatar/$_SESSION[useremail]/temp.jpg?random=0.2099213145996821
INFO: [ app_init ] --START--
INFO: Run Behavior\BuildLiteBehavior [ RunTime:0.000000s ]
INFO: [ app_init ] --END-- [ RunTime:0.002500s ]
ERR: 无法加载模块:Avatar

[ 2016-05-26T09:03:52+08:00 ] ::1 /ProJ/ccblog/Avatar/$_SESSION[useremail]/temp.jpg?random=0.2714973881885565
INFO: [ app_init ] --START--
INFO: Run Behavior\BuildLiteBehavior [ RunTime:0.000000s ]
INFO: [ app_init ] --END-- [ RunTime:0.005000s ]
ERR: 无法加载模块:Avatar

[ 2016-05-26T09:06:58+08:00 ] ::1 /ProJ/ccblog/Avatar/$_SESSION[useremail]/avatar_100.jpg
INFO: [ app_init ] --START--
INFO: Run Behavior\BuildLiteBehavior [ RunTime:0.000000s ]
INFO: [ app_init ] --END-- [ RunTime:0.000000s ]
ERR: 无法加载模块:Avatar

[ 2016-05-26T09:07:11+08:00 ] ::1 /ProJ/ccblog/Avatar/$_SESSION[useremail]/avatar_100.jpg
INFO: [ app_init ] --START--
INFO: Run Behavior\BuildLiteBehavior [ RunTime:0.000000s ]
INFO: [ app_init ] --END-- [ RunTime:0.002500s ]
ERR: 无法加载模块:Avatar

[ 2016-05-26T09:09:13+08:00 ] 127.0.0.1 /ProJ/ccblog/Avatar/$_SESSION[useremail]/avatar_100.jpg
INFO: [ app_init ] --START--
INFO: Run Behavior\BuildLiteBehavior [ RunTime:0.000000s ]
INFO: [ app_init ] --END-- [ RunTime:0.000000s ]
ERR: 无法加载模块:Avatar

[ 2016-05-26T12:37:59+08:00 ] ::1 /ProJ/ccblog/Application/Public/Home/css/%7B$Think.const.FONTS_URL%7Dfontawesome-webfont.woff?v=4.2.0
INFO: [ app_init ] --START--
INFO: Run Behavior\BuildLiteBehavior [ RunTime:0.000000s ]
INFO: [ app_init ] --END-- [ RunTime:0.003001s ]
ERR: 无法加载模块:Application

[ 2016-05-26T12:37:59+08:00 ] ::1 /ProJ/ccblog/Application/Public/Home/Images/overlay.png
INFO: [ app_init ] --START--
INFO: Run Behavior\BuildLiteBehavior [ RunTime:0.000000s ]
INFO: [ app_init ] --END-- [ RunTime:0.004000s ]
ERR: 无法加载模块:Application

[ 2016-05-26T12:38:00+08:00 ] ::1 /ProJ/ccblog/Application/Public/Home/css/%7B$Think.const.FONTS_URL%7Dfontawesome-webfont.ttf?v=4.2.0
INFO: [ app_init ] --START--
INFO: Run Behavior\BuildLiteBehavior [ RunTime:0.000000s ]
INFO: [ app_init ] --END-- [ RunTime:0.012001s ]
ERR: 无法加载模块:Application

[ 2016-05-26T12:38:05+08:00 ] ::1 /ProJ/ccblog/Application/Public/Home/css/%7B$Think.const.FONTS_URL%7Dfontawesome-webfont.woff?v=4.2.0
INFO: [ app_init ] --START--
INFO: Run Behavior\BuildLiteBehavior [ RunTime:0.000000s ]
INFO: [ app_init ] --END-- [ RunTime:0.008000s ]
ERR: 无法加载模块:Application

[ 2016-05-26T12:38:05+08:00 ] ::1 /ProJ/ccblog/Application/Public/Home/css/%7B$Think.const.FONTS_URL%7Dfontawesome-webfont.ttf?v=4.2.0
INFO: [ app_init ] --START--
INFO: Run Behavior\BuildLiteBehavior [ RunTime:0.000000s ]
INFO: [ app_init ] --END-- [ RunTime:0.002000s ]
ERR: 无法加载模块:Application

[ 2016-05-26T12:38:05+08:00 ] ::1 /ProJ/ccblog/Application/Public/Home/Images/overlay.png
INFO: [ app_init ] --START--
INFO: Run Behavior\BuildLiteBehavior [ RunTime:0.000000s ]
INFO: [ app_init ] --END-- [ RunTime:0.003000s ]
ERR: 无法加载模块:Application

[ 2016-05-26T14:03:25+08:00 ] ::1 /ProJ/ccblog/Application/Public/Home/Images/overlay.png
INFO: [ app_init ] --START--
INFO: Run Behavior\BuildLiteBehavior [ RunTime:0.000000s ]
INFO: [ app_init ] --END-- [ RunTime:0.002000s ]
ERR: 无法加载模块:Application

[ 2016-05-26T14:03:25+08:00 ] ::1 /ProJ/ccblog/Application/Public/Home/css/%7B$Think.const.FONTS_URL%7Dfontawesome-webfont.woff?v=4.2.0
INFO: [ app_init ] --START--
INFO: Run Behavior\BuildLiteBehavior [ RunTime:0.000000s ]
INFO: [ app_init ] --END-- [ RunTime:0.008000s ]
ERR: 无法加载模块:Application

[ 2016-05-26T14:03:25+08:00 ] ::1 /ProJ/ccblog/Application/Public/Home/css/%7B$Think.const.FONTS_URL%7Dfontawesome-webfont.ttf?v=4.2.0
INFO: [ app_init ] --START--
INFO: Run Behavior\BuildLiteBehavior [ RunTime:0.000000s ]
INFO: [ app_init ] --END-- [ RunTime:0.001000s ]
ERR: 无法加载模块:Application

[ 2016-05-26T14:04:17+08:00 ] ::1 /ProJ/ccblog/Application/Public/Home/css/%7B$Think.const.FONTS_URL%7Dfontawesome-webfont.woff?v=4.2.0
INFO: [ app_init ] --START--
INFO: Run Behavior\BuildLiteBehavior [ RunTime:0.000000s ]
INFO: [ app_init ] --END-- [ RunTime:0.001000s ]
ERR: 无法加载模块:Application

[ 2016-05-26T14:04:18+08:00 ] ::1 /ProJ/ccblog/Application/Public/Home/Images/overlay.png
INFO: [ app_init ] --START--
INFO: Run Behavior\BuildLiteBehavior [ RunTime:0.000000s ]
INFO: [ app_init ] --END-- [ RunTime:0.001000s ]
ERR: 无法加载模块:Application

[ 2016-05-26T14:04:18+08:00 ] ::1 /ProJ/ccblog/Application/Public/Home/css/%7B$Think.const.FONTS_URL%7Dfontawesome-webfont.ttf?v=4.2.0
INFO: [ app_init ] --START--
INFO: Run Behavior\BuildLiteBehavior [ RunTime:0.000000s ]
INFO: [ app_init ] --END-- [ RunTime:0.001000s ]
ERR: 无法加载模块:Application

[ 2016-05-26T14:07:16+08:00 ] ::1 /ProJ/ccblog/Avatar/1667901838@qq.com/avatar_100.jpg
INFO: [ app_init ] --START--
INFO: Run Behavior\BuildLiteBehavior [ RunTime:0.000000s ]
INFO: [ app_init ] --END-- [ RunTime:0.002001s ]
ERR: 无法加载模块:Avatar

[ 2016-05-26T14:07:17+08:00 ] ::1 /ProJ/ccblog/Avatar/1667901838@qq.com/avatar_100.jpg
INFO: [ app_init ] --START--
INFO: Run Behavior\BuildLiteBehavior [ RunTime:0.000000s ]
INFO: [ app_init ] --END-- [ RunTime:0.002000s ]
ERR: 无法加载模块:Avatar

[ 2016-05-26T14:08:55+08:00 ] ::1 /ProJ/ccblog/Application/Public/Home/css/%7B$Think.const.FONTS_URL%7Dfontawesome-webfont.woff?v=4.2.0
INFO: [ app_init ] --START--
INFO: Run Behavior\BuildLiteBehavior [ RunTime:0.000000s ]
INFO: [ app_init ] --END-- [ RunTime:0.011000s ]
ERR: 无法加载模块:Application

[ 2016-05-26T14:08:55+08:00 ] ::1 /ProJ/ccblog/Application/Public/Home/Images/overlay.png
INFO: [ app_init ] --START--
INFO: Run Behavior\BuildLiteBehavior [ RunTime:0.000000s ]
INFO: [ app_init ] --END-- [ RunTime:0.001000s ]
ERR: 无法加载模块:Application

[ 2016-05-26T14:08:55+08:00 ] ::1 /ProJ/ccblog/Application/Public/Home/css/%7B$Think.const.FONTS_URL%7Dfontawesome-webfont.ttf?v=4.2.0
INFO: [ app_init ] --START--
INFO: Run Behavior\BuildLiteBehavior [ RunTime:0.000000s ]
INFO: [ app_init ] --END-- [ RunTime:0.001000s ]
ERR: 无法加载模块:Application

[ 2016-05-26T14:09:38+08:00 ] ::1 /ProJ/ccblog/Application/Public/Home/css/%7B$Think.const.FONTS_URL%7Dfontawesome-webfont.woff?v=4.2.0
INFO: [ app_init ] --START--
INFO: Run Behavior\BuildLiteBehavior [ RunTime:0.000000s ]
INFO: [ app_init ] --END-- [ RunTime:0.001000s ]
ERR: 无法加载模块:Application

[ 2016-05-26T14:09:39+08:00 ] ::1 /ProJ/ccblog/Application/Public/Home/css/%7B$Think.const.FONTS_URL%7Dfontawesome-webfont.ttf?v=4.2.0
INFO: [ app_init ] --START--
INFO: Run Behavior\BuildLiteBehavior [ RunTime:0.000000s ]
INFO: [ app_init ] --END-- [ RunTime:0.039002s ]
ERR: 无法加载模块:Application

[ 2016-05-26T14:09:39+08:00 ] ::1 /ProJ/ccblog/Application/Public/Home/Images/overlay.png
INFO: [ app_init ] --START--
INFO: Run Behavior\BuildLiteBehavior [ RunTime:0.000000s ]
INFO: [ app_init ] --END-- [ RunTime:0.008001s ]
ERR: 无法加载模块:Application

[ 2016-05-26T14:16:57+08:00 ] ::1 /ProJ/ccblog/Application/Public/Home/Images/overlay.png
INFO: [ app_init ] --START--
INFO: Run Behavior\BuildLiteBehavior [ RunTime:0.000000s ]
INFO: [ app_init ] --END-- [ RunTime:0.002000s ]
ERR: 无法加载模块:Application

[ 2016-05-26T14:16:57+08:00 ] ::1 /ProJ/ccblog/Application/Public/Home/css/%7B$Think.const.FONTS_URL%7Dfontawesome-webfont.woff?v=4.2.0
INFO: [ app_init ] --START--
INFO: Run Behavior\BuildLiteBehavior [ RunTime:0.000000s ]
INFO: [ app_init ] --END-- [ RunTime:0.002000s ]
ERR: 无法加载模块:Application

[ 2016-05-26T14:16:58+08:00 ] ::1 /ProJ/ccblog/Application/Public/Home/css/%7B$Think.const.FONTS_URL%7Dfontawesome-webfont.ttf?v=4.2.0
INFO: [ app_init ] --START--
INFO: Run Behavior\BuildLiteBehavior [ RunTime:0.000000s ]
INFO: [ app_init ] --END-- [ RunTime:0.002000s ]
ERR: 无法加载模块:Application

[ 2016-05-26T14:17:17+08:00 ] ::1 /ProJ/ccblog/Application/Public/Home/css/%7B$Think.const.FONTS_URL%7Dfontawesome-webfont.woff?v=4.2.0
INFO: [ app_init ] --START--
INFO: Run Behavior\BuildLiteBehavior [ RunTime:0.000000s ]
INFO: [ app_init ] --END-- [ RunTime:0.001000s ]
ERR: 无法加载模块:Application

[ 2016-05-26T14:17:17+08:00 ] ::1 /ProJ/ccblog/Application/Public/Home/Images/overlay.png
INFO: [ app_init ] --START--
INFO: Run Behavior\BuildLiteBehavior [ RunTime:0.000000s ]
INFO: [ app_init ] --END-- [ RunTime:0.002000s ]
ERR: 无法加载模块:Application

[ 2016-05-26T14:17:17+08:00 ] ::1 /ProJ/ccblog/Application/Public/Home/css/%7B$Think.const.FONTS_URL%7Dfontawesome-webfont.ttf?v=4.2.0
INFO: [ app_init ] --START--
INFO: Run Behavior\BuildLiteBehavior [ RunTime:0.000000s ]
INFO: [ app_init ] --END-- [ RunTime:0.006000s ]
ERR: 无法加载模块:Application

[ 2016-05-26T15:11:37+08:00 ] ::1 /ProJ/ccblog/Application/Public/Home/css/%7B$Think.const.FONTS_URL%7Dfontawesome-webfont.woff?v=4.2.0
INFO: [ app_init ] --START--
INFO: Run Behavior\BuildLiteBehavior [ RunTime:0.000000s ]
INFO: [ app_init ] --END-- [ RunTime:0.002500s ]
ERR: 无法加载模块:Application

[ 2016-05-26T15:11:37+08:00 ] ::1 /ProJ/ccblog/Application/Public/Home/css/%7B$Think.const.FONTS_URL%7Dfontawesome-webfont.ttf?v=4.2.0
INFO: [ app_init ] --START--
INFO: Run Behavior\BuildLiteBehavior [ RunTime:0.000000s ]
INFO: [ app_init ] --END-- [ RunTime:0.002500s ]
ERR: 无法加载模块:Application

[ 2016-05-26T15:11:37+08:00 ] ::1 /ProJ/ccblog/Application/Public/Home/Images/overlay.png
INFO: [ app_init ] --START--
INFO: Run Behavior\BuildLiteBehavior [ RunTime:0.000000s ]
INFO: [ app_init ] --END-- [ RunTime:0.002500s ]
ERR: 无法加载模块:Application

[ 2016-05-26T15:12:07+08:00 ] ::1 /ProJ/ccblog/Application/Public/Home/css/%7B$Think.const.FONTS_URL%7Dfontawesome-webfont.woff?v=4.2.0
INFO: [ app_init ] --START--
INFO: Run Behavior\BuildLiteBehavior [ RunTime:0.000000s ]
INFO: [ app_init ] --END-- [ RunTime:0.005000s ]
ERR: 无法加载模块:Application

[ 2016-05-26T15:12:07+08:00 ] ::1 /ProJ/ccblog/Application/Public/Home/Images/overlay.png
INFO: [ app_init ] --START--
INFO: Run Behavior\BuildLiteBehavior [ RunTime:0.000000s ]
INFO: [ app_init ] --END-- [ RunTime:0.000000s ]
ERR: 无法加载模块:Application

[ 2016-05-26T15:12:08+08:00 ] ::1 /ProJ/ccblog/Application/Public/Home/css/%7B$Think.const.FONTS_URL%7Dfontawesome-webfont.ttf?v=4.2.0
INFO: [ app_init ] --START--
INFO: Run Behavior\BuildLiteBehavior [ RunTime:0.000000s ]
INFO: [ app_init ] --END-- [ RunTime:0.082501s ]
ERR: 无法加载模块:Application

[ 2016-05-26T15:14:12+08:00 ] ::1 /ProJ/ccblog/Avatar/zhangbo@163.com/avatar_100.jpg
INFO: [ app_init ] --START--
INFO: Run Behavior\BuildLiteBehavior [ RunTime:0.000000s ]
INFO: [ app_init ] --END-- [ RunTime:0.000000s ]
ERR: 无法加载模块:Avatar

[ 2016-05-26T15:21:00+08:00 ] ::1 /ProJ/ccblog/Avatar/zhangbo@163.com/avatar_100.jpg
INFO: [ app_init ] --START--
INFO: Run Behavior\BuildLiteBehavior [ RunTime:0.000000s ]
INFO: [ app_init ] --END-- [ RunTime:0.000000s ]
ERR: 无法加载模块:Avatar

[ 2016-05-26T15:31:01+08:00 ] ::1 /ProJ/ccblog/Avatar/zhangbo@163.com/avatar_100.jpg
INFO: [ app_init ] --START--
INFO: Run Behavior\BuildLiteBehavior [ RunTime:0.000000s ]
INFO: [ app_init ] --END-- [ RunTime:0.002500s ]
ERR: 无法加载模块:Avatar

[ 2016-05-26T15:33:06+08:00 ] ::1 /ProJ/ccblog/Application/Public/Home/css/%7B$Think.const.FONTS_URL%7Dfontawesome-webfont.woff?v=4.2.0
INFO: [ app_init ] --START--
INFO: Run Behavior\BuildLiteBehavior [ RunTime:0.000000s ]
INFO: [ app_init ] --END-- [ RunTime:0.000000s ]
ERR: 无法加载模块:Application

[ 2016-05-26T15:33:06+08:00 ] ::1 /ProJ/ccblog/Application/Public/Home/Images/overlay.png
INFO: [ app_init ] --START--
INFO: Run Behavior\BuildLiteBehavior [ RunTime:0.000000s ]
INFO: [ app_init ] --END-- [ RunTime:0.007500s ]
ERR: 无法加载模块:Application

[ 2016-05-26T15:33:07+08:00 ] ::1 /ProJ/ccblog/Application/Public/Home/css/%7B$Think.const.FONTS_URL%7Dfontawesome-webfont.ttf?v=4.2.0
INFO: [ app_init ] --START--
INFO: Run Behavior\BuildLiteBehavior [ RunTime:0.000000s ]
INFO: [ app_init ] --END-- [ RunTime:0.000000s ]
ERR: 无法加载模块:Application

