[ 2016-05-25T00:03:59+08:00 ] ::1 /ProJ/ccblog/Application/Public/Home/css/%7B$Think.const.FONTS_URL%7Dfontawesome-webfont.woff?v=4.2.0
INFO: [ app_init ] --START--
INFO: Run Behavior\BuildLiteBehavior [ RunTime:0.000000s ]
INFO: [ app_init ] --END-- [ RunTime:0.000000s ]
ERR: 无法加载模块:Application

[ 2016-05-25T00:03:59+08:00 ] ::1 /ProJ/ccblog/Application/Public/Home/Images/overlay.png
INFO: [ app_init ] --START--
INFO: Run Behavior\BuildLiteBehavior [ RunTime:0.000000s ]
INFO: [ app_init ] --END-- [ RunTime:0.002501s ]
ERR: 无法加载模块:Application

[ 2016-05-25T00:03:59+08:00 ] ::1 /ProJ/ccblog/Application/Public/Home/css/%7B$Think.const.FONTS_URL%7Dfontawesome-webfont.ttf?v=4.2.0
INFO: [ app_init ] --START--
INFO: Run Behavior\BuildLiteBehavior [ RunTime:0.000000s ]
INFO: [ app_init ] --END-- [ RunTime:0.005001s ]
ERR: 无法加载模块:Application

[ 2016-05-25T00:04:44+08:00 ] ::1 /ProJ/ccblog/Application/Public/Home/css/%7B$Think.const.FONTS_URL%7Dfontawesome-webfont.woff?v=4.2.0
INFO: [ app_init ] --START--
INFO: Run Behavior\BuildLiteBehavior [ RunTime:0.000000s ]
INFO: [ app_init ] --END-- [ RunTime:0.002500s ]
ERR: 无法加载模块:Application

[ 2016-05-25T00:04:44+08:00 ] ::1 /ProJ/ccblog/Application/Public/Home/Images/overlay.png
INFO: [ app_init ] --START--
INFO: Run Behavior\BuildLiteBehavior [ RunTime:0.000000s ]
INFO: [ app_init ] --END-- [ RunTime:0.000000s ]
ERR: 无法加载模块:Application

[ 2016-05-25T00:04:44+08:00 ] ::1 /ProJ/ccblog/Application/Public/Home/css/%7B$Think.const.FONTS_URL%7Dfontawesome-webfont.ttf?v=4.2.0
INFO: [ app_init ] --START--
INFO: Run Behavior\BuildLiteBehavior [ RunTime:0.010000s ]
INFO: [ app_init ] --END-- [ RunTime:0.017500s ]
ERR: 无法加载模块:Application

[ 2016-05-25T09:06:32+08:00 ] ::1 /ProJ/ccblog/Avatar/avatar_100.jpg
INFO: [ app_init ] --START--
INFO: Run Behavior\BuildLiteBehavior [ RunTime:0.000000s ]
INFO: [ app_init ] --END-- [ RunTime:0.000000s ]
ERR: 无法加载模块:Avatar

[ 2016-05-25T09:06:32+08:00 ] ::1 /ProJ/ccblog/Avatar/avatar_100.jpg
INFO: [ app_init ] --START--
INFO: Run Behavior\BuildLiteBehavior [ RunTime:0.000000s ]
INFO: [ app_init ] --END-- [ RunTime:0.000000s ]
ERR: 无法加载模块:Avatar

[ 2016-05-25T09:10:03+08:00 ] ::1 /ProJ/ccblog/Avatar/avatar_100.jpg
INFO: [ app_init ] --START--
INFO: Run Behavior\BuildLiteBehavior [ RunTime:0.000000s ]
INFO: [ app_init ] --END-- [ RunTime:0.215003s ]
ERR: 无法加载模块:Avatar

[ 2016-05-25T09:10:04+08:00 ] ::1 /ProJ/ccblog/Avatar/avatar_100.jpg
INFO: [ app_init ] --START--
INFO: Run Behavior\BuildLiteBehavior [ RunTime:0.000000s ]
INFO: [ app_init ] --END-- [ RunTime:0.000000s ]
ERR: 无法加载模块:Avatar

[ 2016-05-25T09:10:06+08:00 ] ::1 /ProJ/ccblog/Avatar/avatar_100.jpg
INFO: [ app_init ] --START--
INFO: Run Behavior\BuildLiteBehavior [ RunTime:0.000000s ]
INFO: [ app_init ] --END-- [ RunTime:0.000000s ]
ERR: 无法加载模块:Avatar

[ 2016-05-25T09:10:43+08:00 ] ::1 /ProJ/ccblog/Avatar/avatar_100.jpg
INFO: [ app_init ] --START--
INFO: Run Behavior\BuildLiteBehavior [ RunTime:0.000000s ]
INFO: [ app_init ] --END-- [ RunTime:0.002500s ]
ERR: 无法加载模块:Avatar

[ 2016-05-25T09:10:44+08:00 ] ::1 /ProJ/ccblog/Avatar/avatar_100.jpg
INFO: [ app_init ] --START--
INFO: Run Behavior\BuildLiteBehavior [ RunTime:0.000000s ]
INFO: [ app_init ] --END-- [ RunTime:0.002500s ]
ERR: 无法加载模块:Avatar

[ 2016-05-25T09:14:02+08:00 ] ::1 /ProJ/ccblog/Avatar/avatar_100.jpg
INFO: [ app_init ] --START--
INFO: Run Behavior\BuildLiteBehavior [ RunTime:0.000000s ]
INFO: [ app_init ] --END-- [ RunTime:0.001000s ]
ERR: 无法加载模块:Avatar

[ 2016-05-25T09:17:54+08:00 ] ::1 /ProJ/ccblog/Application/Public//Upload/Self/avatar_100.jpg
INFO: [ app_init ] --START--
INFO: Run Behavior\BuildLiteBehavior [ RunTime:0.000000s ]
INFO: [ app_init ] --END-- [ RunTime:0.001000s ]
ERR: 无法加载模块:Application

[ 2016-05-25T09:17:54+08:00 ] ::1 /ProJ/ccblog/Application/Public//Upload/Self/avatar_100.jpg
INFO: [ app_init ] --START--
INFO: Run Behavior\BuildLiteBehavior [ RunTime:0.001000s ]
INFO: [ app_init ] --END-- [ RunTime:0.003000s ]
ERR: 无法加载模块:Application

[ 2016-05-25T09:24:05+08:00 ] ::1 /ProJ/ccblog/Application/Public//Upload/Self/avatar_100.jpg
INFO: [ app_init ] --START--
INFO: Run Behavior\BuildLiteBehavior [ RunTime:0.000000s ]
INFO: [ app_init ] --END-- [ RunTime:0.002000s ]
ERR: 无法加载模块:Application

[ 2016-05-25T09:24:05+08:00 ] ::1 /ProJ/ccblog/Application/Public//Upload/Self/avatar_100.jpg
INFO: [ app_init ] --START--
INFO: Run Behavior\BuildLiteBehavior [ RunTime:0.000000s ]
INFO: [ app_init ] --END-- [ RunTime:0.001000s ]
ERR: 无法加载模块:Application

[ 2016-05-25T09:24:07+08:00 ] ::1 /ProJ/ccblog/Application/Public//Upload/Self/avatar_100.jpg
INFO: [ app_init ] --START--
INFO: Run Behavior\BuildLiteBehavior [ RunTime:0.000000s ]
INFO: [ app_init ] --END-- [ RunTime:0.001000s ]
ERR: 无法加载模块:Application

[ 2016-05-25T09:26:33+08:00 ] ::1 /ProJ/ccblog/Application/Public//Upload/Self/avatar_100.jpg
INFO: [ app_init ] --START--
INFO: Run Behavior\BuildLiteBehavior [ RunTime:0.000000s ]
INFO: [ app_init ] --END-- [ RunTime:0.004000s ]
ERR: 无法加载模块:Application

[ 2016-05-25T09:26:35+08:00 ] ::1 /ProJ/ccblog/Application/Public//Upload/Self/avatar_100.jpg
INFO: [ app_init ] --START--
INFO: Run Behavior\BuildLiteBehavior [ RunTime:0.000000s ]
INFO: [ app_init ] --END-- [ RunTime:0.002000s ]
ERR: 无法加载模块:Application

[ 2016-05-25T09:29:24+08:00 ] ::1 /ProJ/ccblog/Application/Public//Upload/Self/avatar_100.jpg
INFO: [ app_init ] --START--
INFO: Run Behavior\BuildLiteBehavior [ RunTime:0.001000s ]
INFO: [ app_init ] --END-- [ RunTime:0.002000s ]
ERR: 无法加载模块:Application

[ 2016-05-25T09:29:25+08:00 ] ::1 /ProJ/ccblog/Application/Public//Upload/Self/avatar_100.jpg
INFO: [ app_init ] --START--
INFO: Run Behavior\BuildLiteBehavior [ RunTime:0.000000s ]
INFO: [ app_init ] --END-- [ RunTime:0.001000s ]
ERR: 无法加载模块:Application

[ 2016-05-25T09:43:54+08:00 ] ::1 /ProJ/ccblog/Application/Public//Upload/Self/avatar_100.jpg
INFO: [ app_init ] --START--
INFO: Run Behavior\BuildLiteBehavior [ RunTime:0.000000s ]
INFO: [ app_init ] --END-- [ RunTime:0.001000s ]
ERR: 无法加载模块:Application

[ 2016-05-25T09:43:54+08:00 ] ::1 /ProJ/ccblog/Application/Public//Upload/Self/avatar_100.jpg
INFO: [ app_init ] --START--
INFO: Run Behavior\BuildLiteBehavior [ RunTime:0.000000s ]
INFO: [ app_init ] --END-- [ RunTime:0.002000s ]
ERR: 无法加载模块:Application

[ 2016-05-25T09:43:56+08:00 ] ::1 /ProJ/ccblog/Application/Public//Upload/Self/avatar_100.jpg
INFO: [ app_init ] --START--
INFO: Run Behavior\BuildLiteBehavior [ RunTime:0.000000s ]
INFO: [ app_init ] --END-- [ RunTime:0.002001s ]
ERR: 无法加载模块:Application

[ 2016-05-25T09:43:57+08:00 ] ::1 /ProJ/ccblog/Application/Public//Upload/Self/avatar_100.jpg
INFO: [ app_init ] --START--
INFO: Run Behavior\BuildLiteBehavior [ RunTime:0.000000s ]
INFO: [ app_init ] --END-- [ RunTime:0.007000s ]
ERR: 无法加载模块:Application

[ 2016-05-25T09:44:58+08:00 ] ::1 /ProJ/ccblog/Application/Public//Upload/Self/avatar_100.jpg
INFO: [ app_init ] --START--
INFO: Run Behavior\BuildLiteBehavior [ RunTime:0.001001s ]
INFO: [ app_init ] --END-- [ RunTime:0.002001s ]
ERR: 无法加载模块:Application

[ 2016-05-25T09:44:58+08:00 ] ::1 /ProJ/ccblog/Application/Public//Upload/Self/avatar_100.jpg
INFO: [ app_init ] --START--
INFO: Run Behavior\BuildLiteBehavior [ RunTime:0.000000s ]
INFO: [ app_init ] --END-- [ RunTime:0.004000s ]
ERR: 无法加载模块:Application

[ 2016-05-25T09:45:00+08:00 ] ::1 /ProJ/ccblog/Application/Public//Upload/Self/avatar_100.jpg
INFO: [ app_init ] --START--
INFO: Run Behavior\BuildLiteBehavior [ RunTime:0.000000s ]
INFO: [ app_init ] --END-- [ RunTime:0.002000s ]
ERR: 无法加载模块:Application

[ 2016-05-25T09:45:01+08:00 ] ::1 /ProJ/ccblog/Application/Public//Upload/Self/avatar_100.jpg
INFO: [ app_init ] --START--
INFO: Run Behavior\BuildLiteBehavior [ RunTime:0.000000s ]
INFO: [ app_init ] --END-- [ RunTime:0.001000s ]
ERR: 无法加载模块:Application

[ 2016-05-25T09:58:05+08:00 ] ::1 /ProJ/ccblog/Application/Public//Upload/Self/avatar_100.jpg
INFO: [ app_init ] --START--
INFO: Run Behavior\BuildLiteBehavior [ RunTime:0.000000s ]
INFO: [ app_init ] --END-- [ RunTime:0.005000s ]
ERR: 无法加载模块:Application

[ 2016-05-25T09:58:06+08:00 ] ::1 /ProJ/ccblog/Application/Public//Upload/Self/avatar_100.jpg
INFO: [ app_init ] --START--
INFO: Run Behavior\BuildLiteBehavior [ RunTime:0.000000s ]
INFO: [ app_init ] --END-- [ RunTime:0.002501s ]
ERR: 无法加载模块:Application

[ 2016-05-25T10:13:08+08:00 ] ::1 /ProJ/ccblog/Application/Public//Upload/Self/avatar_100.jpg
INFO: [ app_init ] --START--
INFO: Run Behavior\BuildLiteBehavior [ RunTime:0.000000s ]
INFO: [ app_init ] --END-- [ RunTime:0.000000s ]
ERR: 无法加载模块:Application

[ 2016-05-25T10:13:59+08:00 ] ::1 /ProJ/ccblog/Application/Public//Upload/Self/avatar_100.jpg
INFO: [ app_init ] --START--
INFO: Run Behavior\BuildLiteBehavior [ RunTime:0.000000s ]
INFO: [ app_init ] --END-- [ RunTime:0.002500s ]
ERR: 无法加载模块:Application

[ 2016-05-25T10:13:59+08:00 ] ::1 /ProJ/ccblog/Application/Public//Upload/Self/avatar_100.jpg
INFO: [ app_init ] --START--
INFO: Run Behavior\BuildLiteBehavior [ RunTime:0.000000s ]
INFO: [ app_init ] --END-- [ RunTime:0.002500s ]
ERR: 无法加载模块:Application

[ 2016-05-25T10:14:41+08:00 ] ::1 /ProJ/ccblog/Application/Public//Upload/Self/avatar_100.jpg
INFO: [ app_init ] --START--
INFO: Run Behavior\BuildLiteBehavior [ RunTime:0.000000s ]
INFO: [ app_init ] --END-- [ RunTime:0.002500s ]
ERR: 无法加载模块:Application

[ 2016-05-25T10:14:42+08:00 ] ::1 /ProJ/ccblog/Application/Public//Upload/Self/avatar_100.jpg
INFO: [ app_init ] --START--
INFO: Run Behavior\BuildLiteBehavior [ RunTime:0.000000s ]
INFO: [ app_init ] --END-- [ RunTime:0.002500s ]
ERR: 无法加载模块:Application

[ 2016-05-25T10:16:07+08:00 ] 127.0.0.1 /ProJ/ccblog/Application/Public//Upload/Self/avatar_100.jpg
INFO: [ app_init ] --START--
INFO: Run Behavior\BuildLiteBehavior [ RunTime:0.000000s ]
INFO: [ app_init ] --END-- [ RunTime:0.000000s ]
ERR: 无法加载模块:Application

[ 2016-05-25T10:16:48+08:00 ] 127.0.0.1 /ProJ/ccblog/Application/Public//Upload/Self/avatar_100.jpg
INFO: [ app_init ] --START--
INFO: Run Behavior\BuildLiteBehavior [ RunTime:0.000000s ]
INFO: [ app_init ] --END-- [ RunTime:0.002500s ]
ERR: 无法加载模块:Application

[ 2016-05-25T10:18:37+08:00 ] 127.0.0.1 /ProJ/ccblog/Application/Public//Upload/Self/avatar_100.jpg
INFO: [ app_init ] --START--
INFO: Run Behavior\BuildLiteBehavior [ RunTime:0.000000s ]
INFO: [ app_init ] --END-- [ RunTime:0.002500s ]
ERR: 无法加载模块:Application

[ 2016-05-25T10:38:23+08:00 ] 127.0.0.1 /ProJ/ccblog/Application/Public//Upload/Self/avatar_100.jpg
INFO: [ app_init ] --START--
INFO: Run Behavior\BuildLiteBehavior [ RunTime:0.000000s ]
INFO: [ app_init ] --END-- [ RunTime:0.000000s ]
ERR: 无法加载模块:Application

[ 2016-05-25T10:45:44+08:00 ] ::1 /ProJ/ccblog/Application/Public//Upload/Self/avatar_100.jpg
INFO: [ app_init ] --START--
INFO: Run Behavior\BuildLiteBehavior [ RunTime:0.000000s ]
INFO: [ app_init ] --END-- [ RunTime:0.000000s ]
ERR: 无法加载模块:Application

[ 2016-05-25T10:45:45+08:00 ] ::1 /ProJ/ccblog/Application/Public//Upload/Self/avatar_100.jpg
INFO: [ app_init ] --START--
INFO: Run Behavior\BuildLiteBehavior [ RunTime:0.000000s ]
INFO: [ app_init ] --END-- [ RunTime:0.002500s ]
ERR: 无法加载模块:Application

[ 2016-05-25T12:51:05+08:00 ] ::1 /ProJ/ccblog/Application/Public//Upload/Self/avatar_100.jpg
INFO: [ app_init ] --START--
INFO: Run Behavior\BuildLiteBehavior [ RunTime:0.001000s ]
INFO: [ app_init ] --END-- [ RunTime:0.002000s ]
ERR: 无法加载模块:Application

[ 2016-05-25T12:51:32+08:00 ] ::1 /ProJ/ccblog/Application/Public//Upload/Self/avatar_100.jpg
INFO: [ app_init ] --START--
INFO: Run Behavior\BuildLiteBehavior [ RunTime:0.000000s ]
INFO: [ app_init ] --END-- [ RunTime:0.002000s ]
ERR: 无法加载模块:Application

[ 2016-05-25T12:51:32+08:00 ] ::1 /ProJ/ccblog/Application/Public//Upload/Self/avatar_100.jpg
INFO: [ app_init ] --START--
INFO: Run Behavior\BuildLiteBehavior [ RunTime:0.000000s ]
INFO: [ app_init ] --END-- [ RunTime:0.003000s ]
ERR: 无法加载模块:Application

[ 2016-05-25T12:51:38+08:00 ] ::1 /ProJ/ccblog/Application/Public//Upload/Self/avatar_100.jpg
INFO: [ app_init ] --START--
INFO: Run Behavior\BuildLiteBehavior [ RunTime:0.000000s ]
INFO: [ app_init ] --END-- [ RunTime:0.005000s ]
ERR: 无法加载模块:Application

[ 2016-05-25T12:51:38+08:00 ] ::1 /ProJ/ccblog/Application/Public//Upload/Self/avatar_100.jpg
INFO: [ app_init ] --START--
INFO: Run Behavior\BuildLiteBehavior [ RunTime:0.000000s ]
INFO: [ app_init ] --END-- [ RunTime:0.022001s ]
ERR: 无法加载模块:Application

[ 2016-05-25T12:51:57+08:00 ] ::1 /ProJ/ccblog/Application/Public//Upload/Self/avatar_100.jpg
INFO: [ app_init ] --START--
INFO: Run Behavior\BuildLiteBehavior [ RunTime:0.000000s ]
INFO: [ app_init ] --END-- [ RunTime:0.002000s ]
ERR: 无法加载模块:Application

[ 2016-05-25T12:52:33+08:00 ] ::1 /ProJ/ccblog/Application/Public//Upload/Self/avatar_100.jpg
INFO: [ app_init ] --START--
INFO: Run Behavior\BuildLiteBehavior [ RunTime:0.001000s ]
INFO: [ app_init ] --END-- [ RunTime:0.002000s ]
ERR: 无法加载模块:Application

[ 2016-05-25T12:52:33+08:00 ] ::1 /ProJ/ccblog/Application/Public//Upload/Self/avatar_100.jpg
INFO: [ app_init ] --START--
INFO: Run Behavior\BuildLiteBehavior [ RunTime:0.000000s ]
INFO: [ app_init ] --END-- [ RunTime:0.002000s ]
ERR: 无法加载模块:Application

[ 2016-05-25T12:54:45+08:00 ] ::1 /ProJ/ccblog/Application/Public//Upload/Self/avatar_100.jpg
INFO: [ app_init ] --START--
INFO: Run Behavior\BuildLiteBehavior [ RunTime:0.000000s ]
INFO: [ app_init ] --END-- [ RunTime:0.002000s ]
ERR: 无法加载模块:Application

[ 2016-05-25T12:54:48+08:00 ] ::1 /ProJ/ccblog/Application/Public//Upload/Self/avatar_100.jpg
INFO: [ app_init ] --START--
INFO: Run Behavior\BuildLiteBehavior [ RunTime:0.000000s ]
INFO: [ app_init ] --END-- [ RunTime:0.001000s ]
ERR: 无法加载模块:Application

[ 2016-05-25T12:54:52+08:00 ] ::1 /ProJ/ccblog/Application/Public//Upload/Self/avatar_100.jpg
INFO: [ app_init ] --START--
INFO: Run Behavior\BuildLiteBehavior [ RunTime:0.000000s ]
INFO: [ app_init ] --END-- [ RunTime:0.001000s ]
ERR: 无法加载模块:Application

[ 2016-05-25T13:14:29+08:00 ] ::1 /ProJ/ccblog/Application/Public//Upload/Self/avatar_100.jpg
INFO: [ app_init ] --START--
INFO: Run Behavior\BuildLiteBehavior [ RunTime:0.000000s ]
INFO: [ app_init ] --END-- [ RunTime:0.001000s ]
ERR: 无法加载模块:Application

[ 2016-05-25T13:15:57+08:00 ] ::1 /ProJ/ccblog/Application/Public//Upload/Self/avatar_100.jpg
INFO: [ app_init ] --START--
INFO: Run Behavior\BuildLiteBehavior [ RunTime:0.000000s ]
INFO: [ app_init ] --END-- [ RunTime:0.001000s ]
ERR: 无法加载模块:Application

[ 2016-05-25T15:13:29+08:00 ] ::1 /ProJ/ccblog/Application/Public//Upload/Self/avatar_100.jpg
INFO: [ app_init ] --START--
INFO: Run Behavior\BuildLiteBehavior [ RunTime:0.000000s ]
INFO: [ app_init ] --END-- [ RunTime:0.001000s ]
ERR: 无法加载模块:Application

[ 2016-05-25T15:14:15+08:00 ] ::1 /ProJ/ccblog/Application/Public//Upload/Self/avatar_100.jpg
INFO: [ app_init ] --START--
INFO: Run Behavior\BuildLiteBehavior [ RunTime:0.000000s ]
INFO: [ app_init ] --END-- [ RunTime:0.003000s ]
ERR: 无法加载模块:Application

[ 2016-05-25T15:14:38+08:00 ] ::1 /ProJ/ccblog/Application/Public//Upload/Self/avatar_100.jpg
INFO: [ app_init ] --START--
INFO: Run Behavior\BuildLiteBehavior [ RunTime:0.000000s ]
INFO: [ app_init ] --END-- [ RunTime:0.001000s ]
ERR: 无法加载模块:Application

[ 2016-05-25T15:14:38+08:00 ] ::1 /ProJ/ccblog/Application/Public//Upload/Self/avatar_100.jpg
INFO: [ app_init ] --START--
INFO: Run Behavior\BuildLiteBehavior [ RunTime:0.000000s ]
INFO: [ app_init ] --END-- [ RunTime:0.002001s ]
ERR: 无法加载模块:Application

[ 2016-05-25T15:24:55+08:00 ] ::1 /ProJ/ccblog/Application/Public//Upload/Self/avatar_100.jpg
INFO: [ app_init ] --START--
INFO: Run Behavior\BuildLiteBehavior [ RunTime:0.000000s ]
INFO: [ app_init ] --END-- [ RunTime:0.002000s ]
ERR: 无法加载模块:Application

[ 2016-05-25T15:50:18+08:00 ] ::1 /ProJ/ccblog/Application/Public//Upload/Self/avatar_100.jpg
INFO: [ app_init ] --START--
INFO: Run Behavior\BuildLiteBehavior [ RunTime:0.000000s ]
INFO: [ app_init ] --END-- [ RunTime:0.002000s ]
ERR: 无法加载模块:Application

[ 2016-05-25T15:50:29+08:00 ] ::1 /ProJ/ccblog/Application/Public//Upload/Self/avatar_100.jpg
INFO: [ app_init ] --START--
INFO: Run Behavior\BuildLiteBehavior [ RunTime:0.000000s ]
INFO: [ app_init ] --END-- [ RunTime:0.012000s ]
ERR: 无法加载模块:Application

[ 2016-05-25T15:50:42+08:00 ] ::1 /ProJ/ccblog/Application/Public//Upload/Self/avatar_100.jpg
INFO: [ app_init ] --START--
INFO: Run Behavior\BuildLiteBehavior [ RunTime:0.000000s ]
INFO: [ app_init ] --END-- [ RunTime:0.008001s ]
ERR: 无法加载模块:Application

[ 2016-05-25T15:53:48+08:00 ] ::1 /ProJ/ccblog/Application/Public//Upload/Self/avatar_100.jpg
INFO: [ app_init ] --START--
INFO: Run Behavior\BuildLiteBehavior [ RunTime:0.001000s ]
INFO: [ app_init ] --END-- [ RunTime:0.002000s ]
ERR: 无法加载模块:Application

[ 2016-05-25T15:58:13+08:00 ] ::1 /ProJ/ccblog/Application/Public//Upload/Self/avatar_100.jpg
INFO: [ app_init ] --START--
INFO: Run Behavior\BuildLiteBehavior [ RunTime:0.000000s ]
INFO: [ app_init ] --END-- [ RunTime:0.002001s ]
ERR: 无法加载模块:Application

[ 2016-05-25T16:01:18+08:00 ] ::1 /ProJ/ccblog/Application/Public/Upload/Self/avatar_100.jpg
INFO: [ app_init ] --START--
INFO: Run Behavior\BuildLiteBehavior [ RunTime:0.000000s ]
INFO: [ app_init ] --END-- [ RunTime:0.001000s ]
ERR: 无法加载模块:Application

[ 2016-05-25T16:01:23+08:00 ] ::1 /ProJ/ccblog/index.php/ProJ/ccblog/index.php/Home/Self/uploadImg.html
INFO: [ app_init ] --START--
INFO: Run Behavior\BuildLiteBehavior [ RunTime:0.000000s ]
INFO: [ app_init ] --END-- [ RunTime:0.001001s ]
ERR: 无法加载模块:ProJ

[ 2016-05-25T16:06:06+08:00 ] ::1 /ProJ/ccblog/Application/Public/Upload/Self/avatar_100.jpg
INFO: [ app_init ] --START--
INFO: Run Behavior\BuildLiteBehavior [ RunTime:0.000000s ]
INFO: [ app_init ] --END-- [ RunTime:0.001000s ]
ERR: 无法加载模块:Application

[ 2016-05-25T16:07:07+08:00 ] ::1 /ProJ/ccblog/Application/Public/Upload/Self/avatar_100.jpg
INFO: [ app_init ] --START--
INFO: Run Behavior\BuildLiteBehavior [ RunTime:0.000000s ]
INFO: [ app_init ] --END-- [ RunTime:0.021001s ]
ERR: 无法加载模块:Application

[ 2016-05-25T16:07:11+08:00 ] ::1 /ProJ/ccblog/index.php/ProJ/ccblog/index.php/Home/Self/uploadImg.html
INFO: [ app_init ] --START--
INFO: Run Behavior\BuildLiteBehavior [ RunTime:0.000000s ]
INFO: [ app_init ] --END-- [ RunTime:0.003000s ]
ERR: 无法加载模块:ProJ

[ 2016-05-25T16:07:23+08:00 ] ::1 /ProJ/ccblog/index.php/ProJ/ccblog/index.php/Home/Self/uploadImg.html
INFO: [ app_init ] --START--
INFO: Run Behavior\BuildLiteBehavior [ RunTime:0.000000s ]
INFO: [ app_init ] --END-- [ RunTime:0.002000s ]
ERR: 无法加载模块:ProJ

[ 2016-05-25T16:07:27+08:00 ] ::1 /ProJ/ccblog/index.php/ProJ/ccblog/index.php/Home/Self/uploadImg.html
INFO: [ app_init ] --START--
INFO: Run Behavior\BuildLiteBehavior [ RunTime:0.000000s ]
INFO: [ app_init ] --END-- [ RunTime:0.002000s ]
ERR: 无法加载模块:ProJ

[ 2016-05-25T16:08:39+08:00 ] ::1 /ProJ/ccblog/Application/Public/Upload/Self/avatar_100.jpg
INFO: [ app_init ] --START--
INFO: Run Behavior\BuildLiteBehavior [ RunTime:0.000000s ]
INFO: [ app_init ] --END-- [ RunTime:0.001000s ]
ERR: 无法加载模块:Application

[ 2016-05-25T16:08:39+08:00 ] ::1 /ProJ/ccblog/Application/Public/Upload/Self/avatar_100.jpg
INFO: [ app_init ] --START--
INFO: Run Behavior\BuildLiteBehavior [ RunTime:0.000000s ]
INFO: [ app_init ] --END-- [ RunTime:0.002000s ]
ERR: 无法加载模块:Application

[ 2016-05-25T16:08:46+08:00 ] ::1 /ProJ/ccblog/index.php/ProJ/ccblog/index.php/Home/Self/uploadImg.html
INFO: [ app_init ] --START--
INFO: Run Behavior\BuildLiteBehavior [ RunTime:0.000000s ]
INFO: [ app_init ] --END-- [ RunTime:0.002000s ]
ERR: 无法加载模块:ProJ

[ 2016-05-25T16:11:14+08:00 ] ::1 /ProJ/ccblog/index.php/ProJ/ccblog/index.php/Home/Self/uploadImg.html
INFO: [ app_init ] --START--
INFO: Run Behavior\BuildLiteBehavior [ RunTime:0.000000s ]
INFO: [ app_init ] --END-- [ RunTime:0.002000s ]
ERR: 无法加载模块:ProJ

[ 2016-05-25T16:15:02+08:00 ] ::1 /ProJ/ccblog/index.php/ProJ/ccblog/index.php/Home/Self/uploadImg.html
INFO: [ app_init ] --START--
INFO: Run Behavior\BuildLiteBehavior [ RunTime:0.000000s ]
INFO: [ app_init ] --END-- [ RunTime:0.002000s ]
ERR: 无法加载模块:ProJ

[ 2016-05-25T16:17:42+08:00 ] ::1 /ProJ/ccblog/index.php/ProJ/ccblog/index.php/Home/Self/uploadImg.html
INFO: [ app_init ] --START--
INFO: Run Behavior\BuildLiteBehavior [ RunTime:0.000000s ]
INFO: [ app_init ] --END-- [ RunTime:0.004000s ]
ERR: 无法加载模块:ProJ

[ 2016-05-25T16:19:34+08:00 ] ::1 /ProJ/ccblog/index.php/ProJ/ccblog/index.php/Home/Self/uploadImg.html
INFO: [ app_init ] --START--
INFO: Run Behavior\BuildLiteBehavior [ RunTime:0.000000s ]
INFO: [ app_init ] --END-- [ RunTime:0.003000s ]
ERR: 无法加载模块:ProJ

[ 2016-05-25T16:19:41+08:00 ] ::1 /ProJ/ccblog/index.php/ProJ/ccblog/index.php/Home/Self/uploadImg.html
INFO: [ app_init ] --START--
INFO: Run Behavior\BuildLiteBehavior [ RunTime:0.000000s ]
INFO: [ app_init ] --END-- [ RunTime:0.002000s ]
ERR: 无法加载模块:ProJ

[ 2016-05-25T16:19:45+08:00 ] ::1 /ProJ/ccblog/index.php/ProJ/ccblog/index.php/Home/Self/uploadImg.html
INFO: [ app_init ] --START--
INFO: Run Behavior\BuildLiteBehavior [ RunTime:0.000000s ]
INFO: [ app_init ] --END-- [ RunTime:0.006001s ]
ERR: 无法加载模块:ProJ

[ 2016-05-25T16:19:51+08:00 ] ::1 /ProJ/ccblog/index.php/ProJ/ccblog/index.php/Home/Self/uploadImg.html
INFO: [ app_init ] --START--
INFO: Run Behavior\BuildLiteBehavior [ RunTime:0.000000s ]
INFO: [ app_init ] --END-- [ RunTime:0.003000s ]
ERR: 无法加载模块:ProJ

[ 2016-05-25T16:19:57+08:00 ] ::1 /ProJ/ccblog/index.php/ProJ/ccblog/index.php/Home/Self/uploadImg.html
INFO: [ app_init ] --START--
INFO: Run Behavior\BuildLiteBehavior [ RunTime:0.000000s ]
INFO: [ app_init ] --END-- [ RunTime:0.002000s ]
ERR: 无法加载模块:ProJ

[ 2016-05-25T17:40:31+08:00 ] ::1 /ProJ/ccblog/Application/Public/Upload/Self/admin.jpg
INFO: [ app_init ] --START--
INFO: Run Behavior\BuildLiteBehavior [ RunTime:0.000000s ]
INFO: [ app_init ] --END-- [ RunTime:0.001000s ]
ERR: 无法加载模块:Application

[ 2016-05-25T17:40:32+08:00 ] ::1 /ProJ/ccblog/Application/Public/Upload/Self/admin.jpg
INFO: [ app_init ] --START--
INFO: Run Behavior\BuildLiteBehavior [ RunTime:0.000000s ]
INFO: [ app_init ] --END-- [ RunTime:0.001000s ]
ERR: 无法加载模块:Application

[ 2016-05-25T17:46:41+08:00 ] ::1 /ProJ/ccblog/Application/Public/Home/css/%7B$Think.const.FONTS_URL%7Dfontawesome-webfont.woff?v=4.2.0
INFO: [ app_init ] --START--
INFO: Run Behavior\BuildLiteBehavior [ RunTime:0.000000s ]
INFO: [ app_init ] --END-- [ RunTime:0.001000s ]
ERR: 无法加载模块:Application

[ 2016-05-25T17:46:41+08:00 ] ::1 /ProJ/ccblog/Application/Public/Home/Images/overlay.png
INFO: [ app_init ] --START--
INFO: Run Behavior\BuildLiteBehavior [ RunTime:0.000000s ]
INFO: [ app_init ] --END-- [ RunTime:0.003000s ]
ERR: 无法加载模块:Application

[ 2016-05-25T17:46:42+08:00 ] ::1 /ProJ/ccblog/Application/Public/Home/css/%7B$Think.const.FONTS_URL%7Dfontawesome-webfont.ttf?v=4.2.0
INFO: [ app_init ] --START--
INFO: Run Behavior\BuildLiteBehavior [ RunTime:0.000000s ]
INFO: [ app_init ] --END-- [ RunTime:0.001000s ]
ERR: 无法加载模块:Application

[ 2016-05-25T17:52:52+08:00 ] ::1 /ProJ/ccblog/Application/Public/Home/css/%7B$Think.const.FONTS_URL%7Dfontawesome-webfont.woff?v=4.2.0
INFO: [ app_init ] --START--
INFO: Run Behavior\BuildLiteBehavior [ RunTime:0.000000s ]
INFO: [ app_init ] --END-- [ RunTime:0.002000s ]
ERR: 无法加载模块:Application

[ 2016-05-25T17:52:53+08:00 ] ::1 /ProJ/ccblog/Application/Public/Home/Images/overlay.png
INFO: [ app_init ] --START--
INFO: Run Behavior\BuildLiteBehavior [ RunTime:0.000000s ]
INFO: [ app_init ] --END-- [ RunTime:0.001000s ]
ERR: 无法加载模块:Application

[ 2016-05-25T17:52:53+08:00 ] ::1 /ProJ/ccblog/Application/Public/Home/css/%7B$Think.const.FONTS_URL%7Dfontawesome-webfont.ttf?v=4.2.0
INFO: [ app_init ] --START--
INFO: Run Behavior\BuildLiteBehavior [ RunTime:0.000000s ]
INFO: [ app_init ] --END-- [ RunTime:0.001000s ]
ERR: 无法加载模块:Application

[ 2016-05-25T17:52:56+08:00 ] ::1 /ProJ/ccblog/Application/Public/Home/css/%7B$Think.const.FONTS_URL%7Dfontawesome-webfont.woff?v=4.2.0
INFO: [ app_init ] --START--
INFO: Run Behavior\BuildLiteBehavior [ RunTime:0.000000s ]
INFO: [ app_init ] --END-- [ RunTime:0.002000s ]
ERR: 无法加载模块:Application

[ 2016-05-25T17:52:56+08:00 ] ::1 /ProJ/ccblog/Application/Public/Home/css/%7B$Think.const.FONTS_URL%7Dfontawesome-webfont.ttf?v=4.2.0
INFO: [ app_init ] --START--
INFO: Run Behavior\BuildLiteBehavior [ RunTime:0.000000s ]
INFO: [ app_init ] --END-- [ RunTime:0.001000s ]
ERR: 无法加载模块:Application

[ 2016-05-25T17:52:56+08:00 ] ::1 /ProJ/ccblog/Application/Public/Home/Images/overlay.png
INFO: [ app_init ] --START--
INFO: Run Behavior\BuildLiteBehavior [ RunTime:0.000000s ]
INFO: [ app_init ] --END-- [ RunTime:0.002000s ]
ERR: 无法加载模块:Application

[ 2016-05-25T17:58:28+08:00 ] ::1 /ProJ/ccblog/Application/Public/Home/css/%7B$Think.const.FONTS_URL%7Dfontawesome-webfont.woff?v=4.2.0
INFO: [ app_init ] --START--
INFO: Run Behavior\BuildLiteBehavior [ RunTime:0.000000s ]
INFO: [ app_init ] --END-- [ RunTime:0.002000s ]
ERR: 无法加载模块:Application

[ 2016-05-25T17:58:28+08:00 ] ::1 /ProJ/ccblog/Application/Public/Home/Images/overlay.png
INFO: [ app_init ] --START--
INFO: Run Behavior\BuildLiteBehavior [ RunTime:0.000000s ]
INFO: [ app_init ] --END-- [ RunTime:0.001000s ]
ERR: 无法加载模块:Application

[ 2016-05-25T17:58:28+08:00 ] ::1 /ProJ/ccblog/Application/Public/Home/css/%7B$Think.const.FONTS_URL%7Dfontawesome-webfont.ttf?v=4.2.0
INFO: [ app_init ] --START--
INFO: Run Behavior\BuildLiteBehavior [ RunTime:0.000000s ]
INFO: [ app_init ] --END-- [ RunTime:0.001000s ]
ERR: 无法加载模块:Application

[ 2016-05-25T18:13:30+08:00 ] ::1 /ProJ/ccblog/index.php/ProJ/ccblog/index.php/Home/Self/uploadImg.html
INFO: [ app_init ] --START--
INFO: Run Behavior\BuildLiteBehavior [ RunTime:0.000000s ]
INFO: [ app_init ] --END-- [ RunTime:0.004000s ]
ERR: 无法加载模块:ProJ

[ 2016-05-25T18:13:36+08:00 ] ::1 /ProJ/ccblog/index.php/ProJ/ccblog/index.php/Home/Self/uploadImg.html
INFO: [ app_init ] --START--
INFO: Run Behavior\BuildLiteBehavior [ RunTime:0.000000s ]
INFO: [ app_init ] --END-- [ RunTime:0.003000s ]
ERR: 无法加载模块:ProJ

[ 2016-05-25T18:33:29+08:00 ] ::1 /ProJ/ccblog/index.php/ProJ/ccblog/index.php/Home/Self/uploadImg.html
INFO: [ app_init ] --START--
INFO: Run Behavior\BuildLiteBehavior [ RunTime:0.000000s ]
INFO: [ app_init ] --END-- [ RunTime:0.001000s ]
ERR: 无法加载模块:ProJ

[ 2016-05-25T19:00:45+08:00 ] ::1 /ProJ/ccblog/index.php/ProJ/ccblog/index.php/Home/Self/uploadImg.html
INFO: [ app_init ] --START--
INFO: Run Behavior\BuildLiteBehavior [ RunTime:0.000000s ]
INFO: [ app_init ] --END-- [ RunTime:0.002000s ]
ERR: 无法加载模块:ProJ

[ 2016-05-25T19:03:07+08:00 ] ::1 /ProJ/ccblog/index.php/ProJ/ccblog/index.php/Home/Self/uploadImg.html
INFO: [ app_init ] --START--
INFO: Run Behavior\BuildLiteBehavior [ RunTime:0.000000s ]
INFO: [ app_init ] --END-- [ RunTime:0.002000s ]
ERR: 无法加载模块:ProJ

[ 2016-05-25T19:03:57+08:00 ] ::1 /ProJ/ccblog/index.php/ProJ/ccblog/index.php/Home/Self/uploadImg.html
INFO: [ app_init ] --START--
INFO: Run Behavior\BuildLiteBehavior [ RunTime:0.000000s ]
INFO: [ app_init ] --END-- [ RunTime:0.005000s ]
ERR: 无法加载模块:ProJ

[ 2016-05-25T19:05:40+08:00 ] ::1 /ProJ/ccblog/index.php/ProJ/ccblog/index.php/Home/Self/uploadImg.html
INFO: [ app_init ] --START--
INFO: Run Behavior\BuildLiteBehavior [ RunTime:0.001000s ]
INFO: [ app_init ] --END-- [ RunTime:0.002000s ]
ERR: 无法加载模块:ProJ

[ 2016-05-25T19:07:41+08:00 ] ::1 /ProJ/ccblog/index.php/ProJ/ccblog/index.php/Home/Self/uploadImg.html
INFO: [ app_init ] --START--
INFO: Run Behavior\BuildLiteBehavior [ RunTime:0.000000s ]
INFO: [ app_init ] --END-- [ RunTime:0.001000s ]
ERR: 无法加载模块:ProJ

[ 2016-05-25T19:15:58+08:00 ] ::1 /ProJ/ccblog/index.php/ProJ/ccblog/index.php/Home/Self/uploadImg.html
INFO: [ app_init ] --START--
INFO: Run Behavior\BuildLiteBehavior [ RunTime:0.000000s ]
INFO: [ app_init ] --END-- [ RunTime:0.002000s ]
ERR: 无法加载模块:ProJ

[ 2016-05-25T19:16:03+08:00 ] ::1 /ProJ/ccblog/index.php/ProJ/ccblog/index.php/Home/Self/uploadImg.html
INFO: [ app_init ] --START--
INFO: Run Behavior\BuildLiteBehavior [ RunTime:0.000000s ]
INFO: [ app_init ] --END-- [ RunTime:0.001000s ]
ERR: 无法加载模块:ProJ

[ 2016-05-25T19:16:07+08:00 ] ::1 /ProJ/ccblog/index.php/ProJ/ccblog/index.php/Home/Self/uploadImg.html
INFO: [ app_init ] --START--
INFO: Run Behavior\BuildLiteBehavior [ RunTime:0.000000s ]
INFO: [ app_init ] --END-- [ RunTime:0.002000s ]
ERR: 无法加载模块:ProJ

[ 2016-05-25T19:16:10+08:00 ] ::1 /ProJ/ccblog/index.php/ProJ/ccblog/index.php/Home/Self/uploadImg.html
INFO: [ app_init ] --START--
INFO: Run Behavior\BuildLiteBehavior [ RunTime:0.000000s ]
INFO: [ app_init ] --END-- [ RunTime:0.001000s ]
ERR: 无法加载模块:ProJ

[ 2016-05-25T19:16:20+08:00 ] ::1 /ProJ/ccblog/index.php/ProJ/ccblog/index.php/Home/Self/uploadImg.html
INFO: [ app_init ] --START--
INFO: Run Behavior\BuildLiteBehavior [ RunTime:0.000000s ]
INFO: [ app_init ] --END-- [ RunTime:0.002000s ]
ERR: 无法加载模块:ProJ

[ 2016-05-25T19:18:07+08:00 ] ::1 /ProJ/ccblog/index.php/ProJ/ccblog/index.php/Home/Self/uploadImg.html
INFO: [ app_init ] --START--
INFO: Run Behavior\BuildLiteBehavior [ RunTime:0.000000s ]
INFO: [ app_init ] --END-- [ RunTime:0.002000s ]
ERR: 无法加载模块:ProJ

[ 2016-05-25T19:38:38+08:00 ] ::1 /ProJ/ccblog/Avatar/temp.jpg
INFO: [ app_init ] --START--
INFO: Run Behavior\BuildLiteBehavior [ RunTime:0.000000s ]
INFO: [ app_init ] --END-- [ RunTime:0.004000s ]
ERR: 无法加载模块:Avatar

[ 2016-05-25T19:38:39+08:00 ] ::1 /ProJ/ccblog/Avatar/avatar_60.jpg
INFO: [ app_init ] --START--
INFO: Run Behavior\BuildLiteBehavior [ RunTime:0.000000s ]
INFO: [ app_init ] --END-- [ RunTime:0.003000s ]
ERR: 无法加载模块:Avatar

[ 2016-05-25T19:38:39+08:00 ] ::1 /ProJ/ccblog/Avatar/temp.jpg
INFO: [ app_init ] --START--
INFO: Run Behavior\BuildLiteBehavior [ RunTime:0.001000s ]
INFO: [ app_init ] --END-- [ RunTime:0.002000s ]
ERR: 无法加载模块:Avatar

[ 2016-05-25T19:38:39+08:00 ] ::1 /ProJ/ccblog/Avatar/avatar_30.jpg
INFO: [ app_init ] --START--
INFO: Run Behavior\BuildLiteBehavior [ RunTime:0.002001s ]
INFO: [ app_init ] --END-- [ RunTime:0.004001s ]
ERR: 无法加载模块:Avatar

[ 2016-05-25T19:38:39+08:00 ] ::1 /ProJ/ccblog/Avatar/avatar_100.jpg
INFO: [ app_init ] --START--
INFO: Run Behavior\BuildLiteBehavior [ RunTime:0.000000s ]
INFO: [ app_init ] --END-- [ RunTime:0.004000s ]
ERR: 无法加载模块:Avatar

