[ 2016-05-24T14:19:58+08:00 ] ::1 /ProJ/ccblog/Application/Public/Home/Images/overlay.png
INFO: [ app_init ] --START--
INFO: Run Behavior\BuildLiteBehavior [ RunTime:0.001000s ]
INFO: [ app_init ] --END-- [ RunTime:0.002000s ]
ERR: 无法加载模块:Application

[ 2016-05-24T14:19:58+08:00 ] ::1 /ProJ/ccblog/Application/Public/Home/css/%7B$Think.const.FONTS_URL%7Dfontawesome-webfont.woff?v=4.2.0
INFO: [ app_init ] --START--
INFO: Run Behavior\BuildLiteBehavior [ RunTime:0.000000s ]
INFO: [ app_init ] --END-- [ RunTime:0.002000s ]
ERR: 无法加载模块:Application

[ 2016-05-24T14:19:58+08:00 ] ::1 /ProJ/ccblog/Application/Public/Home/css/%7B$Think.const.FONTS_URL%7Dfontawesome-webfont.ttf?v=4.2.0
INFO: [ app_init ] --START--
INFO: Run Behavior\BuildLiteBehavior [ RunTime:0.000000s ]
INFO: [ app_init ] --END-- [ RunTime:0.001000s ]
ERR: 无法加载模块:Application

[ 2016-05-24T14:20:23+08:00 ] ::1 /ProJ/ccblog/Application/Public/Home/css/%7B$Think.const.FONTS_URL%7Dfontawesome-webfont.woff?v=4.2.0
INFO: [ app_init ] --START--
INFO: Run Behavior\BuildLiteBehavior [ RunTime:0.000000s ]
INFO: [ app_init ] --END-- [ RunTime:0.004000s ]
ERR: 无法加载模块:Application

[ 2016-05-24T14:20:23+08:00 ] ::1 /ProJ/ccblog/Application/Public/Home/Images/overlay.png
INFO: [ app_init ] --START--
INFO: Run Behavior\BuildLiteBehavior [ RunTime:0.000000s ]
INFO: [ app_init ] --END-- [ RunTime:0.003000s ]
ERR: 无法加载模块:Application

[ 2016-05-24T14:20:23+08:00 ] ::1 /ProJ/ccblog/Application/Public/Home/css/%7B$Think.const.FONTS_URL%7Dfontawesome-webfont.ttf?v=4.2.0
INFO: [ app_init ] --START--
INFO: Run Behavior\BuildLiteBehavior [ RunTime:0.000000s ]
INFO: [ app_init ] --END-- [ RunTime:0.004000s ]
ERR: 无法加载模块:Application

[ 2016-05-24T14:21:36+08:00 ] ::1 /ProJ/ccblog/Application/Public/Home/Images/overlay.png
INFO: [ app_init ] --START--
INFO: Run Behavior\BuildLiteBehavior [ RunTime:0.000000s ]
INFO: [ app_init ] --END-- [ RunTime:0.028002s ]
ERR: 无法加载模块:Application

[ 2016-05-24T14:21:36+08:00 ] ::1 /ProJ/ccblog/Application/Public/Home/css/%7B$Think.const.FONTS_URL%7Dfontawesome-webfont.woff?v=4.2.0
INFO: [ app_init ] --START--
INFO: Run Behavior\BuildLiteBehavior [ RunTime:0.001000s ]
INFO: [ app_init ] --END-- [ RunTime:0.003000s ]
ERR: 无法加载模块:Application

[ 2016-05-24T14:21:36+08:00 ] ::1 /ProJ/ccblog/Application/Public/Home/css/%7B$Think.const.FONTS_URL%7Dfontawesome-webfont.ttf?v=4.2.0
INFO: [ app_init ] --START--
INFO: Run Behavior\BuildLiteBehavior [ RunTime:0.000000s ]
INFO: [ app_init ] --END-- [ RunTime:0.001001s ]
ERR: 无法加载模块:Application

[ 2016-05-24T15:55:46+08:00 ] ::1 /ProJ/ccblog/Application/Public/Home/fonts/OpenSans-Regular.ttf
INFO: [ app_init ] --START--
INFO: Run Behavior\BuildLiteBehavior [ RunTime:0.000000s ]
INFO: [ app_init ] --END-- [ RunTime:0.002000s ]
ERR: 无法加载模块:Application

[ 2016-05-24T15:55:47+08:00 ] ::1 /ProJ/ccblog/Application/Public/Home/fonts/glyphicons-halflings-regular.woff2
INFO: [ app_init ] --START--
INFO: Run Behavior\BuildLiteBehavior [ RunTime:0.000000s ]
INFO: [ app_init ] --END-- [ RunTime:0.002000s ]
ERR: 无法加载模块:Application

[ 2016-05-24T15:55:47+08:00 ] ::1 /ProJ/ccblog/Application/Public/Home/fonts/glyphicons-halflings-regular.woff
INFO: [ app_init ] --START--
INFO: Run Behavior\BuildLiteBehavior [ RunTime:0.000000s ]
INFO: [ app_init ] --END-- [ RunTime:0.004000s ]
ERR: 无法加载模块:Application

[ 2016-05-24T15:55:47+08:00 ] ::1 /ProJ/ccblog/Application/Public/Home/fonts/glyphicons-halflings-regular.ttf
INFO: [ app_init ] --START--
INFO: Run Behavior\BuildLiteBehavior [ RunTime:0.000000s ]
INFO: [ app_init ] --END-- [ RunTime:0.002000s ]
ERR: 无法加载模块:Application

[ 2016-05-24T15:55:48+08:00 ] ::1 /ProJ/ccblog/Application/Public/Home/fonts/Nunito-Bold.ttf
INFO: [ app_init ] --START--
INFO: Run Behavior\BuildLiteBehavior [ RunTime:0.000000s ]
INFO: [ app_init ] --END-- [ RunTime:0.001000s ]
ERR: 无法加载模块:Application

[ 2016-05-24T15:56:24+08:00 ] ::1 /ProJ/ccblog/Application/Public/Home/fonts/Nunito-Bold.ttf
INFO: [ app_init ] --START--
INFO: Run Behavior\BuildLiteBehavior [ RunTime:0.001000s ]
INFO: [ app_init ] --END-- [ RunTime:0.002000s ]
ERR: 无法加载模块:Application

[ 2016-05-24T15:56:24+08:00 ] ::1 /ProJ/ccblog/Application/Public/Home/fonts/glyphicons-halflings-regular.woff2
INFO: [ app_init ] --START--
INFO: Run Behavior\BuildLiteBehavior [ RunTime:0.000000s ]
INFO: [ app_init ] --END-- [ RunTime:0.002000s ]
ERR: 无法加载模块:Application

[ 2016-05-24T15:56:24+08:00 ] ::1 /ProJ/ccblog/Application/Public/Home/fonts/glyphicons-halflings-regular.woff
INFO: [ app_init ] --START--
INFO: Run Behavior\BuildLiteBehavior [ RunTime:0.000000s ]
INFO: [ app_init ] --END-- [ RunTime:0.002000s ]
ERR: 无法加载模块:Application

[ 2016-05-24T15:56:24+08:00 ] ::1 /ProJ/ccblog/Application/Public/Home/fonts/OpenSans-Regular.ttf
INFO: [ app_init ] --START--
INFO: Run Behavior\BuildLiteBehavior [ RunTime:0.000000s ]
INFO: [ app_init ] --END-- [ RunTime:0.001000s ]
ERR: 无法加载模块:Application

[ 2016-05-24T15:56:24+08:00 ] ::1 /ProJ/ccblog/Application/Public/Home/fonts/glyphicons-halflings-regular.ttf
INFO: [ app_init ] --START--
INFO: Run Behavior\BuildLiteBehavior [ RunTime:0.000000s ]
INFO: [ app_init ] --END-- [ RunTime:0.002000s ]
ERR: 无法加载模块:Application

[ 2016-05-24T16:28:47+08:00 ] ::1 /ProJ/ccblog/Application/Public/Home/css/%7B$Think.const.FONTS_URL%7Dfontawesome-webfont.woff?v=4.2.0
INFO: [ app_init ] --START--
INFO: Run Behavior\BuildLiteBehavior [ RunTime:0.000000s ]
INFO: [ app_init ] --END-- [ RunTime:0.002000s ]
ERR: 无法加载模块:Application

[ 2016-05-24T16:28:48+08:00 ] ::1 /ProJ/ccblog/Application/Public/Home/Images/overlay.png
INFO: [ app_init ] --START--
INFO: Run Behavior\BuildLiteBehavior [ RunTime:0.000000s ]
INFO: [ app_init ] --END-- [ RunTime:0.021001s ]
ERR: 无法加载模块:Application

[ 2016-05-24T16:28:48+08:00 ] ::1 /ProJ/ccblog/Application/Public/Home/css/%7B$Think.const.FONTS_URL%7Dfontawesome-webfont.ttf?v=4.2.0
INFO: [ app_init ] --START--
INFO: Run Behavior\BuildLiteBehavior [ RunTime:0.000000s ]
INFO: [ app_init ] --END-- [ RunTime:0.012001s ]
ERR: 无法加载模块:Application

[ 2016-05-24T16:28:53+08:00 ] ::1 /ProJ/ccblog/Application/Public/Home/css/%7B$Think.const.FONTS_URL%7Dfontawesome-webfont.woff?v=4.2.0
INFO: [ app_init ] --START--
INFO: Run Behavior\BuildLiteBehavior [ RunTime:0.000000s ]
INFO: [ app_init ] --END-- [ RunTime:0.002000s ]
ERR: 无法加载模块:Application

[ 2016-05-24T16:28:53+08:00 ] ::1 /ProJ/ccblog/Application/Public/Home/Images/overlay.png
INFO: [ app_init ] --START--
INFO: Run Behavior\BuildLiteBehavior [ RunTime:0.000000s ]
INFO: [ app_init ] --END-- [ RunTime:0.001000s ]
ERR: 无法加载模块:Application

[ 2016-05-24T16:28:54+08:00 ] ::1 /ProJ/ccblog/Application/Public/Home/css/%7B$Think.const.FONTS_URL%7Dfontawesome-webfont.ttf?v=4.2.0
INFO: [ app_init ] --START--
INFO: Run Behavior\BuildLiteBehavior [ RunTime:0.000000s ]
INFO: [ app_init ] --END-- [ RunTime:0.058003s ]
ERR: 无法加载模块:Application

[ 2016-05-24T19:26:24+08:00 ] ::1 /ProJ/ccblog/Application/Public/Home/css/%7B$Think.const.FONTS_URL%7Dfontawesome-webfont.woff?v=4.2.0
INFO: [ app_init ] --START--
INFO: Run Behavior\BuildLiteBehavior [ RunTime:0.000000s ]
INFO: [ app_init ] --END-- [ RunTime:0.020001s ]
ERR: 无法加载模块:Application

[ 2016-05-24T19:26:24+08:00 ] ::1 /ProJ/ccblog/Application/Public/Home/Images/overlay.png
INFO: [ app_init ] --START--
INFO: Run Behavior\BuildLiteBehavior [ RunTime:0.000000s ]
INFO: [ app_init ] --END-- [ RunTime:0.002000s ]
ERR: 无法加载模块:Application

[ 2016-05-24T19:26:25+08:00 ] ::1 /ProJ/ccblog/Application/Public/Home/css/%7B$Think.const.FONTS_URL%7Dfontawesome-webfont.ttf?v=4.2.0
INFO: [ app_init ] --START--
INFO: Run Behavior\BuildLiteBehavior [ RunTime:0.001000s ]
INFO: [ app_init ] --END-- [ RunTime:0.002000s ]
ERR: 无法加载模块:Application

[ 2016-05-24T19:44:49+08:00 ] ::1 /ProJ/ccblog/Application/Public/Home/css/%7B$Think.const.FONTS_URL%7Dfontawesome-webfont.woff?v=4.2.0
INFO: [ app_init ] --START--
INFO: Run Behavior\BuildLiteBehavior [ RunTime:0.000000s ]
INFO: [ app_init ] --END-- [ RunTime:0.001000s ]
ERR: 无法加载模块:Application

[ 2016-05-24T19:44:49+08:00 ] ::1 /ProJ/ccblog/Application/Public/Home/Images/overlay.png
INFO: [ app_init ] --START--
INFO: Run Behavior\BuildLiteBehavior [ RunTime:0.000000s ]
INFO: [ app_init ] --END-- [ RunTime:0.001001s ]
ERR: 无法加载模块:Application

[ 2016-05-24T19:44:50+08:00 ] ::1 /ProJ/ccblog/Application/Public/Home/css/%7B$Think.const.FONTS_URL%7Dfontawesome-webfont.ttf?v=4.2.0
INFO: [ app_init ] --START--
INFO: Run Behavior\BuildLiteBehavior [ RunTime:0.000000s ]
INFO: [ app_init ] --END-- [ RunTime:0.002000s ]
ERR: 无法加载模块:Application

[ 2016-05-24T19:44:59+08:00 ] ::1 /ProJ/ccblog/Application/Public/Home/css/%7B$Think.const.IMG_URL%7Dupdate.jpg
INFO: [ app_init ] --START--
INFO: Run Behavior\BuildLiteBehavior [ RunTime:0.000000s ]
INFO: [ app_init ] --END-- [ RunTime:0.005001s ]
ERR: 无法加载模块:Application

[ 2016-05-24T19:47:15+08:00 ] ::1 /ProJ/ccblog/Application/Public/Home/css/%7B$Think.const.FONTS_URL%7Dfontawesome-webfont.woff?v=4.2.0
INFO: [ app_init ] --START--
INFO: Run Behavior\BuildLiteBehavior [ RunTime:0.000000s ]
INFO: [ app_init ] --END-- [ RunTime:0.001000s ]
ERR: 无法加载模块:Application

[ 2016-05-24T19:47:16+08:00 ] ::1 /ProJ/ccblog/Application/Public/Home/Images/overlay.png
INFO: [ app_init ] --START--
INFO: Run Behavior\BuildLiteBehavior [ RunTime:0.000000s ]
INFO: [ app_init ] --END-- [ RunTime:0.001000s ]
ERR: 无法加载模块:Application

[ 2016-05-24T19:47:16+08:00 ] ::1 /ProJ/ccblog/Application/Public/Home/css/%7B$Think.const.FONTS_URL%7Dfontawesome-webfont.ttf?v=4.2.0
INFO: [ app_init ] --START--
INFO: Run Behavior\BuildLiteBehavior [ RunTime:0.000000s ]
INFO: [ app_init ] --END-- [ RunTime:0.009000s ]
ERR: 无法加载模块:Application

[ 2016-05-24T19:47:49+08:00 ] ::1 /ProJ/ccblog/Application/Public/Home/images/hupdate.css
INFO: [ app_init ] --START--
INFO: Run Behavior\BuildLiteBehavior [ RunTime:0.000000s ]
INFO: [ app_init ] --END-- [ RunTime:0.001000s ]
ERR: 无法加载模块:Application

[ 2016-05-24T19:47:50+08:00 ] ::1 /ProJ/ccblog/Application/Public/Home/images/hupdate.css
INFO: [ app_init ] --START--
INFO: Run Behavior\BuildLiteBehavior [ RunTime:0.000000s ]
INFO: [ app_init ] --END-- [ RunTime:0.002000s ]
ERR: 无法加载模块:Application

[ 2016-05-24T19:49:35+08:00 ] ::1 /ProJ/ccblog/Application/Public/Home/css/%7B$Think.const.IMG_URL%7Dupdate.jpg
INFO: [ app_init ] --START--
INFO: Run Behavior\BuildLiteBehavior [ RunTime:0.000000s ]
INFO: [ app_init ] --END-- [ RunTime:0.001000s ]
ERR: 无法加载模块:Application

[ 2016-05-24T19:49:40+08:00 ] ::1 /ProJ/ccblog/Application/Public/Home/css/%7B$Think.const.IMG_URL%7Dupdate.jpg
INFO: [ app_init ] --START--
INFO: Run Behavior\BuildLiteBehavior [ RunTime:0.000000s ]
INFO: [ app_init ] --END-- [ RunTime:0.001000s ]
ERR: 无法加载模块:Application

[ 2016-05-24T19:51:25+08:00 ] 127.0.0.1 /ProJ/ccblog/Application/Public/Home/css/%7B$Think.const.IMG_URL%7Dupdate.jpg
INFO: [ app_init ] --START--
INFO: Run Behavior\BuildLiteBehavior [ RunTime:0.000000s ]
INFO: [ app_init ] --END-- [ RunTime:0.003000s ]
ERR: 无法加载模块:Application

[ 2016-05-24T19:52:21+08:00 ] 127.0.0.1 /ProJ/ccblog/Application/Public/Home/css/%7B$Think.const.IMG_URL%7Dupdate.jpg
INFO: [ app_init ] --START--
INFO: Run Behavior\BuildLiteBehavior [ RunTime:0.000000s ]
INFO: [ app_init ] --END-- [ RunTime:0.001000s ]
ERR: 无法加载模块:Application

[ 2016-05-24T19:53:31+08:00 ] 127.0.0.1 /ProJ/ccblog/Application/Public/Home/update.jpg
INFO: [ app_init ] --START--
INFO: Run Behavior\BuildLiteBehavior [ RunTime:0.000000s ]
INFO: [ app_init ] --END-- [ RunTime:0.003000s ]
ERR: 无法加载模块:Application

