[ 2016-05-21T17:12:17+08:00 ] ::1 /ProJ/ccblog/Application/Public/Home/css/%7B$Think.const.FONTS_URL%7Dfontawesome-webfont.woff?v=4.2.0
INFO: [ app_init ] --START--
INFO: Run Behavior\BuildLiteBehavior [ RunTime:0.000000s ]
INFO: [ app_init ] --END-- [ RunTime:0.001000s ]
ERR: 无法加载模块:Application

[ 2016-05-21T17:12:18+08:00 ] ::1 /ProJ/ccblog/Application/Public/Home/Images/overlay.png
INFO: [ app_init ] --START--
INFO: Run Behavior\BuildLiteBehavior [ RunTime:0.000000s ]
INFO: [ app_init ] --END-- [ RunTime:0.001000s ]
ERR: 无法加载模块:Application

[ 2016-05-21T17:12:18+08:00 ] ::1 /ProJ/ccblog/Application/Public/Home/css/%7B$Think.const.FONTS_URL%7Dfontawesome-webfont.ttf?v=4.2.0
INFO: [ app_init ] --START--
INFO: Run Behavior\BuildLiteBehavior [ RunTime:0.000000s ]
INFO: [ app_init ] --END-- [ RunTime:0.001000s ]
ERR: 无法加载模块:Application

[ 2016-05-21T18:57:07+08:00 ] ::1 /ProJ/ccblog/Application/Public/Upload/%7Bk.meipicture%7D
INFO: [ app_init ] --START--
INFO: Run Behavior\BuildLiteBehavior [ RunTime:0.000000s ]
INFO: [ app_init ] --END-- [ RunTime:0.001000s ]
ERR: 无法加载模块:Application

[ 2016-05-21T18:58:48+08:00 ] ::1 /ProJ/ccblog/Application/Public/Upload/Upload/2016-05-17/573ad6e8054a0.jpg
INFO: [ app_init ] --START--
INFO: Run Behavior\BuildLiteBehavior [ RunTime:0.000000s ]
INFO: [ app_init ] --END-- [ RunTime:0.002000s ]
ERR: 无法加载模块:Application

[ 2016-05-21T18:58:48+08:00 ] ::1 /ProJ/ccblog/Application/Public/Upload/Upload/2016-05-17/573ad80846980.jpg
INFO: [ app_init ] --START--
INFO: Run Behavior\BuildLiteBehavior [ RunTime:0.000000s ]
INFO: [ app_init ] --END-- [ RunTime:0.002001s ]
ERR: 无法加载模块:Application

[ 2016-05-21T18:59:11+08:00 ] ::1 /ProJ/ccblog/Application/Public/Upload/Upload/2016-05-17/573ad6e8054a0.jpg
INFO: [ app_init ] --START--
INFO: Run Behavior\BuildLiteBehavior [ RunTime:0.000000s ]
INFO: [ app_init ] --END-- [ RunTime:0.001000s ]
ERR: 无法加载模块:Application

[ 2016-05-21T18:59:11+08:00 ] ::1 /ProJ/ccblog/Application/Public/Upload/Upload/2016-05-17/573ad80846980.jpg
INFO: [ app_init ] --START--
INFO: Run Behavior\BuildLiteBehavior [ RunTime:0.000000s ]
INFO: [ app_init ] --END-- [ RunTime:0.001000s ]
ERR: 无法加载模块:Application

[ 2016-05-21T18:59:38+08:00 ] 127.0.0.1 /ProJ/ccblog/Application/Public/Upload/Upload/2016-05-17/573ad6e8054a0.jpg
INFO: [ app_init ] --START--
INFO: Run Behavior\BuildLiteBehavior [ RunTime:0.000000s ]
INFO: [ app_init ] --END-- [ RunTime:0.001000s ]
ERR: 无法加载模块:Application

[ 2016-05-21T18:59:38+08:00 ] 127.0.0.1 /ProJ/ccblog/Application/Public/Upload/Upload/2016-05-17/573ad80846980.jpg
INFO: [ app_init ] --START--
INFO: Run Behavior\BuildLiteBehavior [ RunTime:0.000000s ]
INFO: [ app_init ] --END-- [ RunTime:0.001000s ]
ERR: 无法加载模块:Application

[ 2016-05-21T18:59:39+08:00 ] 127.0.0.1 /ProJ/ccblog/Application/Public/Home/css/%7B$Think.const.FONTS_URL%7Dfontawesome-webfont.eot?
INFO: [ app_init ] --START--
INFO: Run Behavior\BuildLiteBehavior [ RunTime:0.000000s ]
INFO: [ app_init ] --END-- [ RunTime:0.001001s ]
ERR: 无法加载模块:Application

[ 2016-05-21T18:59:39+08:00 ] 127.0.0.1 /ProJ/ccblog/Application/Public/Home/css/%7B$Think.const.FONTS_URL%7Dfontawesome-webfont.woff?v=4.2.0
INFO: [ app_init ] --START--
INFO: Run Behavior\BuildLiteBehavior [ RunTime:0.000000s ]
INFO: [ app_init ] --END-- [ RunTime:0.002000s ]
ERR: 无法加载模块:Application

[ 2016-05-21T18:59:39+08:00 ] 127.0.0.1 /ProJ/ccblog/Application/Public/Home/Images/overlay.png
INFO: [ app_init ] --START--
INFO: Run Behavior\BuildLiteBehavior [ RunTime:0.000000s ]
INFO: [ app_init ] --END-- [ RunTime:0.002000s ]
ERR: 无法加载模块:Application

[ 2016-05-21T18:59:39+08:00 ] 127.0.0.1 /ProJ/ccblog/Application/Public/Home/css/%7B$Think.const.FONTS_URL%7Dfontawesome-webfont.ttf?v=4.2.0
INFO: [ app_init ] --START--
INFO: Run Behavior\BuildLiteBehavior [ RunTime:0.000000s ]
INFO: [ app_init ] --END-- [ RunTime:0.001000s ]
ERR: 无法加载模块:Application

[ 2016-05-21T18:59:56+08:00 ] 127.0.0.1 /ProJ/ccblog/Application/Public/Upload/Upload/2016-05-17/573ad6e8054a0.jpg
INFO: [ app_init ] --START--
INFO: Run Behavior\BuildLiteBehavior [ RunTime:0.000000s ]
INFO: [ app_init ] --END-- [ RunTime:0.001000s ]
ERR: 无法加载模块:Application

[ 2016-05-21T18:59:57+08:00 ] 127.0.0.1 /ProJ/ccblog/Application/Public/Upload/Upload/2016-05-17/573ad80846980.jpg
INFO: [ app_init ] --START--
INFO: Run Behavior\BuildLiteBehavior [ RunTime:0.000000s ]
INFO: [ app_init ] --END-- [ RunTime:0.001000s ]
ERR: 无法加载模块:Application

[ 2016-05-21T18:59:57+08:00 ] 127.0.0.1 /ProJ/ccblog/Application/Public/Home/css/%7B$Think.const.FONTS_URL%7Dfontawesome-webfont.eot?
INFO: [ app_init ] --START--
INFO: Run Behavior\BuildLiteBehavior [ RunTime:0.000000s ]
INFO: [ app_init ] --END-- [ RunTime:0.002000s ]
ERR: 无法加载模块:Application

[ 2016-05-21T18:59:57+08:00 ] 127.0.0.1 /ProJ/ccblog/Application/Public/Home/Images/overlay.png
INFO: [ app_init ] --START--
INFO: Run Behavior\BuildLiteBehavior [ RunTime:0.000000s ]
INFO: [ app_init ] --END-- [ RunTime:0.001000s ]
ERR: 无法加载模块:Application

[ 2016-05-21T18:59:57+08:00 ] 127.0.0.1 /ProJ/ccblog/Application/Public/Home/css/%7B$Think.const.FONTS_URL%7Dfontawesome-webfont.woff?v=4.2.0
INFO: [ app_init ] --START--
INFO: Run Behavior\BuildLiteBehavior [ RunTime:0.000000s ]
INFO: [ app_init ] --END-- [ RunTime:0.002000s ]
ERR: 无法加载模块:Application

[ 2016-05-21T18:59:57+08:00 ] 127.0.0.1 /ProJ/ccblog/Application/Public/Home/css/%7B$Think.const.FONTS_URL%7Dfontawesome-webfont.ttf?v=4.2.0
INFO: [ app_init ] --START--
INFO: Run Behavior\BuildLiteBehavior [ RunTime:0.000000s ]
INFO: [ app_init ] --END-- [ RunTime:0.002000s ]
ERR: 无法加载模块:Application

[ 2016-05-21T20:21:10+08:00 ] ::1 /ProJ/ccblog/Application/Public/17/573ad8fa6f543.png
INFO: [ app_init ] --START--
INFO: Run Behavior\BuildLiteBehavior [ RunTime:0.001000s ]
INFO: [ app_init ] --END-- [ RunTime:0.002000s ]
ERR: 无法加载模块:Application

[ 2016-05-21T20:21:15+08:00 ] ::1 /ProJ/ccblog/Application/Public/17/573ad8fa6f543.png
INFO: [ app_init ] --START--
INFO: Run Behavior\BuildLiteBehavior [ RunTime:0.000000s ]
INFO: [ app_init ] --END-- [ RunTime:0.002000s ]
ERR: 无法加载模块:Application

[ 2016-05-21T20:21:22+08:00 ] ::1 /ProJ/ccblog/Application/Public/17/573ad8fa6f543.png
INFO: [ app_init ] --START--
INFO: Run Behavior\BuildLiteBehavior [ RunTime:0.000000s ]
INFO: [ app_init ] --END-- [ RunTime:0.001000s ]
ERR: 无法加载模块:Application

[ 2016-05-21T21:29:53+08:00 ] ::1 /ProJ/ccblog/Application/Public/Home/css/down-arrow.png
INFO: [ app_init ] --START--
INFO: Run Behavior\BuildLiteBehavior [ RunTime:0.000000s ]
INFO: [ app_init ] --END-- [ RunTime:0.005000s ]
ERR: 无法加载模块:Application

