[ 2016-05-22T00:01:28+08:00 ] 127.0.0.1 /ProJ/ccblog/Application/Public/Home/css/%7B$Think.const.FONTS_URL%7Dfontawesome-webfont.eot?
INFO: [ app_init ] --START--
INFO: Run Behavior\BuildLiteBehavior [ RunTime:0.000000s ]
INFO: [ app_init ] --END-- [ RunTime:0.010000s ]
ERR: 无法加载模块:Application

[ 2016-05-22T00:01:29+08:00 ] 127.0.0.1 /ProJ/ccblog/Application/Public/Home/css/%7B$Think.const.FONTS_URL%7Dfontawesome-webfont.woff?v=4.2.0
INFO: [ app_init ] --START--
INFO: Run Behavior\BuildLiteBehavior [ RunTime:0.000000s ]
INFO: [ app_init ] --END-- [ RunTime:0.005000s ]
ERR: 无法加载模块:Application

[ 2016-05-22T00:01:29+08:00 ] 127.0.0.1 /ProJ/ccblog/Application/Public/Home/Images/overlay.png
INFO: [ app_init ] --START--
INFO: Run Behavior\BuildLiteBehavior [ RunTime:0.000000s ]
INFO: [ app_init ] --END-- [ RunTime:0.002500s ]
ERR: 无法加载模块:Application

[ 2016-05-22T00:01:29+08:00 ] 127.0.0.1 /ProJ/ccblog/Application/Public/Home/css/%7B$Think.const.FONTS_URL%7Dfontawesome-webfont.ttf?v=4.2.0
INFO: [ app_init ] --START--
INFO: Run Behavior\BuildLiteBehavior [ RunTime:0.000000s ]
INFO: [ app_init ] --END-- [ RunTime:0.000000s ]
ERR: 无法加载模块:Application

[ 2016-05-22T00:01:42+08:00 ] 127.0.0.1 /ProJ/ccblog/Application/Public/Home/css/%7B$Think.const.FONTS_URL%7Dfontawesome-webfont.eot?
INFO: [ app_init ] --START--
INFO: Run Behavior\BuildLiteBehavior [ RunTime:0.000000s ]
INFO: [ app_init ] --END-- [ RunTime:0.000000s ]
ERR: 无法加载模块:Application

[ 2016-05-22T00:01:42+08:00 ] 127.0.0.1 /ProJ/ccblog/Application/Public/Home/Images/overlay.png
INFO: [ app_init ] --START--
INFO: Run Behavior\BuildLiteBehavior [ RunTime:0.000000s ]
INFO: [ app_init ] --END-- [ RunTime:0.000000s ]
ERR: 无法加载模块:Application

[ 2016-05-22T00:01:42+08:00 ] 127.0.0.1 /ProJ/ccblog/Application/Public/Home/css/%7B$Think.const.FONTS_URL%7Dfontawesome-webfont.woff?v=4.2.0
INFO: [ app_init ] --START--
INFO: Run Behavior\BuildLiteBehavior [ RunTime:0.000000s ]
INFO: [ app_init ] --END-- [ RunTime:0.007500s ]
ERR: 无法加载模块:Application

[ 2016-05-22T00:01:42+08:00 ] 127.0.0.1 /ProJ/ccblog/Application/Public/Home/css/%7B$Think.const.FONTS_URL%7Dfontawesome-webfont.ttf?v=4.2.0
INFO: [ app_init ] --START--
INFO: Run Behavior\BuildLiteBehavior [ RunTime:0.000000s ]
INFO: [ app_init ] --END-- [ RunTime:0.002500s ]
ERR: 无法加载模块:Application

[ 2016-05-22T08:39:08+08:00 ] 127.0.0.1 /ProJ/ccblog/Application/Public/Home/css/%7B$Think.const.FONTS_URL%7Dfontawesome-webfont.eot?
INFO: [ app_init ] --START--
INFO: Run Behavior\BuildLiteBehavior [ RunTime:0.000000s ]
INFO: [ app_init ] --END-- [ RunTime:0.000000s ]
ERR: 无法加载模块:Application

[ 2016-05-22T08:39:08+08:00 ] 127.0.0.1 /ProJ/ccblog/Application/Public/Home/Images/overlay.png
INFO: [ app_init ] --START--
INFO: Run Behavior\BuildLiteBehavior [ RunTime:0.000000s ]
INFO: [ app_init ] --END-- [ RunTime:0.000000s ]
ERR: 无法加载模块:Application

[ 2016-05-22T08:39:08+08:00 ] 127.0.0.1 /ProJ/ccblog/Application/Public/Home/css/%7B$Think.const.FONTS_URL%7Dfontawesome-webfont.woff?v=4.2.0
INFO: [ app_init ] --START--
INFO: Run Behavior\BuildLiteBehavior [ RunTime:0.000000s ]
INFO: [ app_init ] --END-- [ RunTime:0.015600s ]
ERR: 无法加载模块:Application

[ 2016-05-22T08:39:08+08:00 ] 127.0.0.1 /ProJ/ccblog/Application/Public/Home/css/%7B$Think.const.FONTS_URL%7Dfontawesome-webfont.ttf?v=4.2.0
INFO: [ app_init ] --START--
INFO: Run Behavior\BuildLiteBehavior [ RunTime:0.000000s ]
INFO: [ app_init ] --END-- [ RunTime:0.000000s ]
ERR: 无法加载模块:Application

[ 2016-05-22T08:39:13+08:00 ] 127.0.0.1 /ProJ/ccblog/Application/Public/Home/css/%7B$Think.const.FONTS_URL%7Dfontawesome-webfont.eot?
INFO: [ app_init ] --START--
INFO: Run Behavior\BuildLiteBehavior [ RunTime:0.000000s ]
INFO: [ app_init ] --END-- [ RunTime:0.015600s ]
ERR: 无法加载模块:Application

[ 2016-05-22T08:39:13+08:00 ] 127.0.0.1 /ProJ/ccblog/Application/Public/Home/Images/overlay.png
INFO: [ app_init ] --START--
INFO: Run Behavior\BuildLiteBehavior [ RunTime:0.000000s ]
INFO: [ app_init ] --END-- [ RunTime:0.015600s ]
ERR: 无法加载模块:Application

[ 2016-05-22T08:39:13+08:00 ] 127.0.0.1 /ProJ/ccblog/Application/Public/Home/css/%7B$Think.const.FONTS_URL%7Dfontawesome-webfont.woff?v=4.2.0
INFO: [ app_init ] --START--
INFO: Run Behavior\BuildLiteBehavior [ RunTime:0.000000s ]
INFO: [ app_init ] --END-- [ RunTime:0.000000s ]
ERR: 无法加载模块:Application

[ 2016-05-22T08:39:13+08:00 ] 127.0.0.1 /ProJ/ccblog/Application/Public/Home/css/%7B$Think.const.FONTS_URL%7Dfontawesome-webfont.ttf?v=4.2.0
INFO: [ app_init ] --START--
INFO: Run Behavior\BuildLiteBehavior [ RunTime:0.000000s ]
INFO: [ app_init ] --END-- [ RunTime:0.000000s ]
ERR: 无法加载模块:Application

[ 2016-05-22T08:48:16+08:00 ] 127.0.0.1 /ProJ/ccblog/Application/Public/Home/css/%7B$Think.const.FONTS_URL%7Dfontawesome-webfont.eot?
INFO: [ app_init ] --START--
INFO: Run Behavior\BuildLiteBehavior [ RunTime:0.000000s ]
INFO: [ app_init ] --END-- [ RunTime:0.015600s ]
ERR: 无法加载模块:Application

[ 2016-05-22T08:48:16+08:00 ] 127.0.0.1 /ProJ/ccblog/Application/Public/Home/css/%7B$Think.const.FONTS_URL%7Dfontawesome-webfont.woff?v=4.2.0
INFO: [ app_init ] --START--
INFO: Run Behavior\BuildLiteBehavior [ RunTime:0.000000s ]
INFO: [ app_init ] --END-- [ RunTime:0.000000s ]
ERR: 无法加载模块:Application

[ 2016-05-22T08:48:16+08:00 ] 127.0.0.1 /ProJ/ccblog/Application/Public/Home/Images/overlay.png
INFO: [ app_init ] --START--
INFO: Run Behavior\BuildLiteBehavior [ RunTime:0.000000s ]
INFO: [ app_init ] --END-- [ RunTime:0.015600s ]
ERR: 无法加载模块:Application

[ 2016-05-22T08:48:17+08:00 ] 127.0.0.1 /ProJ/ccblog/Application/Public/Home/css/%7B$Think.const.FONTS_URL%7Dfontawesome-webfont.ttf?v=4.2.0
INFO: [ app_init ] --START--
INFO: Run Behavior\BuildLiteBehavior [ RunTime:0.000000s ]
INFO: [ app_init ] --END-- [ RunTime:0.000000s ]
ERR: 无法加载模块:Application

[ 2016-05-22T08:48:42+08:00 ] 127.0.0.1 /ProJ/ccblog/Application/Public/Home/css/%7B$Think.const.FONTS_URL%7Dfontawesome-webfont.eot?
INFO: [ app_init ] --START--
INFO: Run Behavior\BuildLiteBehavior [ RunTime:0.000000s ]
INFO: [ app_init ] --END-- [ RunTime:0.000000s ]
ERR: 无法加载模块:Application

[ 2016-05-22T08:48:43+08:00 ] 127.0.0.1 /ProJ/ccblog/Application/Public/Home/Images/overlay.png
INFO: [ app_init ] --START--
INFO: Run Behavior\BuildLiteBehavior [ RunTime:0.000000s ]
INFO: [ app_init ] --END-- [ RunTime:0.000000s ]
ERR: 无法加载模块:Application

[ 2016-05-22T08:48:43+08:00 ] 127.0.0.1 /ProJ/ccblog/Application/Public/Home/css/%7B$Think.const.FONTS_URL%7Dfontawesome-webfont.woff?v=4.2.0
INFO: [ app_init ] --START--
INFO: Run Behavior\BuildLiteBehavior [ RunTime:0.000000s ]
INFO: [ app_init ] --END-- [ RunTime:0.000000s ]
ERR: 无法加载模块:Application

[ 2016-05-22T08:48:43+08:00 ] 127.0.0.1 /ProJ/ccblog/Application/Public/Home/css/%7B$Think.const.FONTS_URL%7Dfontawesome-webfont.ttf?v=4.2.0
INFO: [ app_init ] --START--
INFO: Run Behavior\BuildLiteBehavior [ RunTime:0.000000s ]
INFO: [ app_init ] --END-- [ RunTime:0.015600s ]
ERR: 无法加载模块:Application

[ 2016-05-22T09:01:33+08:00 ] ::1 /ProJ/ccblog/Application/Public/Home/css/%7B$Think.const.FONTS_URL%7Dfontawesome-webfont.woff?v=4.2.0
INFO: [ app_init ] --START--
INFO: Run Behavior\BuildLiteBehavior [ RunTime:0.000000s ]
INFO: [ app_init ] --END-- [ RunTime:0.002000s ]
ERR: 无法加载模块:Application

[ 2016-05-22T09:01:33+08:00 ] ::1 /ProJ/ccblog/Application/Public/Home/Images/overlay.png
INFO: [ app_init ] --START--
INFO: Run Behavior\BuildLiteBehavior [ RunTime:0.001000s ]
INFO: [ app_init ] --END-- [ RunTime:0.002000s ]
ERR: 无法加载模块:Application

[ 2016-05-22T09:01:33+08:00 ] ::1 /ProJ/ccblog/Application/Public/Home/css/%7B$Think.const.FONTS_URL%7Dfontawesome-webfont.ttf?v=4.2.0
INFO: [ app_init ] --START--
INFO: Run Behavior\BuildLiteBehavior [ RunTime:0.000000s ]
INFO: [ app_init ] --END-- [ RunTime:0.001000s ]
ERR: 无法加载模块:Application

[ 2016-05-22T09:02:03+08:00 ] ::1 /ProJ/ccblog/Application/Public/Home/css/%7B$Think.const.FONTS_URL%7Dfontawesome-webfont.woff?v=4.2.0
INFO: [ app_init ] --START--
INFO: Run Behavior\BuildLiteBehavior [ RunTime:0.000000s ]
INFO: [ app_init ] --END-- [ RunTime:0.002000s ]
ERR: 无法加载模块:Application

[ 2016-05-22T09:02:03+08:00 ] ::1 /ProJ/ccblog/Application/Public/Home/Images/overlay.png
INFO: [ app_init ] --START--
INFO: Run Behavior\BuildLiteBehavior [ RunTime:0.000000s ]
INFO: [ app_init ] --END-- [ RunTime:0.001000s ]
ERR: 无法加载模块:Application

[ 2016-05-22T09:02:03+08:00 ] ::1 /ProJ/ccblog/Application/Public/Home/css/%7B$Think.const.FONTS_URL%7Dfontawesome-webfont.ttf?v=4.2.0
INFO: [ app_init ] --START--
INFO: Run Behavior\BuildLiteBehavior [ RunTime:0.000000s ]
INFO: [ app_init ] --END-- [ RunTime:0.002000s ]
ERR: 无法加载模块:Application

[ 2016-05-22T09:32:19+08:00 ] 127.0.0.1 /ProJ/ccblog/Application/Public/Home/css/%7B$Think.const.FONTS_URL%7Dfontawesome-webfont.eot?
INFO: [ app_init ] --START--
INFO: Run Behavior\BuildLiteBehavior [ RunTime:0.000000s ]
INFO: [ app_init ] --END-- [ RunTime:0.000000s ]
ERR: 无法加载模块:Application

[ 2016-05-22T09:32:19+08:00 ] 127.0.0.1 /ProJ/ccblog/Application/Public/Home/css/%7B$Think.const.FONTS_URL%7Dfontawesome-webfont.woff?v=4.2.0
INFO: [ app_init ] --START--
INFO: Run Behavior\BuildLiteBehavior [ RunTime:0.000000s ]
INFO: [ app_init ] --END-- [ RunTime:0.015600s ]
ERR: 无法加载模块:Application

[ 2016-05-22T09:32:19+08:00 ] 127.0.0.1 /ProJ/ccblog/Application/Public/Home/Images/overlay.png
INFO: [ app_init ] --START--
INFO: Run Behavior\BuildLiteBehavior [ RunTime:0.000000s ]
INFO: [ app_init ] --END-- [ RunTime:0.015600s ]
ERR: 无法加载模块:Application

[ 2016-05-22T09:32:19+08:00 ] 127.0.0.1 /ProJ/ccblog/Application/Public/Home/css/%7B$Think.const.FONTS_URL%7Dfontawesome-webfont.ttf?v=4.2.0
INFO: [ app_init ] --START--
INFO: Run Behavior\BuildLiteBehavior [ RunTime:0.000000s ]
INFO: [ app_init ] --END-- [ RunTime:0.000000s ]
ERR: 无法加载模块:Application

[ 2016-05-22T09:32:29+08:00 ] 127.0.0.1 /ProJ/ccblog/Application/Public/Upload/Upload/2016-05-17/573ad80846980.jpg
INFO: [ app_init ] --START--
INFO: Run Behavior\BuildLiteBehavior [ RunTime:0.000000s ]
INFO: [ app_init ] --END-- [ RunTime:0.000000s ]
ERR: 无法加载模块:Application

[ 2016-05-22T09:32:29+08:00 ] 127.0.0.1 /ProJ/ccblog/Application/Public/Upload/Upload/2016-05-17/573ad6e8054a0.jpg
INFO: [ app_init ] --START--
INFO: Run Behavior\BuildLiteBehavior [ RunTime:0.000000s ]
INFO: [ app_init ] --END-- [ RunTime:0.000000s ]
ERR: 无法加载模块:Application

[ 2016-05-22T09:32:29+08:00 ] 127.0.0.1 /ProJ/ccblog/Application/Public/Home/css/%7B$Think.const.FONTS_URL%7Dfontawesome-webfont.eot?
INFO: [ app_init ] --START--
INFO: Run Behavior\BuildLiteBehavior [ RunTime:0.000000s ]
INFO: [ app_init ] --END-- [ RunTime:0.000000s ]
ERR: 无法加载模块:Application

[ 2016-05-22T09:32:29+08:00 ] 127.0.0.1 /ProJ/ccblog/Application/Public/Home/Images/overlay.png
INFO: [ app_init ] --START--
INFO: Run Behavior\BuildLiteBehavior [ RunTime:0.000000s ]
INFO: [ app_init ] --END-- [ RunTime:0.000000s ]
ERR: 无法加载模块:Application

[ 2016-05-22T09:32:30+08:00 ] 127.0.0.1 /ProJ/ccblog/Application/Public/Home/css/%7B$Think.const.FONTS_URL%7Dfontawesome-webfont.woff?v=4.2.0
INFO: [ app_init ] --START--
INFO: Run Behavior\BuildLiteBehavior [ RunTime:0.000000s ]
INFO: [ app_init ] --END-- [ RunTime:0.000000s ]
ERR: 无法加载模块:Application

[ 2016-05-22T09:32:30+08:00 ] 127.0.0.1 /ProJ/ccblog/Application/Public/Home/css/%7B$Think.const.FONTS_URL%7Dfontawesome-webfont.ttf?v=4.2.0
INFO: [ app_init ] --START--
INFO: Run Behavior\BuildLiteBehavior [ RunTime:0.000000s ]
INFO: [ app_init ] --END-- [ RunTime:0.002000s ]
ERR: 无法加载模块:Application

[ 2016-05-22T12:30:41+08:00 ] ::1 /ProJ/ccblog/Application/Public/Home/css/%7B$Think.const.FONTS_URL%7Dfontawesome-webfont.woff?v=4.2.0
INFO: [ app_init ] --START--
INFO: Run Behavior\BuildLiteBehavior [ RunTime:0.000000s ]
INFO: [ app_init ] --END-- [ RunTime:0.001000s ]
ERR: 无法加载模块:Application

[ 2016-05-22T12:30:41+08:00 ] ::1 /ProJ/ccblog/Application/Public/Home/Images/overlay.png
INFO: [ app_init ] --START--
INFO: Run Behavior\BuildLiteBehavior [ RunTime:0.000000s ]
INFO: [ app_init ] --END-- [ RunTime:0.001000s ]
ERR: 无法加载模块:Application

[ 2016-05-22T12:30:41+08:00 ] ::1 /ProJ/ccblog/Application/Public/Home/css/%7B$Think.const.FONTS_URL%7Dfontawesome-webfont.ttf?v=4.2.0
INFO: [ app_init ] --START--
INFO: Run Behavior\BuildLiteBehavior [ RunTime:0.000000s ]
INFO: [ app_init ] --END-- [ RunTime:0.001000s ]
ERR: 无法加载模块:Application

[ 2016-05-22T12:36:34+08:00 ] ::1 /ProJ/ccblog/Application/Public/Home/css/%7B$Think.const.FONTS_URL%7Dfontawesome-webfont.woff?v=4.2.0
INFO: [ app_init ] --START--
INFO: Run Behavior\BuildLiteBehavior [ RunTime:0.000000s ]
INFO: [ app_init ] --END-- [ RunTime:0.004001s ]
ERR: 无法加载模块:Application

[ 2016-05-22T12:36:34+08:00 ] ::1 /ProJ/ccblog/Application/Public/Home/Images/overlay.png
INFO: [ app_init ] --START--
INFO: Run Behavior\BuildLiteBehavior [ RunTime:0.000000s ]
INFO: [ app_init ] --END-- [ RunTime:0.001000s ]
ERR: 无法加载模块:Application

[ 2016-05-22T12:36:34+08:00 ] ::1 /ProJ/ccblog/Application/Public/Home/css/%7B$Think.const.FONTS_URL%7Dfontawesome-webfont.ttf?v=4.2.0
INFO: [ app_init ] --START--
INFO: Run Behavior\BuildLiteBehavior [ RunTime:0.000000s ]
INFO: [ app_init ] --END-- [ RunTime:0.001000s ]
ERR: 无法加载模块:Application

[ 2016-05-22T13:47:54+08:00 ] ::1 /ProJ/ccblog/Application/Public/Home/css/%7B$Think.const.FONTS_URL%7Dfontawesome-webfont.woff?v=4.2.0
INFO: [ app_init ] --START--
INFO: Run Behavior\BuildLiteBehavior [ RunTime:0.000000s ]
INFO: [ app_init ] --END-- [ RunTime:0.001000s ]
ERR: 无法加载模块:Application

[ 2016-05-22T13:47:54+08:00 ] ::1 /ProJ/ccblog/Application/Public/Home/css/%7B$Think.const.FONTS_URL%7Dfontawesome-webfont.ttf?v=4.2.0
INFO: [ app_init ] --START--
INFO: Run Behavior\BuildLiteBehavior [ RunTime:0.000000s ]
INFO: [ app_init ] --END-- [ RunTime:0.001000s ]
ERR: 无法加载模块:Application

[ 2016-05-22T13:47:54+08:00 ] ::1 /ProJ/ccblog/Application/Public/Home/Images/overlay.png
INFO: [ app_init ] --START--
INFO: Run Behavior\BuildLiteBehavior [ RunTime:0.000000s ]
INFO: [ app_init ] --END-- [ RunTime:0.002000s ]
ERR: 无法加载模块:Application

[ 2016-05-22T14:02:03+08:00 ] ::1 /ProJ/ccblog/Application/Public/Home/css/%7B$Think.const.FONTS_URL%7Dfontawesome-webfont.woff?v=4.2.0
INFO: [ app_init ] --START--
INFO: Run Behavior\BuildLiteBehavior [ RunTime:0.000000s ]
INFO: [ app_init ] --END-- [ RunTime:0.001000s ]
ERR: 无法加载模块:Application

[ 2016-05-22T14:02:03+08:00 ] ::1 /ProJ/ccblog/Application/Public/Home/Images/overlay.png
INFO: [ app_init ] --START--
INFO: Run Behavior\BuildLiteBehavior [ RunTime:0.000000s ]
INFO: [ app_init ] --END-- [ RunTime:0.001000s ]
ERR: 无法加载模块:Application

[ 2016-05-22T14:02:03+08:00 ] ::1 /ProJ/ccblog/Application/Public/Home/css/%7B$Think.const.FONTS_URL%7Dfontawesome-webfont.ttf?v=4.2.0
INFO: [ app_init ] --START--
INFO: Run Behavior\BuildLiteBehavior [ RunTime:0.000000s ]
INFO: [ app_init ] --END-- [ RunTime:0.001000s ]
ERR: 无法加载模块:Application

[ 2016-05-22T15:24:41+08:00 ] ::1 /ProJ/ccblog/Application/Public/Home/css/%7B$Think.const.FONTS_URL%7Dfontawesome-webfont.woff?v=4.2.0
INFO: [ app_init ] --START--
INFO: Run Behavior\BuildLiteBehavior [ RunTime:0.000000s ]
INFO: [ app_init ] --END-- [ RunTime:0.001000s ]
ERR: 无法加载模块:Application

[ 2016-05-22T15:24:41+08:00 ] ::1 /ProJ/ccblog/Application/Public/Home/css/%7B$Think.const.FONTS_URL%7Dfontawesome-webfont.ttf?v=4.2.0
INFO: [ app_init ] --START--
INFO: Run Behavior\BuildLiteBehavior [ RunTime:0.001000s ]
INFO: [ app_init ] --END-- [ RunTime:0.002000s ]
ERR: 无法加载模块:Application

[ 2016-05-22T16:18:52+08:00 ] 127.0.0.1 /ProJ/ccblog/Application/Public/Home/css/%7B$Think.const.FONTS_URL%7Dfontawesome-webfont.eot?
INFO: [ app_init ] --START--
INFO: Run Behavior\BuildLiteBehavior [ RunTime:0.000000s ]
INFO: [ app_init ] --END-- [ RunTime:0.000000s ]
ERR: 无法加载模块:Application

[ 2016-05-22T16:18:52+08:00 ] 127.0.0.1 /ProJ/ccblog/Application/Public/Home/css/%7B$Think.const.FONTS_URL%7Dfontawesome-webfont.woff?v=4.2.0
INFO: [ app_init ] --START--
INFO: Run Behavior\BuildLiteBehavior [ RunTime:0.000000s ]
INFO: [ app_init ] --END-- [ RunTime:0.000000s ]
ERR: 无法加载模块:Application

[ 2016-05-22T16:18:52+08:00 ] 127.0.0.1 /ProJ/ccblog/Application/Public/Home/Images/overlay.png
INFO: [ app_init ] --START--
INFO: Run Behavior\BuildLiteBehavior [ RunTime:0.000000s ]
INFO: [ app_init ] --END-- [ RunTime:0.000000s ]
ERR: 无法加载模块:Application

[ 2016-05-22T16:18:52+08:00 ] 127.0.0.1 /ProJ/ccblog/Application/Public/Home/css/%7B$Think.const.FONTS_URL%7Dfontawesome-webfont.ttf?v=4.2.0
INFO: [ app_init ] --START--
INFO: Run Behavior\BuildLiteBehavior [ RunTime:0.000000s ]
INFO: [ app_init ] --END-- [ RunTime:0.000000s ]
ERR: 无法加载模块:Application

[ 2016-05-22T16:19:58+08:00 ] 127.0.0.1 /ProJ/ccblog/Application/Public/Home/css/%7B$Think.const.FONTS_URL%7Dfontawesome-webfont.eot?
INFO: [ app_init ] --START--
INFO: Run Behavior\BuildLiteBehavior [ RunTime:0.000000s ]
INFO: [ app_init ] --END-- [ RunTime:0.015600s ]
ERR: 无法加载模块:Application

[ 2016-05-22T16:19:58+08:00 ] 127.0.0.1 /ProJ/ccblog/Application/Public/Home/css/%7B$Think.const.FONTS_URL%7Dfontawesome-webfont.woff?v=4.2.0
INFO: [ app_init ] --START--
INFO: Run Behavior\BuildLiteBehavior [ RunTime:0.000000s ]
INFO: [ app_init ] --END-- [ RunTime:0.000000s ]
ERR: 无法加载模块:Application

[ 2016-05-22T16:19:58+08:00 ] 127.0.0.1 /ProJ/ccblog/Application/Public/Home/Images/overlay.png
INFO: [ app_init ] --START--
INFO: Run Behavior\BuildLiteBehavior [ RunTime:0.000000s ]
INFO: [ app_init ] --END-- [ RunTime:0.000000s ]
ERR: 无法加载模块:Application

[ 2016-05-22T16:19:58+08:00 ] 127.0.0.1 /ProJ/ccblog/Application/Public/Home/css/%7B$Think.const.FONTS_URL%7Dfontawesome-webfont.ttf?v=4.2.0
INFO: [ app_init ] --START--
INFO: Run Behavior\BuildLiteBehavior [ RunTime:0.000000s ]
INFO: [ app_init ] --END-- [ RunTime:0.000000s ]
ERR: 无法加载模块:Application

[ 2016-05-22T16:20:04+08:00 ] 127.0.0.1 /ProJ/ccblog/Application/Public/Home/css/%7B$Think.const.FONTS_URL%7Dfontawesome-webfont.eot?
INFO: [ app_init ] --START--
INFO: Run Behavior\BuildLiteBehavior [ RunTime:0.000000s ]
INFO: [ app_init ] --END-- [ RunTime:0.001000s ]
ERR: 无法加载模块:Application

[ 2016-05-22T16:20:04+08:00 ] 127.0.0.1 /ProJ/ccblog/Application/Public/Home/Images/overlay.png
INFO: [ app_init ] --START--
INFO: Run Behavior\BuildLiteBehavior [ RunTime:0.000000s ]
INFO: [ app_init ] --END-- [ RunTime:0.001000s ]
ERR: 无法加载模块:Application

[ 2016-05-22T16:20:04+08:00 ] 127.0.0.1 /ProJ/ccblog/Application/Public/Home/css/%7B$Think.const.FONTS_URL%7Dfontawesome-webfont.woff?v=4.2.0
INFO: [ app_init ] --START--
INFO: Run Behavior\BuildLiteBehavior [ RunTime:0.000000s ]
INFO: [ app_init ] --END-- [ RunTime:0.000000s ]
ERR: 无法加载模块:Application

[ 2016-05-22T16:20:04+08:00 ] 127.0.0.1 /ProJ/ccblog/Application/Public/Home/css/%7B$Think.const.FONTS_URL%7Dfontawesome-webfont.ttf?v=4.2.0
INFO: [ app_init ] --START--
INFO: Run Behavior\BuildLiteBehavior [ RunTime:0.000000s ]
INFO: [ app_init ] --END-- [ RunTime:0.000000s ]
ERR: 无法加载模块:Application

[ 2016-05-22T16:26:21+08:00 ] 127.0.0.1 /ProJ/ccblog/Application/Public/Home/css/%7B$Think.const.FONTS_URL%7Dfontawesome-webfont.eot?
INFO: [ app_init ] --START--
INFO: Run Behavior\BuildLiteBehavior [ RunTime:0.000000s ]
INFO: [ app_init ] --END-- [ RunTime:0.000000s ]
ERR: 无法加载模块:Application

[ 2016-05-22T16:26:21+08:00 ] 127.0.0.1 /ProJ/ccblog/Application/Public/Home/css/%7B$Think.const.FONTS_URL%7Dfontawesome-webfont.woff?v=4.2.0
INFO: [ app_init ] --START--
INFO: Run Behavior\BuildLiteBehavior [ RunTime:0.000000s ]
INFO: [ app_init ] --END-- [ RunTime:0.001001s ]
ERR: 无法加载模块:Application

[ 2016-05-22T16:26:21+08:00 ] 127.0.0.1 /ProJ/ccblog/Application/Public/Home/Images/overlay.png
INFO: [ app_init ] --START--
INFO: Run Behavior\BuildLiteBehavior [ RunTime:0.000000s ]
INFO: [ app_init ] --END-- [ RunTime:0.002000s ]
ERR: 无法加载模块:Application

[ 2016-05-22T16:26:21+08:00 ] 127.0.0.1 /ProJ/ccblog/Application/Public/Home/css/%7B$Think.const.FONTS_URL%7Dfontawesome-webfont.ttf?v=4.2.0
INFO: [ app_init ] --START--
INFO: Run Behavior\BuildLiteBehavior [ RunTime:0.000000s ]
INFO: [ app_init ] --END-- [ RunTime:0.001000s ]
ERR: 无法加载模块:Application

[ 2016-05-22T16:26:24+08:00 ] 127.0.0.1 /ProJ/ccblog/Application/Public/Home/css/%7B$Think.const.FONTS_URL%7Dfontawesome-webfont.eot?
INFO: [ app_init ] --START--
INFO: Run Behavior\BuildLiteBehavior [ RunTime:0.000000s ]
INFO: [ app_init ] --END-- [ RunTime:0.003000s ]
ERR: 无法加载模块:Application

[ 2016-05-22T16:26:24+08:00 ] 127.0.0.1 /ProJ/ccblog/Application/Public/Home/Images/overlay.png
INFO: [ app_init ] --START--
INFO: Run Behavior\BuildLiteBehavior [ RunTime:0.000000s ]
INFO: [ app_init ] --END-- [ RunTime:0.000000s ]
ERR: 无法加载模块:Application

[ 2016-05-22T16:26:25+08:00 ] 127.0.0.1 /ProJ/ccblog/Application/Public/Home/css/%7B$Think.const.FONTS_URL%7Dfontawesome-webfont.woff?v=4.2.0
INFO: [ app_init ] --START--
INFO: Run Behavior\BuildLiteBehavior [ RunTime:0.000000s ]
INFO: [ app_init ] --END-- [ RunTime:0.002000s ]
ERR: 无法加载模块:Application

[ 2016-05-22T16:26:25+08:00 ] 127.0.0.1 /ProJ/ccblog/Application/Public/Home/css/%7B$Think.const.FONTS_URL%7Dfontawesome-webfont.ttf?v=4.2.0
INFO: [ app_init ] --START--
INFO: Run Behavior\BuildLiteBehavior [ RunTime:0.000000s ]
INFO: [ app_init ] --END-- [ RunTime:0.001000s ]
ERR: 无法加载模块:Application

[ 2016-05-22T16:27:54+08:00 ] ::1 /ProJ/ccblog/Application/Public/Home/css/%7B$Think.const.FONTS_URL%7Dfontawesome-webfont.woff?v=4.2.0
INFO: [ app_init ] --START--
INFO: Run Behavior\BuildLiteBehavior [ RunTime:0.001000s ]
INFO: [ app_init ] --END-- [ RunTime:0.002000s ]
ERR: 无法加载模块:Application

[ 2016-05-22T16:27:54+08:00 ] ::1 /ProJ/ccblog/Application/Public/Home/Images/overlay.png
INFO: [ app_init ] --START--
INFO: Run Behavior\BuildLiteBehavior [ RunTime:0.000000s ]
INFO: [ app_init ] --END-- [ RunTime:0.001000s ]
ERR: 无法加载模块:Application

[ 2016-05-22T16:27:54+08:00 ] ::1 /ProJ/ccblog/Application/Public/Home/css/%7B$Think.const.FONTS_URL%7Dfontawesome-webfont.ttf?v=4.2.0
INFO: [ app_init ] --START--
INFO: Run Behavior\BuildLiteBehavior [ RunTime:0.000000s ]
INFO: [ app_init ] --END-- [ RunTime:0.002000s ]
ERR: 无法加载模块:Application

[ 2016-05-22T16:27:57+08:00 ] ::1 /ProJ/ccblog/Application/Public/Home/css/%7B$Think.const.FONTS_URL%7Dfontawesome-webfont.woff?v=4.2.0
INFO: [ app_init ] --START--
INFO: Run Behavior\BuildLiteBehavior [ RunTime:0.000000s ]
INFO: [ app_init ] --END-- [ RunTime:0.002000s ]
ERR: 无法加载模块:Application

[ 2016-05-22T16:27:57+08:00 ] ::1 /ProJ/ccblog/Application/Public/Home/Images/overlay.png
INFO: [ app_init ] --START--
INFO: Run Behavior\BuildLiteBehavior [ RunTime:0.000000s ]
INFO: [ app_init ] --END-- [ RunTime:0.002000s ]
ERR: 无法加载模块:Application

[ 2016-05-22T16:27:57+08:00 ] ::1 /ProJ/ccblog/Application/Public/Home/css/%7B$Think.const.FONTS_URL%7Dfontawesome-webfont.ttf?v=4.2.0
INFO: [ app_init ] --START--
INFO: Run Behavior\BuildLiteBehavior [ RunTime:0.000000s ]
INFO: [ app_init ] --END-- [ RunTime:0.001000s ]
ERR: 无法加载模块:Application

[ 2016-05-22T16:27:59+08:00 ] ::1 /ProJ/ccblog/Application/Public/Home/css/%7B$Think.const.FONTS_URL%7Dfontawesome-webfont.woff?v=4.2.0
INFO: [ app_init ] --START--
INFO: Run Behavior\BuildLiteBehavior [ RunTime:0.000000s ]
INFO: [ app_init ] --END-- [ RunTime:0.002000s ]
ERR: 无法加载模块:Application

[ 2016-05-22T16:27:59+08:00 ] ::1 /ProJ/ccblog/Application/Public/Home/css/%7B$Think.const.FONTS_URL%7Dfontawesome-webfont.ttf?v=4.2.0
INFO: [ app_init ] --START--
INFO: Run Behavior\BuildLiteBehavior [ RunTime:0.000000s ]
INFO: [ app_init ] --END-- [ RunTime:0.002000s ]
ERR: 无法加载模块:Application

[ 2016-05-22T16:27:59+08:00 ] ::1 /ProJ/ccblog/Application/Public/Home/Images/overlay.png
INFO: [ app_init ] --START--
INFO: Run Behavior\BuildLiteBehavior [ RunTime:0.001000s ]
INFO: [ app_init ] --END-- [ RunTime:0.002000s ]
ERR: 无法加载模块:Application

[ 2016-05-22T16:28:02+08:00 ] ::1 /ProJ/ccblog/Application/Public/Home/css/%7B$Think.const.FONTS_URL%7Dfontawesome-webfont.woff?v=4.2.0
INFO: [ app_init ] --START--
INFO: Run Behavior\BuildLiteBehavior [ RunTime:0.000000s ]
INFO: [ app_init ] --END-- [ RunTime:0.002000s ]
ERR: 无法加载模块:Application

[ 2016-05-22T16:28:02+08:00 ] ::1 /ProJ/ccblog/Application/Public/Home/Images/overlay.png
INFO: [ app_init ] --START--
INFO: Run Behavior\BuildLiteBehavior [ RunTime:0.000000s ]
INFO: [ app_init ] --END-- [ RunTime:0.001000s ]
ERR: 无法加载模块:Application

[ 2016-05-22T16:28:02+08:00 ] ::1 /ProJ/ccblog/Application/Public/Home/css/%7B$Think.const.FONTS_URL%7Dfontawesome-webfont.ttf?v=4.2.0
INFO: [ app_init ] --START--
INFO: Run Behavior\BuildLiteBehavior [ RunTime:0.000000s ]
INFO: [ app_init ] --END-- [ RunTime:0.002000s ]
ERR: 无法加载模块:Application

[ 2016-05-22T16:31:27+08:00 ] ::1 /ProJ/ccblog/Application/Public/Home/css/%7B$Think.const.FONTS_URL%7Dfontawesome-webfont.woff?v=4.2.0
INFO: [ app_init ] --START--
INFO: Run Behavior\BuildLiteBehavior [ RunTime:0.000000s ]
INFO: [ app_init ] --END-- [ RunTime:0.002000s ]
ERR: 无法加载模块:Application

[ 2016-05-22T16:31:27+08:00 ] ::1 /ProJ/ccblog/Application/Public/Home/Images/overlay.png
INFO: [ app_init ] --START--
INFO: Run Behavior\BuildLiteBehavior [ RunTime:0.000000s ]
INFO: [ app_init ] --END-- [ RunTime:0.002000s ]
ERR: 无法加载模块:Application

[ 2016-05-22T16:31:27+08:00 ] ::1 /ProJ/ccblog/Application/Public/Home/css/%7B$Think.const.FONTS_URL%7Dfontawesome-webfont.ttf?v=4.2.0
INFO: [ app_init ] --START--
INFO: Run Behavior\BuildLiteBehavior [ RunTime:0.000000s ]
INFO: [ app_init ] --END-- [ RunTime:0.002000s ]
ERR: 无法加载模块:Application

[ 2016-05-22T16:31:36+08:00 ] ::1 /ProJ/ccblog/Application/Public/Home/css/%7B$Think.const.FONTS_URL%7Dfontawesome-webfont.woff?v=4.2.0
INFO: [ app_init ] --START--
INFO: Run Behavior\BuildLiteBehavior [ RunTime:0.000000s ]
INFO: [ app_init ] --END-- [ RunTime:0.002000s ]
ERR: 无法加载模块:Application

[ 2016-05-22T16:31:36+08:00 ] ::1 /ProJ/ccblog/Application/Public/Home/Images/overlay.png
INFO: [ app_init ] --START--
INFO: Run Behavior\BuildLiteBehavior [ RunTime:0.000000s ]
INFO: [ app_init ] --END-- [ RunTime:0.002000s ]
ERR: 无法加载模块:Application

[ 2016-05-22T16:31:36+08:00 ] ::1 /ProJ/ccblog/Application/Public/Home/css/%7B$Think.const.FONTS_URL%7Dfontawesome-webfont.ttf?v=4.2.0
INFO: [ app_init ] --START--
INFO: Run Behavior\BuildLiteBehavior [ RunTime:0.000000s ]
INFO: [ app_init ] --END-- [ RunTime:0.002000s ]
ERR: 无法加载模块:Application

[ 2016-05-22T16:31:39+08:00 ] ::1 /ProJ/ccblog/Application/Public/Home/css/%7B$Think.const.FONTS_URL%7Dfontawesome-webfont.woff?v=4.2.0
INFO: [ app_init ] --START--
INFO: Run Behavior\BuildLiteBehavior [ RunTime:0.000000s ]
INFO: [ app_init ] --END-- [ RunTime:0.002000s ]
ERR: 无法加载模块:Application

[ 2016-05-22T16:31:39+08:00 ] ::1 /ProJ/ccblog/Application/Public/Home/Images/overlay.png
INFO: [ app_init ] --START--
INFO: Run Behavior\BuildLiteBehavior [ RunTime:0.000000s ]
INFO: [ app_init ] --END-- [ RunTime:0.001001s ]
ERR: 无法加载模块:Application

[ 2016-05-22T16:31:39+08:00 ] ::1 /ProJ/ccblog/Application/Public/Home/css/%7B$Think.const.FONTS_URL%7Dfontawesome-webfont.ttf?v=4.2.0
INFO: [ app_init ] --START--
INFO: Run Behavior\BuildLiteBehavior [ RunTime:0.000000s ]
INFO: [ app_init ] --END-- [ RunTime:0.001000s ]
ERR: 无法加载模块:Application

[ 2016-05-22T16:34:15+08:00 ] ::1 /ProJ/ccblog/Application/Public/Home/css/%7B$Think.const.FONTS_URL%7Dfontawesome-webfont.woff?v=4.2.0
INFO: [ app_init ] --START--
INFO: Run Behavior\BuildLiteBehavior [ RunTime:0.000000s ]
INFO: [ app_init ] --END-- [ RunTime:0.004001s ]
ERR: 无法加载模块:Application

[ 2016-05-22T16:34:16+08:00 ] ::1 /ProJ/ccblog/Application/Public/Home/Images/overlay.png
INFO: [ app_init ] --START--
INFO: Run Behavior\BuildLiteBehavior [ RunTime:0.000000s ]
INFO: [ app_init ] --END-- [ RunTime:0.001000s ]
ERR: 无法加载模块:Application

[ 2016-05-22T16:34:16+08:00 ] ::1 /ProJ/ccblog/Application/Public/Home/css/%7B$Think.const.FONTS_URL%7Dfontawesome-webfont.ttf?v=4.2.0
INFO: [ app_init ] --START--
INFO: Run Behavior\BuildLiteBehavior [ RunTime:0.000000s ]
INFO: [ app_init ] --END-- [ RunTime:0.002000s ]
ERR: 无法加载模块:Application

[ 2016-05-22T18:43:07+08:00 ] ::1 /ProJ/ccblog/Application/Public/Home/css/%7B$Think.const.FONTS_URL%7Dfontawesome-webfont.woff?v=4.2.0
INFO: [ app_init ] --START--
INFO: Run Behavior\BuildLiteBehavior [ RunTime:0.000000s ]
INFO: [ app_init ] --END-- [ RunTime:0.001001s ]
ERR: 无法加载模块:Application

[ 2016-05-22T18:43:07+08:00 ] ::1 /ProJ/ccblog/Application/Public/Home/Images/overlay.png
INFO: [ app_init ] --START--
INFO: Run Behavior\BuildLiteBehavior [ RunTime:0.000000s ]
INFO: [ app_init ] --END-- [ RunTime:0.001000s ]
ERR: 无法加载模块:Application

[ 2016-05-22T18:43:07+08:00 ] ::1 /ProJ/ccblog/Application/Public/Home/css/%7B$Think.const.FONTS_URL%7Dfontawesome-webfont.ttf?v=4.2.0
INFO: [ app_init ] --START--
INFO: Run Behavior\BuildLiteBehavior [ RunTime:0.000000s ]
INFO: [ app_init ] --END-- [ RunTime:0.001000s ]
ERR: 无法加载模块:Application

[ 2016-05-22T18:43:15+08:00 ] ::1 /ProJ/ccblog/Application/Public/Home/css/%7B$Think.const.FONTS_URL%7Dfontawesome-webfont.woff?v=4.2.0
INFO: [ app_init ] --START--
INFO: Run Behavior\BuildLiteBehavior [ RunTime:0.000000s ]
INFO: [ app_init ] --END-- [ RunTime:0.001000s ]
ERR: 无法加载模块:Application

[ 2016-05-22T18:43:15+08:00 ] ::1 /ProJ/ccblog/Application/Public/Home/Images/overlay.png
INFO: [ app_init ] --START--
INFO: Run Behavior\BuildLiteBehavior [ RunTime:0.000000s ]
INFO: [ app_init ] --END-- [ RunTime:0.002000s ]
ERR: 无法加载模块:Application

[ 2016-05-22T18:43:15+08:00 ] ::1 /ProJ/ccblog/Application/Public/Home/css/%7B$Think.const.FONTS_URL%7Dfontawesome-webfont.ttf?v=4.2.0
INFO: [ app_init ] --START--
INFO: Run Behavior\BuildLiteBehavior [ RunTime:0.000000s ]
INFO: [ app_init ] --END-- [ RunTime:0.001000s ]
ERR: 无法加载模块:Application

[ 2016-05-22T18:43:23+08:00 ] ::1 /ProJ/ccblog/Application/Public/Home/css/%7B$Think.const.FONTS_URL%7Dfontawesome-webfont.woff?v=4.2.0
INFO: [ app_init ] --START--
INFO: Run Behavior\BuildLiteBehavior [ RunTime:0.000000s ]
INFO: [ app_init ] --END-- [ RunTime:0.004001s ]
ERR: 无法加载模块:Application

[ 2016-05-22T18:43:23+08:00 ] ::1 /ProJ/ccblog/Application/Public/Home/Images/overlay.png
INFO: [ app_init ] --START--
INFO: Run Behavior\BuildLiteBehavior [ RunTime:0.000000s ]
INFO: [ app_init ] --END-- [ RunTime:0.002000s ]
ERR: 无法加载模块:Application

[ 2016-05-22T18:43:23+08:00 ] ::1 /ProJ/ccblog/Application/Public/Home/css/%7B$Think.const.FONTS_URL%7Dfontawesome-webfont.ttf?v=4.2.0
INFO: [ app_init ] --START--
INFO: Run Behavior\BuildLiteBehavior [ RunTime:0.001000s ]
INFO: [ app_init ] --END-- [ RunTime:0.002000s ]
ERR: 无法加载模块:Application

[ 2016-05-22T18:44:22+08:00 ] ::1 /ProJ/ccblog/Application/Public/Home/css/%7B$Think.const.FONTS_URL%7Dfontawesome-webfont.woff?v=4.2.0
INFO: [ app_init ] --START--
INFO: Run Behavior\BuildLiteBehavior [ RunTime:0.000000s ]
INFO: [ app_init ] --END-- [ RunTime:0.002001s ]
ERR: 无法加载模块:Application

[ 2016-05-22T18:44:22+08:00 ] ::1 /ProJ/ccblog/Application/Public/Home/Images/overlay.png
INFO: [ app_init ] --START--
INFO: Run Behavior\BuildLiteBehavior [ RunTime:0.000000s ]
INFO: [ app_init ] --END-- [ RunTime:0.002000s ]
ERR: 无法加载模块:Application

[ 2016-05-22T18:44:22+08:00 ] ::1 /ProJ/ccblog/Application/Public/Home/css/%7B$Think.const.FONTS_URL%7Dfontawesome-webfont.ttf?v=4.2.0
INFO: [ app_init ] --START--
INFO: Run Behavior\BuildLiteBehavior [ RunTime:0.000000s ]
INFO: [ app_init ] --END-- [ RunTime:0.006000s ]
ERR: 无法加载模块:Application

[ 2016-05-22T19:15:47+08:00 ] ::1 /ProJ/ccblog/Application/Public/Home/css/%7B$Think.const.FONTS_URL%7Dfontawesome-webfont.woff?v=4.2.0
INFO: [ app_init ] --START--
INFO: Run Behavior\BuildLiteBehavior [ RunTime:0.000000s ]
INFO: [ app_init ] --END-- [ RunTime:0.001000s ]
ERR: 无法加载模块:Application

[ 2016-05-22T19:15:48+08:00 ] ::1 /ProJ/ccblog/Application/Public/Home/Images/overlay.png
INFO: [ app_init ] --START--
INFO: Run Behavior\BuildLiteBehavior [ RunTime:0.000000s ]
INFO: [ app_init ] --END-- [ RunTime:0.001000s ]
ERR: 无法加载模块:Application

[ 2016-05-22T19:15:48+08:00 ] ::1 /ProJ/ccblog/Application/Public/Home/css/%7B$Think.const.FONTS_URL%7Dfontawesome-webfont.ttf?v=4.2.0
INFO: [ app_init ] --START--
INFO: Run Behavior\BuildLiteBehavior [ RunTime:0.000000s ]
INFO: [ app_init ] --END-- [ RunTime:0.002000s ]
ERR: 无法加载模块:Application

[ 2016-05-22T19:15:54+08:00 ] ::1 /ProJ/ccblog/Application/Public/Home/css/%7B$Think.const.FONTS_URL%7Dfontawesome-webfont.woff?v=4.2.0
INFO: [ app_init ] --START--
INFO: Run Behavior\BuildLiteBehavior [ RunTime:0.000000s ]
INFO: [ app_init ] --END-- [ RunTime:0.001000s ]
ERR: 无法加载模块:Application

[ 2016-05-22T19:15:54+08:00 ] ::1 /ProJ/ccblog/Application/Public/Home/Images/overlay.png
INFO: [ app_init ] --START--
INFO: Run Behavior\BuildLiteBehavior [ RunTime:0.001000s ]
INFO: [ app_init ] --END-- [ RunTime:0.002000s ]
ERR: 无法加载模块:Application

[ 2016-05-22T19:15:54+08:00 ] ::1 /ProJ/ccblog/Application/Public/Home/css/%7B$Think.const.FONTS_URL%7Dfontawesome-webfont.ttf?v=4.2.0
INFO: [ app_init ] --START--
INFO: Run Behavior\BuildLiteBehavior [ RunTime:0.000000s ]
INFO: [ app_init ] --END-- [ RunTime:0.001000s ]
ERR: 无法加载模块:Application

[ 2016-05-22T19:15:59+08:00 ] ::1 /ProJ/ccblog/Application/Public/Home/css/%7B$Think.const.FONTS_URL%7Dfontawesome-webfont.woff?v=4.2.0
INFO: [ app_init ] --START--
INFO: Run Behavior\BuildLiteBehavior [ RunTime:0.000000s ]
INFO: [ app_init ] --END-- [ RunTime:0.001000s ]
ERR: 无法加载模块:Application

[ 2016-05-22T19:15:59+08:00 ] ::1 /ProJ/ccblog/Application/Public/Home/Images/overlay.png
INFO: [ app_init ] --START--
INFO: Run Behavior\BuildLiteBehavior [ RunTime:0.000000s ]
INFO: [ app_init ] --END-- [ RunTime:0.001000s ]
ERR: 无法加载模块:Application

[ 2016-05-22T19:15:59+08:00 ] ::1 /ProJ/ccblog/Application/Public/Home/css/%7B$Think.const.FONTS_URL%7Dfontawesome-webfont.ttf?v=4.2.0
INFO: [ app_init ] --START--
INFO: Run Behavior\BuildLiteBehavior [ RunTime:0.000000s ]
INFO: [ app_init ] --END-- [ RunTime:0.001000s ]
ERR: 无法加载模块:Application

[ 2016-05-22T19:16:12+08:00 ] ::1 /ProJ/ccblog/Application/Public/Home/Images/overlay.png
INFO: [ app_init ] --START--
INFO: Run Behavior\BuildLiteBehavior [ RunTime:0.000000s ]
INFO: [ app_init ] --END-- [ RunTime:0.001000s ]
ERR: 无法加载模块:Application

[ 2016-05-22T19:16:12+08:00 ] ::1 /ProJ/ccblog/Application/Public/Home/css/%7B$Think.const.FONTS_URL%7Dfontawesome-webfont.woff?v=4.2.0
INFO: [ app_init ] --START--
INFO: Run Behavior\BuildLiteBehavior [ RunTime:0.000000s ]
INFO: [ app_init ] --END-- [ RunTime:0.004000s ]
ERR: 无法加载模块:Application

[ 2016-05-22T19:16:12+08:00 ] ::1 /ProJ/ccblog/Application/Public/Home/css/%7B$Think.const.FONTS_URL%7Dfontawesome-webfont.ttf?v=4.2.0
INFO: [ app_init ] --START--
INFO: Run Behavior\BuildLiteBehavior [ RunTime:0.000000s ]
INFO: [ app_init ] --END-- [ RunTime:0.003000s ]
ERR: 无法加载模块:Application

[ 2016-05-22T19:17:01+08:00 ] ::1 /ProJ/ccblog/Application/Public/Home/css/%7B$Think.const.FONTS_URL%7Dfontawesome-webfont.woff?v=4.2.0
INFO: [ app_init ] --START--
INFO: Run Behavior\BuildLiteBehavior [ RunTime:0.000000s ]
INFO: [ app_init ] --END-- [ RunTime:0.002000s ]
ERR: 无法加载模块:Application

[ 2016-05-22T19:17:02+08:00 ] ::1 /ProJ/ccblog/Application/Public/Home/Images/overlay.png
INFO: [ app_init ] --START--
INFO: Run Behavior\BuildLiteBehavior [ RunTime:0.000000s ]
INFO: [ app_init ] --END-- [ RunTime:0.002000s ]
ERR: 无法加载模块:Application

[ 2016-05-22T19:17:02+08:00 ] ::1 /ProJ/ccblog/Application/Public/Home/css/%7B$Think.const.FONTS_URL%7Dfontawesome-webfont.ttf?v=4.2.0
INFO: [ app_init ] --START--
INFO: Run Behavior\BuildLiteBehavior [ RunTime:0.000000s ]
INFO: [ app_init ] --END-- [ RunTime:0.001000s ]
ERR: 无法加载模块:Application

[ 2016-05-22T19:18:03+08:00 ] ::1 /ProJ/ccblog/Application/Public/Home/css/%7B$Think.const.FONTS_URL%7Dfontawesome-webfont.woff?v=4.2.0
INFO: [ app_init ] --START--
INFO: Run Behavior\BuildLiteBehavior [ RunTime:0.000000s ]
INFO: [ app_init ] --END-- [ RunTime:0.003000s ]
ERR: 无法加载模块:Application

[ 2016-05-22T19:18:03+08:00 ] ::1 /ProJ/ccblog/Application/Public/Home/Images/overlay.png
INFO: [ app_init ] --START--
INFO: Run Behavior\BuildLiteBehavior [ RunTime:0.000000s ]
INFO: [ app_init ] --END-- [ RunTime:0.001000s ]
ERR: 无法加载模块:Application

[ 2016-05-22T19:18:04+08:00 ] ::1 /ProJ/ccblog/Application/Public/Home/css/%7B$Think.const.FONTS_URL%7Dfontawesome-webfont.ttf?v=4.2.0
INFO: [ app_init ] --START--
INFO: Run Behavior\BuildLiteBehavior [ RunTime:0.000000s ]
INFO: [ app_init ] --END-- [ RunTime:0.002000s ]
ERR: 无法加载模块:Application

[ 2016-05-22T20:28:59+08:00 ] ::1 /ProJ/ccblog/Application/Public/Home/css/%7B$Think.const.FONTS_URL%7Dfontawesome-webfont.woff?v=4.2.0
INFO: [ app_init ] --START--
INFO: Run Behavior\BuildLiteBehavior [ RunTime:0.000000s ]
INFO: [ app_init ] --END-- [ RunTime:0.002000s ]
ERR: 无法加载模块:Application

[ 2016-05-22T20:29:00+08:00 ] ::1 /ProJ/ccblog/Application/Public/Home/Images/overlay.png
INFO: [ app_init ] --START--
INFO: Run Behavior\BuildLiteBehavior [ RunTime:0.000000s ]
INFO: [ app_init ] --END-- [ RunTime:0.002000s ]
ERR: 无法加载模块:Application

[ 2016-05-22T20:29:00+08:00 ] ::1 /ProJ/ccblog/Application/Public/Home/css/%7B$Think.const.FONTS_URL%7Dfontawesome-webfont.ttf?v=4.2.0
INFO: [ app_init ] --START--
INFO: Run Behavior\BuildLiteBehavior [ RunTime:0.000000s ]
INFO: [ app_init ] --END-- [ RunTime:0.001000s ]
ERR: 无法加载模块:Application

[ 2016-05-22T20:33:58+08:00 ] ::1 /ProJ/ccblog/Application/Public/Home/css/%7B$Think.const.FONTS_URL%7Dfontawesome-webfont.woff?v=4.2.0
INFO: [ app_init ] --START--
INFO: Run Behavior\BuildLiteBehavior [ RunTime:0.000000s ]
INFO: [ app_init ] --END-- [ RunTime:0.001000s ]
ERR: 无法加载模块:Application

[ 2016-05-22T20:33:58+08:00 ] ::1 /ProJ/ccblog/Application/Public/Home/Images/overlay.png
INFO: [ app_init ] --START--
INFO: Run Behavior\BuildLiteBehavior [ RunTime:0.000000s ]
INFO: [ app_init ] --END-- [ RunTime:0.002001s ]
ERR: 无法加载模块:Application

[ 2016-05-22T20:33:58+08:00 ] ::1 /ProJ/ccblog/Application/Public/Home/css/%7B$Think.const.FONTS_URL%7Dfontawesome-webfont.ttf?v=4.2.0
INFO: [ app_init ] --START--
INFO: Run Behavior\BuildLiteBehavior [ RunTime:0.000000s ]
INFO: [ app_init ] --END-- [ RunTime:0.002000s ]
ERR: 无法加载模块:Application

[ 2016-05-22T20:35:01+08:00 ] ::1 /ProJ/ccblog/Application/Public/Home/css/%7B$Think.const.FONTS_URL%7Dfontawesome-webfont.woff?v=4.2.0
INFO: [ app_init ] --START--
INFO: Run Behavior\BuildLiteBehavior [ RunTime:0.001000s ]
INFO: [ app_init ] --END-- [ RunTime:0.002001s ]
ERR: 无法加载模块:Application

[ 2016-05-22T20:35:01+08:00 ] ::1 /ProJ/ccblog/Application/Public/Home/Images/overlay.png
INFO: [ app_init ] --START--
INFO: Run Behavior\BuildLiteBehavior [ RunTime:0.000000s ]
INFO: [ app_init ] --END-- [ RunTime:0.002000s ]
ERR: 无法加载模块:Application

[ 2016-05-22T20:35:01+08:00 ] ::1 /ProJ/ccblog/Application/Public/Home/css/%7B$Think.const.FONTS_URL%7Dfontawesome-webfont.ttf?v=4.2.0
INFO: [ app_init ] --START--
INFO: Run Behavior\BuildLiteBehavior [ RunTime:0.001000s ]
INFO: [ app_init ] --END-- [ RunTime:0.002000s ]
ERR: 无法加载模块:Application

[ 2016-05-22T20:36:13+08:00 ] ::1 /ProJ/ccblog/Application/Public/Home/css/%7B$Think.const.FONTS_URL%7Dfontawesome-webfont.woff?v=4.2.0
INFO: [ app_init ] --START--
INFO: Run Behavior\BuildLiteBehavior [ RunTime:0.000000s ]
INFO: [ app_init ] --END-- [ RunTime:0.002000s ]
ERR: 无法加载模块:Application

[ 2016-05-22T20:36:13+08:00 ] ::1 /ProJ/ccblog/Application/Public/Home/Images/overlay.png
INFO: [ app_init ] --START--
INFO: Run Behavior\BuildLiteBehavior [ RunTime:0.000000s ]
INFO: [ app_init ] --END-- [ RunTime:0.003000s ]
ERR: 无法加载模块:Application

[ 2016-05-22T20:36:13+08:00 ] ::1 /ProJ/ccblog/Application/Public/Home/css/%7B$Think.const.FONTS_URL%7Dfontawesome-webfont.ttf?v=4.2.0
INFO: [ app_init ] --START--
INFO: Run Behavior\BuildLiteBehavior [ RunTime:0.000000s ]
INFO: [ app_init ] --END-- [ RunTime:0.001000s ]
ERR: 无法加载模块:Application

[ 2016-05-22T20:36:19+08:00 ] ::1 /ProJ/ccblog/Application/Public/Home/css/%7B$Think.const.FONTS_URL%7Dfontawesome-webfont.woff?v=4.2.0
INFO: [ app_init ] --START--
INFO: Run Behavior\BuildLiteBehavior [ RunTime:0.000000s ]
INFO: [ app_init ] --END-- [ RunTime:0.001000s ]
ERR: 无法加载模块:Application

[ 2016-05-22T20:36:20+08:00 ] ::1 /ProJ/ccblog/Application/Public/Home/Images/overlay.png
INFO: [ app_init ] --START--
INFO: Run Behavior\BuildLiteBehavior [ RunTime:0.000000s ]
INFO: [ app_init ] --END-- [ RunTime:0.001000s ]
ERR: 无法加载模块:Application

[ 2016-05-22T20:36:20+08:00 ] ::1 /ProJ/ccblog/Application/Public/Home/css/%7B$Think.const.FONTS_URL%7Dfontawesome-webfont.ttf?v=4.2.0
INFO: [ app_init ] --START--
INFO: Run Behavior\BuildLiteBehavior [ RunTime:0.000000s ]
INFO: [ app_init ] --END-- [ RunTime:0.002000s ]
ERR: 无法加载模块:Application

[ 2016-05-22T20:39:46+08:00 ] ::1 /ProJ/ccblog/Application/Public/Home/css/%7B$Think.const.FONTS_URL%7Dfontawesome-webfont.woff?v=4.2.0
INFO: [ app_init ] --START--
INFO: Run Behavior\BuildLiteBehavior [ RunTime:0.000000s ]
INFO: [ app_init ] --END-- [ RunTime:0.001001s ]
ERR: 无法加载模块:Application

[ 2016-05-22T20:39:46+08:00 ] ::1 /ProJ/ccblog/Application/Public/Home/Images/overlay.png
INFO: [ app_init ] --START--
INFO: Run Behavior\BuildLiteBehavior [ RunTime:0.000000s ]
INFO: [ app_init ] --END-- [ RunTime:0.002000s ]
ERR: 无法加载模块:Application

[ 2016-05-22T20:39:46+08:00 ] ::1 /ProJ/ccblog/Application/Public/Home/css/%7B$Think.const.FONTS_URL%7Dfontawesome-webfont.ttf?v=4.2.0
INFO: [ app_init ] --START--
INFO: Run Behavior\BuildLiteBehavior [ RunTime:0.000000s ]
INFO: [ app_init ] --END-- [ RunTime:0.002000s ]
ERR: 无法加载模块:Application

[ 2016-05-22T20:39:50+08:00 ] ::1 /ProJ/ccblog/Application/Public/Home/Images/overlay.png
INFO: [ app_init ] --START--
INFO: Run Behavior\BuildLiteBehavior [ RunTime:0.000000s ]
INFO: [ app_init ] --END-- [ RunTime:0.002000s ]
ERR: 无法加载模块:Application

[ 2016-05-22T20:39:50+08:00 ] ::1 /ProJ/ccblog/Application/Public/Home/css/%7B$Think.const.FONTS_URL%7Dfontawesome-webfont.woff?v=4.2.0
INFO: [ app_init ] --START--
INFO: Run Behavior\BuildLiteBehavior [ RunTime:0.000000s ]
INFO: [ app_init ] --END-- [ RunTime:0.001000s ]
ERR: 无法加载模块:Application

[ 2016-05-22T20:39:50+08:00 ] ::1 /ProJ/ccblog/Application/Public/Home/css/%7B$Think.const.FONTS_URL%7Dfontawesome-webfont.ttf?v=4.2.0
INFO: [ app_init ] --START--
INFO: Run Behavior\BuildLiteBehavior [ RunTime:0.000000s ]
INFO: [ app_init ] --END-- [ RunTime:0.001000s ]
ERR: 无法加载模块:Application

[ 2016-05-22T21:11:44+08:00 ] ::1 /ProJ/ccblog/Application/Public/Home/css/%7B$Think.const.FONTS_URL%7Dfontawesome-webfont.woff?v=4.2.0
INFO: [ app_init ] --START--
INFO: Run Behavior\BuildLiteBehavior [ RunTime:0.000000s ]
INFO: [ app_init ] --END-- [ RunTime:0.002000s ]
ERR: 无法加载模块:Application

[ 2016-05-22T21:11:44+08:00 ] ::1 /ProJ/ccblog/Application/Public/Home/css/%7B$Think.const.FONTS_URL%7Dfontawesome-webfont.ttf?v=4.2.0
INFO: [ app_init ] --START--
INFO: Run Behavior\BuildLiteBehavior [ RunTime:0.000000s ]
INFO: [ app_init ] --END-- [ RunTime:0.002000s ]
ERR: 无法加载模块:Application

[ 2016-05-22T21:11:44+08:00 ] ::1 /ProJ/ccblog/Application/Public/Home/Images/overlay.png
INFO: [ app_init ] --START--
INFO: Run Behavior\BuildLiteBehavior [ RunTime:0.000000s ]
INFO: [ app_init ] --END-- [ RunTime:0.002000s ]
ERR: 无法加载模块:Application

[ 2016-05-22T21:16:42+08:00 ] ::1 /ProJ/ccblog/Application/Public/Home/css/%7B$Think.const.FONTS_URL%7Dfontawesome-webfont.woff?v=4.2.0
INFO: [ app_init ] --START--
INFO: Run Behavior\BuildLiteBehavior [ RunTime:0.000000s ]
INFO: [ app_init ] --END-- [ RunTime:0.002000s ]
ERR: 无法加载模块:Application

[ 2016-05-22T21:16:42+08:00 ] ::1 /ProJ/ccblog/Application/Public/Home/Images/overlay.png
INFO: [ app_init ] --START--
INFO: Run Behavior\BuildLiteBehavior [ RunTime:0.000000s ]
INFO: [ app_init ] --END-- [ RunTime:0.002000s ]
ERR: 无法加载模块:Application

[ 2016-05-22T21:16:42+08:00 ] ::1 /ProJ/ccblog/Application/Public/Home/css/%7B$Think.const.FONTS_URL%7Dfontawesome-webfont.ttf?v=4.2.0
INFO: [ app_init ] --START--
INFO: Run Behavior\BuildLiteBehavior [ RunTime:0.001000s ]
INFO: [ app_init ] --END-- [ RunTime:0.003000s ]
ERR: 无法加载模块:Application

[ 2016-05-22T21:17:46+08:00 ] ::1 /ProJ/ccblog/Application/Public/Home/css/%7B$Think.const.FONTS_URL%7Dfontawesome-webfont.woff?v=4.2.0
INFO: [ app_init ] --START--
INFO: Run Behavior\BuildLiteBehavior [ RunTime:0.000000s ]
INFO: [ app_init ] --END-- [ RunTime:0.003000s ]
ERR: 无法加载模块:Application

[ 2016-05-22T21:17:46+08:00 ] ::1 /ProJ/ccblog/Application/Public/Home/Images/overlay.png
INFO: [ app_init ] --START--
INFO: Run Behavior\BuildLiteBehavior [ RunTime:0.000000s ]
INFO: [ app_init ] --END-- [ RunTime:0.002000s ]
ERR: 无法加载模块:Application

[ 2016-05-22T21:17:46+08:00 ] ::1 /ProJ/ccblog/Application/Public/Home/css/%7B$Think.const.FONTS_URL%7Dfontawesome-webfont.ttf?v=4.2.0
INFO: [ app_init ] --START--
INFO: Run Behavior\BuildLiteBehavior [ RunTime:0.000000s ]
INFO: [ app_init ] --END-- [ RunTime:0.001000s ]
ERR: 无法加载模块:Application

[ 2016-05-22T21:17:52+08:00 ] ::1 /ProJ/ccblog/Application/Public/Home/css/%7B$Think.const.FONTS_URL%7Dfontawesome-webfont.woff?v=4.2.0
INFO: [ app_init ] --START--
INFO: Run Behavior\BuildLiteBehavior [ RunTime:0.000000s ]
INFO: [ app_init ] --END-- [ RunTime:0.002000s ]
ERR: 无法加载模块:Application

[ 2016-05-22T21:17:52+08:00 ] ::1 /ProJ/ccblog/Application/Public/Home/Images/overlay.png
INFO: [ app_init ] --START--
INFO: Run Behavior\BuildLiteBehavior [ RunTime:0.000000s ]
INFO: [ app_init ] --END-- [ RunTime:0.002000s ]
ERR: 无法加载模块:Application

[ 2016-05-22T21:17:53+08:00 ] ::1 /ProJ/ccblog/Application/Public/Home/css/%7B$Think.const.FONTS_URL%7Dfontawesome-webfont.ttf?v=4.2.0
INFO: [ app_init ] --START--
INFO: Run Behavior\BuildLiteBehavior [ RunTime:0.000000s ]
INFO: [ app_init ] --END-- [ RunTime:0.003000s ]
ERR: 无法加载模块:Application

[ 2016-05-22T21:24:56+08:00 ] ::1 /ProJ/ccblog/Application/Public/Home/css/%7B$Think.const.FONTS_URL%7Dfontawesome-webfont.woff?v=4.2.0
INFO: [ app_init ] --START--
INFO: Run Behavior\BuildLiteBehavior [ RunTime:0.000000s ]
INFO: [ app_init ] --END-- [ RunTime:0.002000s ]
ERR: 无法加载模块:Application

[ 2016-05-22T21:24:56+08:00 ] ::1 /ProJ/ccblog/Application/Public/Home/Images/overlay.png
INFO: [ app_init ] --START--
INFO: Run Behavior\BuildLiteBehavior [ RunTime:0.000000s ]
INFO: [ app_init ] --END-- [ RunTime:0.002000s ]
ERR: 无法加载模块:Application

[ 2016-05-22T21:24:56+08:00 ] ::1 /ProJ/ccblog/Application/Public/Home/css/%7B$Think.const.FONTS_URL%7Dfontawesome-webfont.ttf?v=4.2.0
INFO: [ app_init ] --START--
INFO: Run Behavior\BuildLiteBehavior [ RunTime:0.003000s ]
INFO: [ app_init ] --END-- [ RunTime:0.005000s ]
ERR: 无法加载模块:Application

[ 2016-05-22T21:25:07+08:00 ] ::1 /ProJ/ccblog/Application/Public/Home/css/%7B$Think.const.FONTS_URL%7Dfontawesome-webfont.woff?v=4.2.0
INFO: [ app_init ] --START--
INFO: Run Behavior\BuildLiteBehavior [ RunTime:0.000000s ]
INFO: [ app_init ] --END-- [ RunTime:0.001000s ]
ERR: 无法加载模块:Application

[ 2016-05-22T21:25:07+08:00 ] ::1 /ProJ/ccblog/Application/Public/Home/Images/overlay.png
INFO: [ app_init ] --START--
INFO: Run Behavior\BuildLiteBehavior [ RunTime:0.000000s ]
INFO: [ app_init ] --END-- [ RunTime:0.002000s ]
ERR: 无法加载模块:Application

[ 2016-05-22T21:25:07+08:00 ] ::1 /ProJ/ccblog/Application/Public/Home/css/%7B$Think.const.FONTS_URL%7Dfontawesome-webfont.ttf?v=4.2.0
INFO: [ app_init ] --START--
INFO: Run Behavior\BuildLiteBehavior [ RunTime:0.000000s ]
INFO: [ app_init ] --END-- [ RunTime:0.005001s ]
ERR: 无法加载模块:Application

[ 2016-05-22T21:32:14+08:00 ] ::1 /ProJ/ccblog/Application/Public/Home/css/%7B$Think.const.FONTS_URL%7Dfontawesome-webfont.woff?v=4.2.0
INFO: [ app_init ] --START--
INFO: Run Behavior\BuildLiteBehavior [ RunTime:0.000000s ]
INFO: [ app_init ] --END-- [ RunTime:0.004000s ]
ERR: 无法加载模块:Application

[ 2016-05-22T21:32:15+08:00 ] ::1 /ProJ/ccblog/Application/Public/Home/Images/overlay.png
INFO: [ app_init ] --START--
INFO: Run Behavior\BuildLiteBehavior [ RunTime:0.000000s ]
INFO: [ app_init ] --END-- [ RunTime:0.005000s ]
ERR: 无法加载模块:Application

[ 2016-05-22T21:32:15+08:00 ] ::1 /ProJ/ccblog/Application/Public/Home/css/%7B$Think.const.FONTS_URL%7Dfontawesome-webfont.ttf?v=4.2.0
INFO: [ app_init ] --START--
INFO: Run Behavior\BuildLiteBehavior [ RunTime:0.001000s ]
INFO: [ app_init ] --END-- [ RunTime:0.002000s ]
ERR: 无法加载模块:Application

[ 2016-05-22T21:45:23+08:00 ] ::1 /ProJ/ccblog/Application/Public/Home/css/%7B$Think.const.FONTS_URL%7Dfontawesome-webfont.woff?v=4.2.0
INFO: [ app_init ] --START--
INFO: Run Behavior\BuildLiteBehavior [ RunTime:0.000000s ]
INFO: [ app_init ] --END-- [ RunTime:0.002001s ]
ERR: 无法加载模块:Application

[ 2016-05-22T21:45:23+08:00 ] ::1 /ProJ/ccblog/Application/Public/Home/Images/overlay.png
INFO: [ app_init ] --START--
INFO: Run Behavior\BuildLiteBehavior [ RunTime:0.000000s ]
INFO: [ app_init ] --END-- [ RunTime:0.001000s ]
ERR: 无法加载模块:Application

[ 2016-05-22T21:45:23+08:00 ] ::1 /ProJ/ccblog/Application/Public/Home/css/%7B$Think.const.FONTS_URL%7Dfontawesome-webfont.ttf?v=4.2.0
INFO: [ app_init ] --START--
INFO: Run Behavior\BuildLiteBehavior [ RunTime:0.000000s ]
INFO: [ app_init ] --END-- [ RunTime:0.002000s ]
ERR: 无法加载模块:Application

[ 2016-05-22T21:47:37+08:00 ] ::1 /ProJ/ccblog/Application/Public/Home/css/%7B$Think.const.FONTS_URL%7Dfontawesome-webfont.woff?v=4.2.0
INFO: [ app_init ] --START--
INFO: Run Behavior\BuildLiteBehavior [ RunTime:0.000000s ]
INFO: [ app_init ] --END-- [ RunTime:0.001000s ]
ERR: 无法加载模块:Application

[ 2016-05-22T21:47:38+08:00 ] ::1 /ProJ/ccblog/Application/Public/Home/Images/overlay.png
INFO: [ app_init ] --START--
INFO: Run Behavior\BuildLiteBehavior [ RunTime:0.000000s ]
INFO: [ app_init ] --END-- [ RunTime:0.002000s ]
ERR: 无法加载模块:Application

[ 2016-05-22T21:47:38+08:00 ] ::1 /ProJ/ccblog/Application/Public/Home/css/%7B$Think.const.FONTS_URL%7Dfontawesome-webfont.ttf?v=4.2.0
INFO: [ app_init ] --START--
INFO: Run Behavior\BuildLiteBehavior [ RunTime:0.000000s ]
INFO: [ app_init ] --END-- [ RunTime:0.002001s ]
ERR: 无法加载模块:Application

[ 2016-05-22T21:47:55+08:00 ] ::1 /ProJ/ccblog/Application/Public/Home/css/%7B$Think.const.FONTS_URL%7Dfontawesome-webfont.woff?v=4.2.0
INFO: [ app_init ] --START--
INFO: Run Behavior\BuildLiteBehavior [ RunTime:0.000000s ]
INFO: [ app_init ] --END-- [ RunTime:0.002000s ]
ERR: 无法加载模块:Application

[ 2016-05-22T21:47:55+08:00 ] ::1 /ProJ/ccblog/Application/Public/Home/Images/overlay.png
INFO: [ app_init ] --START--
INFO: Run Behavior\BuildLiteBehavior [ RunTime:0.000000s ]
INFO: [ app_init ] --END-- [ RunTime:0.002000s ]
ERR: 无法加载模块:Application

[ 2016-05-22T21:47:55+08:00 ] ::1 /ProJ/ccblog/Application/Public/Home/css/%7B$Think.const.FONTS_URL%7Dfontawesome-webfont.ttf?v=4.2.0
INFO: [ app_init ] --START--
INFO: Run Behavior\BuildLiteBehavior [ RunTime:0.000000s ]
INFO: [ app_init ] --END-- [ RunTime:0.002000s ]
ERR: 无法加载模块:Application

[ 2016-05-22T21:49:45+08:00 ] ::1 /ProJ/ccblog/Application/Public/Home/css/%7B$Think.const.FONTS_URL%7Dfontawesome-webfont.woff?v=4.2.0
INFO: [ app_init ] --START--
INFO: Run Behavior\BuildLiteBehavior [ RunTime:0.000000s ]
INFO: [ app_init ] --END-- [ RunTime:0.001000s ]
ERR: 无法加载模块:Application

[ 2016-05-22T21:49:45+08:00 ] ::1 /ProJ/ccblog/Application/Public/Home/Images/overlay.png
INFO: [ app_init ] --START--
INFO: Run Behavior\BuildLiteBehavior [ RunTime:0.000000s ]
INFO: [ app_init ] --END-- [ RunTime:0.002000s ]
ERR: 无法加载模块:Application

[ 2016-05-22T21:49:46+08:00 ] ::1 /ProJ/ccblog/Application/Public/Home/css/%7B$Think.const.FONTS_URL%7Dfontawesome-webfont.ttf?v=4.2.0
INFO: [ app_init ] --START--
INFO: Run Behavior\BuildLiteBehavior [ RunTime:0.000000s ]
INFO: [ app_init ] --END-- [ RunTime:0.001000s ]
ERR: 无法加载模块:Application

[ 2016-05-22T21:49:48+08:00 ] ::1 /ProJ/ccblog/Application/Public/Home/css/%7B$Think.const.FONTS_URL%7Dfontawesome-webfont.woff?v=4.2.0
INFO: [ app_init ] --START--
INFO: Run Behavior\BuildLiteBehavior [ RunTime:0.000000s ]
INFO: [ app_init ] --END-- [ RunTime:0.001001s ]
ERR: 无法加载模块:Application

[ 2016-05-22T21:49:48+08:00 ] ::1 /ProJ/ccblog/Application/Public/Home/Images/overlay.png
INFO: [ app_init ] --START--
INFO: Run Behavior\BuildLiteBehavior [ RunTime:0.000000s ]
INFO: [ app_init ] --END-- [ RunTime:0.002000s ]
ERR: 无法加载模块:Application

[ 2016-05-22T21:49:48+08:00 ] ::1 /ProJ/ccblog/Application/Public/Home/css/%7B$Think.const.FONTS_URL%7Dfontawesome-webfont.ttf?v=4.2.0
INFO: [ app_init ] --START--
INFO: Run Behavior\BuildLiteBehavior [ RunTime:0.000000s ]
INFO: [ app_init ] --END-- [ RunTime:0.002000s ]
ERR: 无法加载模块:Application

[ 2016-05-22T21:56:01+08:00 ] ::1 /ProJ/ccblog/Application/Public/Home/css/%7B$Think.const.FONTS_URL%7Dfontawesome-webfont.woff?v=4.2.0
INFO: [ app_init ] --START--
INFO: Run Behavior\BuildLiteBehavior [ RunTime:0.000000s ]
INFO: [ app_init ] --END-- [ RunTime:0.002000s ]
ERR: 无法加载模块:Application

[ 2016-05-22T21:56:01+08:00 ] ::1 /ProJ/ccblog/Application/Public/Home/Images/overlay.png
INFO: [ app_init ] --START--
INFO: Run Behavior\BuildLiteBehavior [ RunTime:0.000000s ]
INFO: [ app_init ] --END-- [ RunTime:0.002000s ]
ERR: 无法加载模块:Application

[ 2016-05-22T21:56:01+08:00 ] ::1 /ProJ/ccblog/Application/Public/Home/css/%7B$Think.const.FONTS_URL%7Dfontawesome-webfont.ttf?v=4.2.0
INFO: [ app_init ] --START--
INFO: Run Behavior\BuildLiteBehavior [ RunTime:0.000000s ]
INFO: [ app_init ] --END-- [ RunTime:0.001000s ]
ERR: 无法加载模块:Application

[ 2016-05-22T21:56:04+08:00 ] ::1 /ProJ/ccblog/Application/Public/Home/css/%7B$Think.const.FONTS_URL%7Dfontawesome-webfont.woff?v=4.2.0
INFO: [ app_init ] --START--
INFO: Run Behavior\BuildLiteBehavior [ RunTime:0.000000s ]
INFO: [ app_init ] --END-- [ RunTime:0.002000s ]
ERR: 无法加载模块:Application

[ 2016-05-22T21:56:04+08:00 ] ::1 /ProJ/ccblog/Application/Public/Home/css/%7B$Think.const.FONTS_URL%7Dfontawesome-webfont.ttf?v=4.2.0
INFO: [ app_init ] --START--
INFO: Run Behavior\BuildLiteBehavior [ RunTime:0.000000s ]
INFO: [ app_init ] --END-- [ RunTime:0.001001s ]
ERR: 无法加载模块:Application

[ 2016-05-22T21:56:04+08:00 ] ::1 /ProJ/ccblog/Application/Public/Home/Images/overlay.png
INFO: [ app_init ] --START--
INFO: Run Behavior\BuildLiteBehavior [ RunTime:0.000000s ]
INFO: [ app_init ] --END-- [ RunTime:0.002000s ]
ERR: 无法加载模块:Application

[ 2016-05-22T21:56:08+08:00 ] ::1 /ProJ/ccblog/Application/Public/Home/css/%7B$Think.const.FONTS_URL%7Dfontawesome-webfont.woff?v=4.2.0
INFO: [ app_init ] --START--
INFO: Run Behavior\BuildLiteBehavior [ RunTime:0.000000s ]
INFO: [ app_init ] --END-- [ RunTime:0.001000s ]
ERR: 无法加载模块:Application

[ 2016-05-22T21:56:08+08:00 ] ::1 /ProJ/ccblog/Application/Public/Home/css/%7B$Think.const.FONTS_URL%7Dfontawesome-webfont.ttf?v=4.2.0
INFO: [ app_init ] --START--
INFO: Run Behavior\BuildLiteBehavior [ RunTime:0.000000s ]
INFO: [ app_init ] --END-- [ RunTime:0.002000s ]
ERR: 无法加载模块:Application

[ 2016-05-22T21:56:08+08:00 ] ::1 /ProJ/ccblog/Application/Public/Home/Images/overlay.png
INFO: [ app_init ] --START--
INFO: Run Behavior\BuildLiteBehavior [ RunTime:0.000000s ]
INFO: [ app_init ] --END-- [ RunTime:0.002000s ]
ERR: 无法加载模块:Application

[ 2016-05-22T21:56:13+08:00 ] ::1 /ProJ/ccblog/Application/Public/Home/css/%7B$Think.const.FONTS_URL%7Dfontawesome-webfont.woff?v=4.2.0
INFO: [ app_init ] --START--
INFO: Run Behavior\BuildLiteBehavior [ RunTime:0.000000s ]
INFO: [ app_init ] --END-- [ RunTime:0.001000s ]
ERR: 无法加载模块:Application

[ 2016-05-22T21:56:13+08:00 ] ::1 /ProJ/ccblog/Application/Public/Home/Images/overlay.png
INFO: [ app_init ] --START--
INFO: Run Behavior\BuildLiteBehavior [ RunTime:0.000000s ]
INFO: [ app_init ] --END-- [ RunTime:0.002001s ]
ERR: 无法加载模块:Application

[ 2016-05-22T21:56:13+08:00 ] ::1 /ProJ/ccblog/Application/Public/Home/css/%7B$Think.const.FONTS_URL%7Dfontawesome-webfont.ttf?v=4.2.0
INFO: [ app_init ] --START--
INFO: Run Behavior\BuildLiteBehavior [ RunTime:0.000000s ]
INFO: [ app_init ] --END-- [ RunTime:0.002000s ]
ERR: 无法加载模块:Application

[ 2016-05-22T21:58:29+08:00 ] ::1 /ProJ/ccblog/Application/Public/Home/css/%7B$Think.const.FONTS_URL%7Dfontawesome-webfont.woff?v=4.2.0
INFO: [ app_init ] --START--
INFO: Run Behavior\BuildLiteBehavior [ RunTime:0.000000s ]
INFO: [ app_init ] --END-- [ RunTime:0.001000s ]
ERR: 无法加载模块:Application

[ 2016-05-22T21:58:29+08:00 ] ::1 /ProJ/ccblog/Application/Public/Home/Images/overlay.png
INFO: [ app_init ] --START--
INFO: Run Behavior\BuildLiteBehavior [ RunTime:0.000000s ]
INFO: [ app_init ] --END-- [ RunTime:0.002000s ]
ERR: 无法加载模块:Application

[ 2016-05-22T21:58:29+08:00 ] ::1 /ProJ/ccblog/Application/Public/Home/css/%7B$Think.const.FONTS_URL%7Dfontawesome-webfont.ttf?v=4.2.0
INFO: [ app_init ] --START--
INFO: Run Behavior\BuildLiteBehavior [ RunTime:0.000000s ]
INFO: [ app_init ] --END-- [ RunTime:0.002000s ]
ERR: 无法加载模块:Application

[ 2016-05-22T21:58:31+08:00 ] ::1 /ProJ/ccblog/Application/Public/Home/css/%7B$Think.const.FONTS_URL%7Dfontawesome-webfont.woff?v=4.2.0
INFO: [ app_init ] --START--
INFO: Run Behavior\BuildLiteBehavior [ RunTime:0.000000s ]
INFO: [ app_init ] --END-- [ RunTime:0.002001s ]
ERR: 无法加载模块:Application

[ 2016-05-22T21:58:31+08:00 ] ::1 /ProJ/ccblog/Application/Public/Home/Images/overlay.png
INFO: [ app_init ] --START--
INFO: Run Behavior\BuildLiteBehavior [ RunTime:0.000000s ]
INFO: [ app_init ] --END-- [ RunTime:0.002000s ]
ERR: 无法加载模块:Application

[ 2016-05-22T21:58:31+08:00 ] ::1 /ProJ/ccblog/Application/Public/Home/css/%7B$Think.const.FONTS_URL%7Dfontawesome-webfont.ttf?v=4.2.0
INFO: [ app_init ] --START--
INFO: Run Behavior\BuildLiteBehavior [ RunTime:0.000000s ]
INFO: [ app_init ] --END-- [ RunTime:0.001001s ]
ERR: 无法加载模块:Application

[ 2016-05-22T21:58:34+08:00 ] ::1 /ProJ/ccblog/Application/Public/Home/css/%7B$Think.const.FONTS_URL%7Dfontawesome-webfont.woff?v=4.2.0
INFO: [ app_init ] --START--
INFO: Run Behavior\BuildLiteBehavior [ RunTime:0.000000s ]
INFO: [ app_init ] --END-- [ RunTime:0.001000s ]
ERR: 无法加载模块:Application

[ 2016-05-22T21:58:35+08:00 ] ::1 /ProJ/ccblog/Application/Public/Home/Images/overlay.png
INFO: [ app_init ] --START--
INFO: Run Behavior\BuildLiteBehavior [ RunTime:0.000000s ]
INFO: [ app_init ] --END-- [ RunTime:0.002000s ]
ERR: 无法加载模块:Application

[ 2016-05-22T21:58:35+08:00 ] ::1 /ProJ/ccblog/Application/Public/Home/css/%7B$Think.const.FONTS_URL%7Dfontawesome-webfont.ttf?v=4.2.0
INFO: [ app_init ] --START--
INFO: Run Behavior\BuildLiteBehavior [ RunTime:0.000000s ]
INFO: [ app_init ] --END-- [ RunTime:0.001001s ]
ERR: 无法加载模块:Application

[ 2016-05-22T21:58:55+08:00 ] ::1 /ProJ/ccblog/Application/Public/Home/css/%7B$Think.const.FONTS_URL%7Dfontawesome-webfont.woff?v=4.2.0
INFO: [ app_init ] --START--
INFO: Run Behavior\BuildLiteBehavior [ RunTime:0.000000s ]
INFO: [ app_init ] --END-- [ RunTime:0.001000s ]
ERR: 无法加载模块:Application

[ 2016-05-22T21:58:55+08:00 ] ::1 /ProJ/ccblog/Application/Public/Home/Images/overlay.png
INFO: [ app_init ] --START--
INFO: Run Behavior\BuildLiteBehavior [ RunTime:0.000000s ]
INFO: [ app_init ] --END-- [ RunTime:0.002000s ]
ERR: 无法加载模块:Application

[ 2016-05-22T21:58:55+08:00 ] ::1 /ProJ/ccblog/Application/Public/Home/css/%7B$Think.const.FONTS_URL%7Dfontawesome-webfont.ttf?v=4.2.0
INFO: [ app_init ] --START--
INFO: Run Behavior\BuildLiteBehavior [ RunTime:0.000000s ]
INFO: [ app_init ] --END-- [ RunTime:0.005001s ]
ERR: 无法加载模块:Application

[ 2016-05-22T22:00:41+08:00 ] ::1 /ProJ/ccblog/Application/Public/Home/css/%7B$Think.const.FONTS_URL%7Dfontawesome-webfont.woff?v=4.2.0
INFO: [ app_init ] --START--
INFO: Run Behavior\BuildLiteBehavior [ RunTime:0.001000s ]
INFO: [ app_init ] --END-- [ RunTime:0.006000s ]
ERR: 无法加载模块:Application

[ 2016-05-22T22:00:41+08:00 ] ::1 /ProJ/ccblog/Application/Public/Home/Images/overlay.png
INFO: [ app_init ] --START--
INFO: Run Behavior\BuildLiteBehavior [ RunTime:0.000000s ]
INFO: [ app_init ] --END-- [ RunTime:0.002000s ]
ERR: 无法加载模块:Application

[ 2016-05-22T22:00:41+08:00 ] ::1 /ProJ/ccblog/Application/Public/Home/css/%7B$Think.const.FONTS_URL%7Dfontawesome-webfont.ttf?v=4.2.0
INFO: [ app_init ] --START--
INFO: Run Behavior\BuildLiteBehavior [ RunTime:0.000000s ]
INFO: [ app_init ] --END-- [ RunTime:0.002000s ]
ERR: 无法加载模块:Application

[ 2016-05-22T22:00:45+08:00 ] ::1 /ProJ/ccblog/Application/Public/Home/css/%7B$Think.const.FONTS_URL%7Dfontawesome-webfont.woff?v=4.2.0
INFO: [ app_init ] --START--
INFO: Run Behavior\BuildLiteBehavior [ RunTime:0.000000s ]
INFO: [ app_init ] --END-- [ RunTime:0.004000s ]
ERR: 无法加载模块:Application

[ 2016-05-22T22:00:45+08:00 ] ::1 /ProJ/ccblog/Application/Public/Home/Images/overlay.png
INFO: [ app_init ] --START--
INFO: Run Behavior\BuildLiteBehavior [ RunTime:0.000000s ]
INFO: [ app_init ] --END-- [ RunTime:0.001000s ]
ERR: 无法加载模块:Application

[ 2016-05-22T22:00:45+08:00 ] ::1 /ProJ/ccblog/Application/Public/Home/css/%7B$Think.const.FONTS_URL%7Dfontawesome-webfont.ttf?v=4.2.0
INFO: [ app_init ] --START--
INFO: Run Behavior\BuildLiteBehavior [ RunTime:0.000000s ]
INFO: [ app_init ] --END-- [ RunTime:0.001000s ]
ERR: 无法加载模块:Application

[ 2016-05-22T22:02:34+08:00 ] ::1 /ProJ/ccblog/Application/Public/Home/css/%7B$Think.const.FONTS_URL%7Dfontawesome-webfont.woff?v=4.2.0
INFO: [ app_init ] --START--
INFO: Run Behavior\BuildLiteBehavior [ RunTime:0.001000s ]
INFO: [ app_init ] --END-- [ RunTime:0.003000s ]
ERR: 无法加载模块:Application

[ 2016-05-22T22:02:34+08:00 ] ::1 /ProJ/ccblog/Application/Public/Home/Images/overlay.png
INFO: [ app_init ] --START--
INFO: Run Behavior\BuildLiteBehavior [ RunTime:0.000000s ]
INFO: [ app_init ] --END-- [ RunTime:0.001000s ]
ERR: 无法加载模块:Application

[ 2016-05-22T22:02:34+08:00 ] ::1 /ProJ/ccblog/Application/Public/Home/css/%7B$Think.const.FONTS_URL%7Dfontawesome-webfont.ttf?v=4.2.0
INFO: [ app_init ] --START--
INFO: Run Behavior\BuildLiteBehavior [ RunTime:0.000000s ]
INFO: [ app_init ] --END-- [ RunTime:0.001000s ]
ERR: 无法加载模块:Application

[ 2016-05-22T22:02:36+08:00 ] ::1 /ProJ/ccblog/Application/Public/Home/css/%7B$Think.const.FONTS_URL%7Dfontawesome-webfont.woff?v=4.2.0
INFO: [ app_init ] --START--
INFO: Run Behavior\BuildLiteBehavior [ RunTime:0.000000s ]
INFO: [ app_init ] --END-- [ RunTime:0.005000s ]
ERR: 无法加载模块:Application

[ 2016-05-22T22:02:36+08:00 ] ::1 /ProJ/ccblog/Application/Public/Home/Images/overlay.png
INFO: [ app_init ] --START--
INFO: Run Behavior\BuildLiteBehavior [ RunTime:0.000000s ]
INFO: [ app_init ] --END-- [ RunTime:0.001000s ]
ERR: 无法加载模块:Application

[ 2016-05-22T22:02:36+08:00 ] ::1 /ProJ/ccblog/Application/Public/Home/css/%7B$Think.const.FONTS_URL%7Dfontawesome-webfont.ttf?v=4.2.0
INFO: [ app_init ] --START--
INFO: Run Behavior\BuildLiteBehavior [ RunTime:0.000000s ]
INFO: [ app_init ] --END-- [ RunTime:0.002000s ]
ERR: 无法加载模块:Application

[ 2016-05-22T22:04:38+08:00 ] ::1 /ProJ/ccblog/Application/Public/Home/css/%7B$Think.const.FONTS_URL%7Dfontawesome-webfont.woff?v=4.2.0
INFO: [ app_init ] --START--
INFO: Run Behavior\BuildLiteBehavior [ RunTime:0.000000s ]
INFO: [ app_init ] --END-- [ RunTime:0.001000s ]
ERR: 无法加载模块:Application

[ 2016-05-22T22:04:38+08:00 ] ::1 /ProJ/ccblog/Application/Public/Home/Images/overlay.png
INFO: [ app_init ] --START--
INFO: Run Behavior\BuildLiteBehavior [ RunTime:0.000000s ]
INFO: [ app_init ] --END-- [ RunTime:0.005000s ]
ERR: 无法加载模块:Application

[ 2016-05-22T22:04:38+08:00 ] ::1 /ProJ/ccblog/Application/Public/Home/css/%7B$Think.const.FONTS_URL%7Dfontawesome-webfont.ttf?v=4.2.0
INFO: [ app_init ] --START--
INFO: Run Behavior\BuildLiteBehavior [ RunTime:0.000000s ]
INFO: [ app_init ] --END-- [ RunTime:0.002000s ]
ERR: 无法加载模块:Application

[ 2016-05-22T22:06:51+08:00 ] ::1 /ProJ/ccblog/Application/Public/Home/css/%7B$Think.const.FONTS_URL%7Dfontawesome-webfont.woff?v=4.2.0
INFO: [ app_init ] --START--
INFO: Run Behavior\BuildLiteBehavior [ RunTime:0.000000s ]
INFO: [ app_init ] --END-- [ RunTime:0.002000s ]
ERR: 无法加载模块:Application

[ 2016-05-22T22:06:51+08:00 ] ::1 /ProJ/ccblog/Application/Public/Home/css/%7B$Think.const.FONTS_URL%7Dfontawesome-webfont.ttf?v=4.2.0
INFO: [ app_init ] --START--
INFO: Run Behavior\BuildLiteBehavior [ RunTime:0.000000s ]
INFO: [ app_init ] --END-- [ RunTime:0.002000s ]
ERR: 无法加载模块:Application

[ 2016-05-22T22:06:51+08:00 ] ::1 /ProJ/ccblog/Application/Public/Home/Images/overlay.png
INFO: [ app_init ] --START--
INFO: Run Behavior\BuildLiteBehavior [ RunTime:0.000000s ]
INFO: [ app_init ] --END-- [ RunTime:0.002000s ]
ERR: 无法加载模块:Application

[ 2016-05-22T22:06:55+08:00 ] ::1 /ProJ/ccblog/Application/Public/Home/css/%7B$Think.const.FONTS_URL%7Dfontawesome-webfont.woff?v=4.2.0
INFO: [ app_init ] --START--
INFO: Run Behavior\BuildLiteBehavior [ RunTime:0.000000s ]
INFO: [ app_init ] --END-- [ RunTime:0.002000s ]
ERR: 无法加载模块:Application

[ 2016-05-22T22:06:55+08:00 ] ::1 /ProJ/ccblog/Application/Public/Home/Images/overlay.png
INFO: [ app_init ] --START--
INFO: Run Behavior\BuildLiteBehavior [ RunTime:0.000000s ]
INFO: [ app_init ] --END-- [ RunTime:0.002000s ]
ERR: 无法加载模块:Application

[ 2016-05-22T22:06:55+08:00 ] ::1 /ProJ/ccblog/Application/Public/Home/css/%7B$Think.const.FONTS_URL%7Dfontawesome-webfont.ttf?v=4.2.0
INFO: [ app_init ] --START--
INFO: Run Behavior\BuildLiteBehavior [ RunTime:0.000000s ]
INFO: [ app_init ] --END-- [ RunTime:0.002000s ]
ERR: 无法加载模块:Application

[ 2016-05-22T22:06:57+08:00 ] ::1 /ProJ/ccblog/Application/Public/Home/css/%7B$Think.const.FONTS_URL%7Dfontawesome-webfont.woff?v=4.2.0
INFO: [ app_init ] --START--
INFO: Run Behavior\BuildLiteBehavior [ RunTime:0.001000s ]
INFO: [ app_init ] --END-- [ RunTime:0.002000s ]
ERR: 无法加载模块:Application

[ 2016-05-22T22:06:57+08:00 ] ::1 /ProJ/ccblog/Application/Public/Home/Images/overlay.png
INFO: [ app_init ] --START--
INFO: Run Behavior\BuildLiteBehavior [ RunTime:0.000000s ]
INFO: [ app_init ] --END-- [ RunTime:0.002000s ]
ERR: 无法加载模块:Application

[ 2016-05-22T22:06:57+08:00 ] ::1 /ProJ/ccblog/Application/Public/Home/css/%7B$Think.const.FONTS_URL%7Dfontawesome-webfont.ttf?v=4.2.0
INFO: [ app_init ] --START--
INFO: Run Behavior\BuildLiteBehavior [ RunTime:0.000000s ]
INFO: [ app_init ] --END-- [ RunTime:0.002000s ]
ERR: 无法加载模块:Application

[ 2016-05-22T23:48:30+08:00 ] ::1 /ProJ/ccblog/Application/Public/Home/css/%7B$Think.const.FONTS_URL%7Dfontawesome-webfont.woff?v=4.2.0
INFO: [ app_init ] --START--
INFO: Run Behavior\BuildLiteBehavior [ RunTime:0.000000s ]
INFO: [ app_init ] --END-- [ RunTime:0.000000s ]
ERR: 无法加载模块:Application

[ 2016-05-22T23:48:30+08:00 ] ::1 /ProJ/ccblog/Application/Public/Home/Images/overlay.png
INFO: [ app_init ] --START--
INFO: Run Behavior\BuildLiteBehavior [ RunTime:0.000000s ]
INFO: [ app_init ] --END-- [ RunTime:0.002500s ]
ERR: 无法加载模块:Application

[ 2016-05-22T23:48:30+08:00 ] ::1 /ProJ/ccblog/Application/Public/Home/css/%7B$Think.const.FONTS_URL%7Dfontawesome-webfont.ttf?v=4.2.0
INFO: [ app_init ] --START--
INFO: Run Behavior\BuildLiteBehavior [ RunTime:0.000000s ]
INFO: [ app_init ] --END-- [ RunTime:0.002500s ]
ERR: 无法加载模块:Application

[ 2016-05-22T23:49:26+08:00 ] ::1 /ProJ/ccblog/Application/Public/Home/css/%7B$Think.const.FONTS_URL%7Dfontawesome-webfont.woff?v=4.2.0
INFO: [ app_init ] --START--
INFO: Run Behavior\BuildLiteBehavior [ RunTime:0.000000s ]
INFO: [ app_init ] --END-- [ RunTime:0.002500s ]
ERR: 无法加载模块:Application

[ 2016-05-22T23:49:26+08:00 ] ::1 /ProJ/ccblog/Application/Public/Home/css/%7B$Think.const.FONTS_URL%7Dfontawesome-webfont.ttf?v=4.2.0
INFO: [ app_init ] --START--
INFO: Run Behavior\BuildLiteBehavior [ RunTime:0.000000s ]
INFO: [ app_init ] --END-- [ RunTime:0.002500s ]
ERR: 无法加载模块:Application

[ 2016-05-22T23:49:26+08:00 ] ::1 /ProJ/ccblog/Application/Public/Home/Images/overlay.png
INFO: [ app_init ] --START--
INFO: Run Behavior\BuildLiteBehavior [ RunTime:0.000000s ]
INFO: [ app_init ] --END-- [ RunTime:0.002500s ]
ERR: 无法加载模块:Application

[ 2016-05-22T23:57:17+08:00 ] ::1 /ProJ/ccblog/Application/Public/Home/css/%7B$Think.const.FONTS_URL%7Dfontawesome-webfont.woff?v=4.2.0
INFO: [ app_init ] --START--
INFO: Run Behavior\BuildLiteBehavior [ RunTime:0.000000s ]
INFO: [ app_init ] --END-- [ RunTime:0.000000s ]
ERR: 无法加载模块:Application

[ 2016-05-22T23:57:17+08:00 ] ::1 /ProJ/ccblog/Application/Public/Home/Images/overlay.png
INFO: [ app_init ] --START--
INFO: Run Behavior\BuildLiteBehavior [ RunTime:0.000000s ]
INFO: [ app_init ] --END-- [ RunTime:0.000000s ]
ERR: 无法加载模块:Application

[ 2016-05-22T23:57:17+08:00 ] ::1 /ProJ/ccblog/Application/Public/Home/css/%7B$Think.const.FONTS_URL%7Dfontawesome-webfont.ttf?v=4.2.0
INFO: [ app_init ] --START--
INFO: Run Behavior\BuildLiteBehavior [ RunTime:0.000000s ]
INFO: [ app_init ] --END-- [ RunTime:0.000000s ]
ERR: 无法加载模块:Application

[ 2016-05-22T23:57:41+08:00 ] ::1 /ProJ/ccblog/Application/Public/Home/Images/overlay.png
INFO: [ app_init ] --START--
INFO: Run Behavior\BuildLiteBehavior [ RunTime:0.000000s ]
INFO: [ app_init ] --END-- [ RunTime:0.002500s ]
ERR: 无法加载模块:Application

[ 2016-05-22T23:57:41+08:00 ] ::1 /ProJ/ccblog/Application/Public/Home/css/%7B$Think.const.FONTS_URL%7Dfontawesome-webfont.woff?v=4.2.0
INFO: [ app_init ] --START--
INFO: Run Behavior\BuildLiteBehavior [ RunTime:0.000000s ]
INFO: [ app_init ] --END-- [ RunTime:0.000000s ]
ERR: 无法加载模块:Application

[ 2016-05-22T23:57:41+08:00 ] ::1 /ProJ/ccblog/Application/Public/Home/css/%7B$Think.const.FONTS_URL%7Dfontawesome-webfont.ttf?v=4.2.0
INFO: [ app_init ] --START--
INFO: Run Behavior\BuildLiteBehavior [ RunTime:0.000000s ]
INFO: [ app_init ] --END-- [ RunTime:0.002500s ]
ERR: 无法加载模块:Application

